2024-02-17 13:07:02.013 INFO  (main) [c: s: r: x: t:] o.e.j.s.Server jetty-10.0.19; built: 2023-12-15T20:38:32.477Z; git: 8492d1c78f122bb30cce20aecfa07e7283facd47; jvm 17.0.7+7
2024-02-17 13:07:02.211 WARN  (main) [c: s: r: x: t:] o.e.j.u.DeprecationWarning Using @Deprecated Class org.eclipse.jetty.servlet.listener.ELContextCleaner
2024-02-17 13:07:02.221 INFO  (main) [c: s: r: x: t:] o.a.s.s.CoreContainerProvider Using logger factory org.apache.logging.slf4j.Log4jLoggerFactory
2024-02-17 13:07:02.224 INFO  (main) [c: s: r: x: t:] o.a.s.s.CoreContainerProvider  ___      _       Welcome to Apache Solr™ version 9.4.1
2024-02-17 13:07:02.224 INFO  (main) [c: s: r: x: t:] o.a.s.s.CoreContainerProvider / __| ___| |_ _   Starting in cloud mode on port 7574
2024-02-17 13:07:02.224 INFO  (main) [c: s: r: x: t:] o.a.s.s.CoreContainerProvider \__ \/ _ \ | '_|  Install dir: /Users/rezafitriaman/IdeaProjects/apache-solr-playground/solr-9.4.1
2024-02-17 13:07:02.224 INFO  (main) [c: s: r: x: t:] o.a.s.s.CoreContainerProvider |___/\___/_|_|    Start time: 2024-02-17T13:07:02.224168Z
2024-02-17 13:07:02.225 INFO  (main) [c: s: r: x: t:] o.a.s.s.CoreContainerProvider Solr started with "-XX:+CrashOnOutOfMemoryError" that will crash on any OutOfMemoryError exception. The cause of the OOME will be logged in the crash file at the following path: /Users/rezafitriaman/IdeaProjects/apache-solr-playground/solr-9.4.1/example/cloud/node2/solr/../logs/jvm_crash_63479.log
2024-02-17 13:07:02.233 INFO  (main) [c: s: r: x: t:] o.a.s.s.CoreContainerProvider Solr Home: /Users/rezafitriaman/IdeaProjects/apache-solr-playground/solr-9.4.1/example/cloud/node2/solr (source: system property: solr.solr.home)
2024-02-17 13:07:02.242 WARN  (main) [c: s: r: x: t:] o.a.s.c.c.SolrZkClient Using default ZkCredentialsInjector. ZkCredentialsInjector is not secure, it creates an empty list of credentials which leads to 'OPEN_ACL_UNSAFE' ACLs to Zookeeper nodes
2024-02-17 13:07:02.257 INFO  (main) [c: s: r: x: t:] o.a.s.c.c.ConnectionManager Waiting up to 30000ms for client to connect to ZooKeeper
2024-02-17 13:07:02.269 INFO  (zkConnectionManagerCallback-2-thread-1) [c: s: r: x: t:] o.a.s.c.c.ConnectionManager zkClient has connected
2024-02-17 13:07:02.270 INFO  (main) [c: s: r: x: t:] o.a.s.c.c.ConnectionManager Client is connected to ZooKeeper
2024-02-17 13:07:02.270 WARN  (main) [c: s: r: x: t:] o.a.s.c.c.SolrZkClient Using default ZkACLProvider. DefaultZkACLProvider is not secure, it creates 'OPEN_ACL_UNSAFE' ACLs to Zookeeper nodes
2024-02-17 13:07:02.383 INFO  (main) [c: s: r: x: t:] o.a.s.c.NodeConfig Loading solr.xml from SolrHome (not found in ZooKeeper)
2024-02-17 13:07:02.383 INFO  (main) [c: s: r: x: t:] o.a.s.c.SolrXmlConfig Loading solr.xml from /Users/rezafitriaman/IdeaProjects/apache-solr-playground/solr-9.4.1/example/cloud/node2/solr/solr.xml
2024-02-17 13:07:02.400 INFO  (main) [c: s: r: x: t:] o.a.s.c.SolrResourceLoader Added 1 libs to classloader, from paths: [/Users/rezafitriaman/IdeaProjects/apache-solr-playground/solr-9.4.1/lib]
2024-02-17 13:07:02.818 INFO  (main) [c: s: r: x: t:] o.a.s.u.t.SimplePropagator Always-on trace id generation enabled.
2024-02-17 13:07:02.924 WARN  (main) [c: s: r: x: t:] o.a.s.u.StartupLoggingUtils Jetty request logging enabled. Will retain logs for last 3 days. See chapter "Configuring Logging" in reference guide for how to configure.
2024-02-17 13:07:02.924 INFO  (main) [c: s: r: x: t:] o.a.s.c.ZkContainer Zookeeper client=127.0.0.1:9983
2024-02-17 13:07:02.928 INFO  (main) [c: s: r: x: t:] o.a.s.c.DistributedClusterStateUpdater Creating DistributedClusterStateUpdater with useDistributedStateUpdate=false. Solr will be using Overseer based cluster state updates.
2024-02-17 13:07:02.930 INFO  (main) [c: s: r: x: t:] o.a.s.c.c.ConnectionManager Waiting up to 15000ms for client to connect to ZooKeeper
2024-02-17 13:07:02.934 INFO  (zkConnectionManagerCallback-12-thread-1) [c: s: r: x: t:] o.a.s.c.c.ConnectionManager zkClient has connected
2024-02-17 13:07:02.934 INFO  (main) [c: s: r: x: t:] o.a.s.c.c.ConnectionManager Client is connected to ZooKeeper
2024-02-17 13:07:02.948 WARN  (main) [c: s: r: x: t:] o.a.s.c.ZkController Contents of zookeeper /security.json are world-readable; consider setting up ACLs as described in https://solr.apache.org/guide/solr/latest/deployment-guide/zookeeper-access-control.html
2024-02-17 13:07:02.952 INFO  (main) [c: s: r: x: t:] o.a.s.c.c.ZkStateReader Updated live nodes from ZooKeeper... (0) -> (1)
2024-02-17 13:07:02.959 INFO  (main) [c: s: r: x: t:] o.a.s.c.DistributedClusterStateUpdater Creating DistributedClusterStateUpdater with useDistributedStateUpdate=false. Solr will be using Overseer based cluster state updates.
2024-02-17 13:07:02.967 INFO  (main) [c: s: r: x: t:] o.a.s.c.ZkController Publish node=localhost:7574_solr as DOWN
2024-02-17 13:07:02.971 INFO  (main) [c: s: r: x: t:] o.a.s.c.ZkController Register node as live in ZooKeeper:/live_nodes/localhost:7574_solr
2024-02-17 13:07:02.977 INFO  (zkCallback-11-thread-1) [c: s: r: x: t:] o.a.s.c.c.ZkStateReader Updated live nodes from ZooKeeper... (1) -> (2)
2024-02-17 13:07:02.995 WARN  (main) [c: s: r: x: t:] o.a.s.c.CoreContainer Not all security plugins configured!  authentication=disabled authorization=disabled.  Solr is only as secure as you make it. Consider configuring authentication/authorization before exposing Solr to users internal or external.  See https://s.apache.org/solrsecurity for more info
2024-02-17 13:07:03.098 INFO  (main) [c: s: r: x: t:] o.a.s.c.CorePropertiesLocator Found 0 core definitions underneath /Users/rezafitriaman/IdeaProjects/apache-solr-playground/solr-9.4.1/example/cloud/node2/solr
2024-02-17 13:07:03.163 WARN  (main) [c: s: r: x: t:] o.g.j.m.i.MessagingBinders A class javax.activation.DataSource for a default provider MessageBodyWriter<javax.activation.DataSource> was not found. The provider is not available.
2024-02-17 13:07:03.266 INFO  (main) [c: s: r: x: t:] o.a.s.j.SolrRequestAuthorizer Creating a new SolrRequestAuthorizer
2024-02-17 13:07:03.314 INFO  (main) [c: s: r: x: t:] o.e.j.s.h.ContextHandler Started o.e.j.w.WebAppContext@577f9109{solr-jetty-context.xml,/solr,file:///Users/rezafitriaman/IdeaProjects/apache-solr-playground/solr-9.4.1/server/solr-webapp/webapp/,AVAILABLE}{/Users/rezafitriaman/IdeaProjects/apache-solr-playground/solr-9.4.1/server/solr-webapp/webapp}
2024-02-17 13:07:03.317 INFO  (main) [c: s: r: x: t:] o.e.j.s.RequestLogWriter Opened /Users/rezafitriaman/IdeaProjects/apache-solr-playground/solr-9.4.1/example/cloud/node2/logs/2024_02_17.request.log
2024-02-17 13:07:03.318 INFO  (main) [c: s: r: x: t:] o.e.j.s.AbstractConnector Started ServerConnector@436390f4{HTTP/1.1, (http/1.1, h2c)}{127.0.0.1:7574}
2024-02-17 13:07:03.319 INFO  (main) [c: s: r: x: t:] o.e.j.s.Server Started Server@2bffa76d{STARTING}[10.0.19,sto=0] @1924ms
2024-02-17 13:07:04.093 INFO  (qtp515273883-20) [c: s: r: x: t:localhost-1] o.a.s.s.HttpSolrCall [admin] webapp=null path=/admin/info/system params={wt=javabin&version=2} status=0 QTime=15
2024-02-17 13:07:04.106 INFO  (qtp515273883-26) [c: s: r: x: t:localhost-2] o.a.s.s.HttpSolrCall [admin] webapp=null path=/admin/collections params={action=CLUSTERSTATUS&wt=javabin&version=2} status=0 QTime=5
2024-02-17 13:07:38.233 INFO  (qtp515273883-20) [c: s: r: x:techproducts_shard2_replica_n4 t:localhost-4] o.a.s.h.a.CoreAdminOperation core create command qt=/admin/cores&collection.configName=techproducts&newCollection=true&collection=techproducts&version=2&replicaType=NRT&coreNodeName=core_node7&name=techproducts_shard2_replica_n4&action=CREATE&numShards=2&shard=shard2&wt=javabin
2024-02-17 13:07:38.233 INFO  (qtp515273883-19) [c: s: r: x:techproducts_shard1_replica_n6 t:localhost-5] o.a.s.h.a.CoreAdminOperation core create command qt=/admin/cores&collection.configName=techproducts&newCollection=true&collection=techproducts&version=2&replicaType=NRT&coreNodeName=core_node8&name=techproducts_shard1_replica_n6&action=CREATE&numShards=2&shard=shard1&wt=javabin
2024-02-17 13:07:38.263 INFO  (qtp515273883-19) [c:techproducts s:shard1 r:core_node8 x:techproducts_shard1_replica_n6 t:localhost-5] o.a.s.c.RequestParams conf resource params.json loaded . version : 0 
2024-02-17 13:07:38.263 INFO  (qtp515273883-20) [c:techproducts s:shard2 r:core_node7 x:techproducts_shard2_replica_n4 t:localhost-4] o.a.s.c.RequestParams conf resource params.json loaded . version : 0 
2024-02-17 13:07:38.263 INFO  (qtp515273883-19) [c:techproducts s:shard1 r:core_node8 x:techproducts_shard1_replica_n6 t:localhost-5] o.a.s.c.RequestParams request params refreshed to version 0
2024-02-17 13:07:38.263 INFO  (qtp515273883-20) [c:techproducts s:shard2 r:core_node7 x:techproducts_shard2_replica_n4 t:localhost-4] o.a.s.c.RequestParams request params refreshed to version 0
2024-02-17 13:07:38.271 INFO  (qtp515273883-19) [c:techproducts s:shard1 r:core_node8 x:techproducts_shard1_replica_n6 t:localhost-5] o.a.s.c.SolrResourceLoader Added 90 libs to classloader, from paths: [/Users/rezafitriaman/IdeaProjects/apache-solr-playground/solr-9.4.1/modules/clustering/lib, /Users/rezafitriaman/IdeaProjects/apache-solr-playground/solr-9.4.1/modules/extraction/lib, /Users/rezafitriaman/IdeaProjects/apache-solr-playground/solr-9.4.1/modules/langid/lib, /Users/rezafitriaman/IdeaProjects/apache-solr-playground/solr-9.4.1/modules/ltr/lib, /Users/rezafitriaman/IdeaProjects/apache-solr-playground/solr-9.4.1/modules/scripting/lib]
2024-02-17 13:07:38.272 INFO  (qtp515273883-20) [c:techproducts s:shard2 r:core_node7 x:techproducts_shard2_replica_n4 t:localhost-4] o.a.s.c.SolrResourceLoader Added 90 libs to classloader, from paths: [/Users/rezafitriaman/IdeaProjects/apache-solr-playground/solr-9.4.1/modules/clustering/lib, /Users/rezafitriaman/IdeaProjects/apache-solr-playground/solr-9.4.1/modules/extraction/lib, /Users/rezafitriaman/IdeaProjects/apache-solr-playground/solr-9.4.1/modules/langid/lib, /Users/rezafitriaman/IdeaProjects/apache-solr-playground/solr-9.4.1/modules/ltr/lib, /Users/rezafitriaman/IdeaProjects/apache-solr-playground/solr-9.4.1/modules/scripting/lib]
2024-02-17 13:07:38.656 INFO  (qtp515273883-20) [c:techproducts s:shard2 r:core_node7 x:techproducts_shard2_replica_n4 t:localhost-4] o.a.s.c.SolrConfig Using Lucene MatchVersion: 9.8.0
2024-02-17 13:07:38.658 INFO  (qtp515273883-19) [c:techproducts s:shard1 r:core_node8 x:techproducts_shard1_replica_n6 t:localhost-5] o.a.s.c.SolrConfig Using Lucene MatchVersion: 9.8.0
2024-02-17 13:07:38.659 INFO  (qtp515273883-19) [c:techproducts s:shard1 r:core_node8 x:techproducts_shard1_replica_n6 t:localhost-5] o.a.s.u.SolrIndexConfig IndexWriter infoStream solr logging is enabled
2024-02-17 13:07:38.659 INFO  (qtp515273883-20) [c:techproducts s:shard2 r:core_node7 x:techproducts_shard2_replica_n4 t:localhost-4] o.a.s.u.SolrIndexConfig IndexWriter infoStream solr logging is enabled
2024-02-17 13:07:38.691 INFO  (qtp515273883-20) [c:techproducts s:shard2 r:core_node7 x:techproducts_shard2_replica_n4 t:localhost-4] o.a.s.s.IndexSchema Schema name=example
2024-02-17 13:07:38.692 INFO  (qtp515273883-19) [c:techproducts s:shard1 r:core_node8 x:techproducts_shard1_replica_n6 t:localhost-5] o.a.s.s.IndexSchema Schema name=example
2024-02-17 13:07:38.847 INFO  (qtp515273883-20) [c:techproducts s:shard2 r:core_node7 x:techproducts_shard2_replica_n4 t:localhost-4] o.a.s.r.RestManager Registered ManagedResource impl org.apache.solr.rest.schema.analysis.ManagedWordSetResource for path /schema/analysis/stopwords/english
2024-02-17 13:07:38.847 INFO  (qtp515273883-19) [c:techproducts s:shard1 r:core_node8 x:techproducts_shard1_replica_n6 t:localhost-5] o.a.s.r.RestManager Registered ManagedResource impl org.apache.solr.rest.schema.analysis.ManagedWordSetResource for path /schema/analysis/stopwords/english
2024-02-17 13:07:38.847 INFO  (qtp515273883-20) [c:techproducts s:shard2 r:core_node7 x:techproducts_shard2_replica_n4 t:localhost-4] o.a.s.r.RestManager Registered ManagedResource impl org.apache.solr.rest.schema.analysis.ManagedSynonymGraphFilterFactory$SynonymManager for path /schema/analysis/synonyms/english
2024-02-17 13:07:38.847 INFO  (qtp515273883-19) [c:techproducts s:shard1 r:core_node8 x:techproducts_shard1_replica_n6 t:localhost-5] o.a.s.r.RestManager Registered ManagedResource impl org.apache.solr.rest.schema.analysis.ManagedSynonymGraphFilterFactory$SynonymManager for path /schema/analysis/synonyms/english
2024-02-17 13:07:38.847 INFO  (qtp515273883-20) [c:techproducts s:shard2 r:core_node7 x:techproducts_shard2_replica_n4 t:localhost-4] o.a.s.r.RestManager Added observer of type org.apache.solr.rest.schema.analysis.ManagedStopFilterFactory to existing ManagedResource /schema/analysis/stopwords/english
2024-02-17 13:07:38.847 INFO  (qtp515273883-19) [c:techproducts s:shard1 r:core_node8 x:techproducts_shard1_replica_n6 t:localhost-5] o.a.s.r.RestManager Added observer of type org.apache.solr.rest.schema.analysis.ManagedStopFilterFactory to existing ManagedResource /schema/analysis/stopwords/english
2024-02-17 13:07:38.847 INFO  (qtp515273883-20) [c:techproducts s:shard2 r:core_node7 x:techproducts_shard2_replica_n4 t:localhost-4] o.a.s.r.RestManager Added observer of type org.apache.solr.rest.schema.analysis.ManagedSynonymGraphFilterFactory to existing ManagedResource /schema/analysis/synonyms/english
2024-02-17 13:07:38.847 INFO  (qtp515273883-19) [c:techproducts s:shard1 r:core_node8 x:techproducts_shard1_replica_n6 t:localhost-5] o.a.s.r.RestManager Added observer of type org.apache.solr.rest.schema.analysis.ManagedSynonymGraphFilterFactory to existing ManagedResource /schema/analysis/synonyms/english
2024-02-17 13:07:38.855 INFO  (qtp515273883-19) [c:techproducts s:shard1 r:core_node8 x:techproducts_shard1_replica_n6 t:localhost-5] o.a.s.s.IndexSchema Loaded schema example/1.6 with uniqueid field id
2024-02-17 13:07:38.855 INFO  (qtp515273883-20) [c:techproducts s:shard2 r:core_node7 x:techproducts_shard2_replica_n4 t:localhost-4] o.a.s.s.IndexSchema Loaded schema example/1.6 with uniqueid field id
2024-02-17 13:07:38.873 INFO  (qtp515273883-19) [c:techproducts s:shard1 r:core_node8 x:techproducts_shard1_replica_n6 t:localhost-5] o.a.s.c.CoreContainer Creating SolrCore 'techproducts_shard1_replica_n6' using configuration from configset techproducts, trusted=true
2024-02-17 13:07:38.873 INFO  (qtp515273883-20) [c:techproducts s:shard2 r:core_node7 x:techproducts_shard2_replica_n4 t:localhost-4] o.a.s.c.CoreContainer Creating SolrCore 'techproducts_shard2_replica_n4' using configuration from configset techproducts, trusted=true
2024-02-17 13:07:38.881 INFO  (qtp515273883-20) [c:techproducts s:shard2 r:core_node7 x:techproducts_shard2_replica_n4 t:localhost-4] o.a.s.c.SolrCore Opening new SolrCore at [/Users/rezafitriaman/IdeaProjects/apache-solr-playground/solr-9.4.1/example/cloud/node2/solr/techproducts_shard2_replica_n4], dataDir=[/Users/rezafitriaman/IdeaProjects/apache-solr-playground/solr-9.4.1/example/cloud/node2/solr/techproducts_shard2_replica_n4/data/]
2024-02-17 13:07:38.881 INFO  (qtp515273883-19) [c:techproducts s:shard1 r:core_node8 x:techproducts_shard1_replica_n6 t:localhost-5] o.a.s.c.SolrCore Opening new SolrCore at [/Users/rezafitriaman/IdeaProjects/apache-solr-playground/solr-9.4.1/example/cloud/node2/solr/techproducts_shard1_replica_n6], dataDir=[/Users/rezafitriaman/IdeaProjects/apache-solr-playground/solr-9.4.1/example/cloud/node2/solr/techproducts_shard1_replica_n6/data/]
2024-02-17 13:07:39.130 INFO  (qtp515273883-20) [c:techproducts s:shard2 r:core_node7 x:techproducts_shard2_replica_n4 t:localhost-4] o.a.s.j.SolrRequestAuthorizer Creating a new SolrRequestAuthorizer
2024-02-17 13:07:39.141 INFO  (qtp515273883-20) [c:techproducts s:shard2 r:core_node7 x:techproducts_shard2_replica_n4 t:localhost-4] o.a.s.u.UpdateHandler Using UpdateLog implementation: org.apache.solr.update.UpdateLog
2024-02-17 13:07:39.141 INFO  (qtp515273883-19) [c:techproducts s:shard1 r:core_node8 x:techproducts_shard1_replica_n6 t:localhost-5] o.a.s.u.UpdateHandler Using UpdateLog implementation: org.apache.solr.update.UpdateLog
2024-02-17 13:07:39.141 INFO  (qtp515273883-20) [c:techproducts s:shard2 r:core_node7 x:techproducts_shard2_replica_n4 t:localhost-4] o.a.s.u.UpdateLog Initializing UpdateLog: dataDir= defaultSyncLevel=FLUSH numRecordsToKeep=100 maxNumLogsToKeep=10 numVersionBuckets=65536
2024-02-17 13:07:39.141 INFO  (qtp515273883-19) [c:techproducts s:shard1 r:core_node8 x:techproducts_shard1_replica_n6 t:localhost-5] o.a.s.u.UpdateLog Initializing UpdateLog: dataDir= defaultSyncLevel=FLUSH numRecordsToKeep=100 maxNumLogsToKeep=10 numVersionBuckets=65536
2024-02-17 13:07:39.148 INFO  (qtp515273883-20) [c:techproducts s:shard2 r:core_node7 x:techproducts_shard2_replica_n4 t:localhost-4] o.a.s.u.CommitTracker Hard AutoCommit: if uncommitted for 15000ms; 
2024-02-17 13:07:39.148 INFO  (qtp515273883-19) [c:techproducts s:shard1 r:core_node8 x:techproducts_shard1_replica_n6 t:localhost-5] o.a.s.u.CommitTracker Hard AutoCommit: if uncommitted for 15000ms; 
2024-02-17 13:07:39.149 INFO  (qtp515273883-20) [c:techproducts s:shard2 r:core_node7 x:techproducts_shard2_replica_n4 t:localhost-4] o.a.s.u.CommitTracker Soft AutoCommit: if uncommitted for 3000ms; 
2024-02-17 13:07:39.149 INFO  (qtp515273883-19) [c:techproducts s:shard1 r:core_node8 x:techproducts_shard1_replica_n6 t:localhost-5] o.a.s.u.CommitTracker Soft AutoCommit: if uncommitted for 3000ms; 
2024-02-17 13:07:39.177 INFO  (qtp515273883-20) [c:techproducts s:shard2 r:core_node7 x:techproducts_shard2_replica_n4 t:localhost-4] o.a.s.r.ManagedResourceStorage Configured ZooKeeperStorageIO with znodeBase: /configs/techproducts
2024-02-17 13:07:39.177 INFO  (qtp515273883-19) [c:techproducts s:shard1 r:core_node8 x:techproducts_shard1_replica_n6 t:localhost-5] o.a.s.r.ManagedResourceStorage Configured ZooKeeperStorageIO with znodeBase: /configs/techproducts
2024-02-17 13:07:39.178 INFO  (qtp515273883-20) [c:techproducts s:shard2 r:core_node7 x:techproducts_shard2_replica_n4 t:localhost-4] o.a.s.r.ManagedResourceStorage Loaded LinkedHashMap at path _rest_managed.json using ZooKeeperStorageIO:path=/configs/techproducts
2024-02-17 13:07:39.178 INFO  (qtp515273883-19) [c:techproducts s:shard1 r:core_node8 x:techproducts_shard1_replica_n6 t:localhost-5] o.a.s.r.ManagedResourceStorage Loaded LinkedHashMap at path _rest_managed.json using ZooKeeperStorageIO:path=/configs/techproducts
2024-02-17 13:07:39.178 INFO  (qtp515273883-20) [c:techproducts s:shard2 r:core_node7 x:techproducts_shard2_replica_n4 t:localhost-4] o.a.s.r.ManagedResource Loaded initArgs {} for /rest/managed
2024-02-17 13:07:39.178 INFO  (qtp515273883-19) [c:techproducts s:shard1 r:core_node8 x:techproducts_shard1_replica_n6 t:localhost-5] o.a.s.r.ManagedResource Loaded initArgs {} for /rest/managed
2024-02-17 13:07:39.178 INFO  (qtp515273883-19) [c:techproducts s:shard1 r:core_node8 x:techproducts_shard1_replica_n6 t:localhost-5] o.a.s.r.ManagedResourceStorage Loaded LinkedHashMap at path _schema_analysis_stopwords_english.json using ZooKeeperStorageIO:path=/configs/techproducts
2024-02-17 13:07:39.178 INFO  (qtp515273883-20) [c:techproducts s:shard2 r:core_node7 x:techproducts_shard2_replica_n4 t:localhost-4] o.a.s.r.ManagedResourceStorage Loaded LinkedHashMap at path _schema_analysis_stopwords_english.json using ZooKeeperStorageIO:path=/configs/techproducts
2024-02-17 13:07:39.178 INFO  (qtp515273883-20) [c:techproducts s:shard2 r:core_node7 x:techproducts_shard2_replica_n4 t:localhost-4] o.a.s.r.ManagedResource Loaded initArgs {ignoreCase=true} for /schema/analysis/stopwords/english
2024-02-17 13:07:39.178 INFO  (qtp515273883-19) [c:techproducts s:shard1 r:core_node8 x:techproducts_shard1_replica_n6 t:localhost-5] o.a.s.r.ManagedResource Loaded initArgs {ignoreCase=true} for /schema/analysis/stopwords/english
2024-02-17 13:07:39.178 INFO  (qtp515273883-19) [c:techproducts s:shard1 r:core_node8 x:techproducts_shard1_replica_n6 t:localhost-5] o.a.s.r.s.a.ManagedWordSetResource Loaded 35 words for /schema/analysis/stopwords/english
2024-02-17 13:07:39.178 INFO  (qtp515273883-20) [c:techproducts s:shard2 r:core_node7 x:techproducts_shard2_replica_n4 t:localhost-4] o.a.s.r.s.a.ManagedWordSetResource Loaded 35 words for /schema/analysis/stopwords/english
2024-02-17 13:07:39.179 INFO  (qtp515273883-19) [c:techproducts s:shard1 r:core_node8 x:techproducts_shard1_replica_n6 t:localhost-5] o.a.s.r.ManagedResource Notified 2 observers of /schema/analysis/stopwords/english
2024-02-17 13:07:39.179 INFO  (qtp515273883-20) [c:techproducts s:shard2 r:core_node7 x:techproducts_shard2_replica_n4 t:localhost-4] o.a.s.r.ManagedResource Notified 2 observers of /schema/analysis/stopwords/english
2024-02-17 13:07:39.179 INFO  (qtp515273883-20) [c:techproducts s:shard2 r:core_node7 x:techproducts_shard2_replica_n4 t:localhost-4] o.a.s.r.ManagedResourceStorage Loaded LinkedHashMap at path _schema_analysis_synonyms_english.json using ZooKeeperStorageIO:path=/configs/techproducts
2024-02-17 13:07:39.179 INFO  (qtp515273883-20) [c:techproducts s:shard2 r:core_node7 x:techproducts_shard2_replica_n4 t:localhost-4] o.a.s.r.ManagedResource Loaded initArgs {ignoreCase=true, format=solr} for /schema/analysis/synonyms/english
2024-02-17 13:07:39.179 INFO  (qtp515273883-19) [c:techproducts s:shard1 r:core_node8 x:techproducts_shard1_replica_n6 t:localhost-5] o.a.s.r.ManagedResourceStorage Loaded LinkedHashMap at path _schema_analysis_synonyms_english.json using ZooKeeperStorageIO:path=/configs/techproducts
2024-02-17 13:07:39.179 INFO  (qtp515273883-19) [c:techproducts s:shard1 r:core_node8 x:techproducts_shard1_replica_n6 t:localhost-5] o.a.s.r.ManagedResource Loaded initArgs {ignoreCase=true, format=solr} for /schema/analysis/synonyms/english
2024-02-17 13:07:39.179 INFO  (qtp515273883-20) [c:techproducts s:shard2 r:core_node7 x:techproducts_shard2_replica_n4 t:localhost-4] o.a.s.r.s.a.ManagedSynonymGraphFilterFactory Loaded 3 synonym mappings for /schema/analysis/synonyms/english
2024-02-17 13:07:39.179 INFO  (qtp515273883-19) [c:techproducts s:shard1 r:core_node8 x:techproducts_shard1_replica_n6 t:localhost-5] o.a.s.r.s.a.ManagedSynonymGraphFilterFactory Loaded 3 synonym mappings for /schema/analysis/synonyms/english
2024-02-17 13:07:39.180 INFO  (qtp515273883-20) [c:techproducts s:shard2 r:core_node7 x:techproducts_shard2_replica_n4 t:localhost-4] o.a.s.r.ManagedResource Notified 2 observers of /schema/analysis/synonyms/english
2024-02-17 13:07:39.180 INFO  (qtp515273883-19) [c:techproducts s:shard1 r:core_node8 x:techproducts_shard1_replica_n6 t:localhost-5] o.a.s.r.ManagedResource Notified 2 observers of /schema/analysis/synonyms/english
2024-02-17 13:07:39.181 INFO  (qtp515273883-20) [c:techproducts s:shard2 r:core_node7 x:techproducts_shard2_replica_n4 t:localhost-4] o.a.s.s.ZkIndexSchemaReader Creating ZooKeeper watch for the managed schema at /configs/techproducts/managed-schema.xml
2024-02-17 13:07:39.181 INFO  (qtp515273883-19) [c:techproducts s:shard1 r:core_node8 x:techproducts_shard1_replica_n6 t:localhost-5] o.a.s.s.ZkIndexSchemaReader Creating ZooKeeper watch for the managed schema at /configs/techproducts/managed-schema.xml
2024-02-17 13:07:39.181 INFO  (qtp515273883-19) [c:techproducts s:shard1 r:core_node8 x:techproducts_shard1_replica_n6 t:localhost-5] o.a.s.s.ZkIndexSchemaReader Current schema version 0 is already the latest
2024-02-17 13:07:39.181 INFO  (qtp515273883-20) [c:techproducts s:shard2 r:core_node7 x:techproducts_shard2_replica_n4 t:localhost-4] o.a.s.s.ZkIndexSchemaReader Current schema version 0 is already the latest
2024-02-17 13:07:39.186 INFO  (qtp515273883-19) [c:techproducts s:shard1 r:core_node8 x:techproducts_shard1_replica_n6 t:localhost-5] o.a.s.s.DirectSolrSpellChecker init: {name=default, field=text, classname=solr.DirectSolrSpellChecker, distanceMeasure=internal, maxEdits=2, minPrefix=1, maxInspections=5, minQueryLength=4, accuracy=0.5, maxQueryFrequency=0.01}
2024-02-17 13:07:39.186 INFO  (qtp515273883-20) [c:techproducts s:shard2 r:core_node7 x:techproducts_shard2_replica_n4 t:localhost-4] o.a.s.s.DirectSolrSpellChecker init: {name=default, field=text, classname=solr.DirectSolrSpellChecker, distanceMeasure=internal, maxEdits=2, minPrefix=1, maxInspections=5, minQueryLength=4, accuracy=0.5, maxQueryFrequency=0.01}
2024-02-17 13:07:39.189 INFO  (qtp515273883-20) [c:techproducts s:shard2 r:core_node7 x:techproducts_shard2_replica_n4 t:localhost-4] o.a.s.h.c.SuggestComponent Initializing SuggestComponent
2024-02-17 13:07:39.189 INFO  (qtp515273883-19) [c:techproducts s:shard1 r:core_node8 x:techproducts_shard1_replica_n6 t:localhost-5] o.a.s.h.c.SuggestComponent Initializing SuggestComponent
2024-02-17 13:07:39.190 INFO  (qtp515273883-19) [c:techproducts s:shard1 r:core_node8 x:techproducts_shard1_replica_n6 t:localhost-5] o.a.s.s.s.SolrSuggester init: {name=mySuggester, lookupImpl=FuzzyLookupFactory, dictionaryImpl=DocumentDictionaryFactory, field=cat, weightField=price, suggestAnalyzerFieldType=string, buildOnStartup=false}
2024-02-17 13:07:39.190 INFO  (qtp515273883-20) [c:techproducts s:shard2 r:core_node7 x:techproducts_shard2_replica_n4 t:localhost-4] o.a.s.s.s.SolrSuggester init: {name=mySuggester, lookupImpl=FuzzyLookupFactory, dictionaryImpl=DocumentDictionaryFactory, field=cat, weightField=price, suggestAnalyzerFieldType=string, buildOnStartup=false}
2024-02-17 13:07:39.195 INFO  (qtp515273883-20) [c:techproducts s:shard2 r:core_node7 x:techproducts_shard2_replica_n4 t:localhost-4] o.a.s.s.s.SolrSuggester Dictionary loaded with params: {name=mySuggester, lookupImpl=FuzzyLookupFactory, dictionaryImpl=DocumentDictionaryFactory, field=cat, weightField=price, suggestAnalyzerFieldType=string, buildOnStartup=false}
2024-02-17 13:07:39.195 INFO  (qtp515273883-19) [c:techproducts s:shard1 r:core_node8 x:techproducts_shard1_replica_n6 t:localhost-5] o.a.s.s.s.SolrSuggester Dictionary loaded with params: {name=mySuggester, lookupImpl=FuzzyLookupFactory, dictionaryImpl=DocumentDictionaryFactory, field=cat, weightField=price, suggestAnalyzerFieldType=string, buildOnStartup=false}
2024-02-17 13:07:39.201 INFO  (qtp515273883-19) [c:techproducts s:shard1 r:core_node8 x:techproducts_shard1_replica_n6 t:localhost-5] o.a.s.h.ReplicationHandler Commits will be reserved for 10000 ms
2024-02-17 13:07:39.201 INFO  (qtp515273883-20) [c:techproducts s:shard2 r:core_node7 x:techproducts_shard2_replica_n4 t:localhost-4] o.a.s.h.ReplicationHandler Commits will be reserved for 10000 ms
2024-02-17 13:07:39.203 INFO  (qtp515273883-20) [c:techproducts s:shard2 r:core_node7 x:techproducts_shard2_replica_n4 t:localhost-4] o.a.s.u.UpdateLog Could not find max version in index or recent updates, using new clock 1791151580594044928
2024-02-17 13:07:39.203 INFO  (qtp515273883-19) [c:techproducts s:shard1 r:core_node8 x:techproducts_shard1_replica_n6 t:localhost-5] o.a.s.u.UpdateLog Could not find max version in index or recent updates, using new clock 1791151580594044928
2024-02-17 13:07:39.226 INFO  (searcherExecutor-21-thread-1-processing-techproducts_shard2_replica_n4 localhost-4 core_node7 localhost:7574_solr techproducts shard2) [c:techproducts s:shard2 r:core_node7 x:techproducts_shard2_replica_n4 t:localhost-4] o.a.s.c.S.Request webapp=null path=null params={q=static+firstSearcher+warming+in+solrconfig.xml&distrib=false&event=firstSearcher} hits=0 status=0 QTime=18
2024-02-17 13:07:39.226 INFO  (searcherExecutor-22-thread-1-processing-techproducts_shard1_replica_n6 localhost-5 core_node8 localhost:7574_solr techproducts shard1) [c:techproducts s:shard1 r:core_node8 x:techproducts_shard1_replica_n6 t:localhost-5] o.a.s.c.S.Request webapp=null path=null params={q=static+firstSearcher+warming+in+solrconfig.xml&distrib=false&event=firstSearcher} hits=0 status=0 QTime=18
2024-02-17 13:07:39.226 INFO  (searcherExecutor-21-thread-1-processing-techproducts_shard2_replica_n4 localhost-4 core_node7 localhost:7574_solr techproducts shard2) [c:techproducts s:shard2 r:core_node7 x:techproducts_shard2_replica_n4 t:localhost-4] o.a.s.c.QuerySenderListener QuerySenderListener done.
2024-02-17 13:07:39.226 INFO  (searcherExecutor-22-thread-1-processing-techproducts_shard1_replica_n6 localhost-5 core_node8 localhost:7574_solr techproducts shard1) [c:techproducts s:shard1 r:core_node8 x:techproducts_shard1_replica_n6 t:localhost-5] o.a.s.c.QuerySenderListener QuerySenderListener done.
2024-02-17 13:07:39.226 INFO  (searcherExecutor-21-thread-1-processing-techproducts_shard2_replica_n4 localhost-4 core_node7 localhost:7574_solr techproducts shard2) [c:techproducts s:shard2 r:core_node7 x:techproducts_shard2_replica_n4 t:localhost-4] o.a.s.h.c.SpellCheckComponent Loading spell index for spellchecker: default
2024-02-17 13:07:39.226 INFO  (searcherExecutor-22-thread-1-processing-techproducts_shard1_replica_n6 localhost-5 core_node8 localhost:7574_solr techproducts shard1) [c:techproducts s:shard1 r:core_node8 x:techproducts_shard1_replica_n6 t:localhost-5] o.a.s.h.c.SpellCheckComponent Loading spell index for spellchecker: default
2024-02-17 13:07:39.226 INFO  (searcherExecutor-21-thread-1-processing-techproducts_shard2_replica_n4 localhost-4 core_node7 localhost:7574_solr techproducts shard2) [c:techproducts s:shard2 r:core_node7 x:techproducts_shard2_replica_n4 t:localhost-4] o.a.s.h.c.SpellCheckComponent Loading spell index for spellchecker: wordbreak
2024-02-17 13:07:39.226 INFO  (searcherExecutor-22-thread-1-processing-techproducts_shard1_replica_n6 localhost-5 core_node8 localhost:7574_solr techproducts shard1) [c:techproducts s:shard1 r:core_node8 x:techproducts_shard1_replica_n6 t:localhost-5] o.a.s.h.c.SpellCheckComponent Loading spell index for spellchecker: wordbreak
2024-02-17 13:07:39.230 INFO  (searcherExecutor-22-thread-1-processing-techproducts_shard1_replica_n6 localhost-5 core_node8 localhost:7574_solr techproducts shard1) [c:techproducts s:shard1 r:core_node8 x:techproducts_shard1_replica_n6 t:localhost-5] o.a.s.c.SolrCore Registered new searcher autowarm time: 0 ms
2024-02-17 13:07:39.230 INFO  (searcherExecutor-21-thread-1-processing-techproducts_shard2_replica_n4 localhost-4 core_node7 localhost:7574_solr techproducts shard2) [c:techproducts s:shard2 r:core_node7 x:techproducts_shard2_replica_n4 t:localhost-4] o.a.s.c.SolrCore Registered new searcher autowarm time: 0 ms
2024-02-17 13:07:39.231 INFO  (qtp515273883-19) [c:techproducts s:shard1 r:core_node8 x:techproducts_shard1_replica_n6 t:localhost-5] o.a.s.c.ZkShardTerms Successful update of terms at /collections/techproducts/terms/shard1 to Terms{values={core_node8=0}, version=0} for registerTerm
2024-02-17 13:07:39.256 INFO  (qtp515273883-20) [c:techproducts s:shard2 r:core_node7 x:techproducts_shard2_replica_n4 t:localhost-4] o.a.s.c.ZkShardTerms Successful update of terms at /collections/techproducts/terms/shard2 to Terms{values={core_node7=0}, version=0} for registerTerm
2024-02-17 13:07:39.257 INFO  (qtp515273883-19) [c:techproducts s:shard1 r:core_node8 x:techproducts_shard1_replica_n6 t:localhost-5] o.a.s.c.ShardLeaderElectionContextBase make sure parent is created /collections/techproducts/leaders/shard1
2024-02-17 13:07:39.257 INFO  (qtp515273883-20) [c:techproducts s:shard2 r:core_node7 x:techproducts_shard2_replica_n4 t:localhost-4] o.a.s.c.ShardLeaderElectionContextBase make sure parent is created /collections/techproducts/leaders/shard2
2024-02-17 13:07:39.303 INFO  (qtp515273883-20) [c:techproducts s:shard2 r:core_node7 x:techproducts_shard2_replica_n4 t:localhost-4] o.a.s.c.ShardLeaderElectionContext Enough replicas found to continue.
2024-02-17 13:07:39.303 INFO  (qtp515273883-19) [c:techproducts s:shard1 r:core_node8 x:techproducts_shard1_replica_n6 t:localhost-5] o.a.s.c.ShardLeaderElectionContext Enough replicas found to continue.
2024-02-17 13:07:39.303 INFO  (qtp515273883-19) [c:techproducts s:shard1 r:core_node8 x:techproducts_shard1_replica_n6 t:localhost-5] o.a.s.c.ShardLeaderElectionContext I may be the new leader - try and sync
2024-02-17 13:07:39.303 INFO  (qtp515273883-20) [c:techproducts s:shard2 r:core_node7 x:techproducts_shard2_replica_n4 t:localhost-4] o.a.s.c.ShardLeaderElectionContext I may be the new leader - try and sync
2024-02-17 13:07:39.303 INFO  (qtp515273883-20) [c:techproducts s:shard2 r:core_node7 x:techproducts_shard2_replica_n4 t:localhost-4] o.a.s.c.SyncStrategy Sync replicas to http://localhost:7574/solr/techproducts_shard2_replica_n4/
2024-02-17 13:07:39.303 INFO  (qtp515273883-19) [c:techproducts s:shard1 r:core_node8 x:techproducts_shard1_replica_n6 t:localhost-5] o.a.s.c.SyncStrategy Sync replicas to http://localhost:7574/solr/techproducts_shard1_replica_n6/
2024-02-17 13:07:39.305 INFO  (qtp515273883-20) [c:techproducts s:shard2 r:core_node7 x:techproducts_shard2_replica_n4 t:localhost-4] o.a.s.u.PeerSync PeerSync: core=techproducts_shard2_replica_n4 url=http://localhost:7574/solr  START replicas=[http://localhost:8983/solr/techproducts_shard2_replica_n2/] nUpdates=100
2024-02-17 13:07:39.305 INFO  (qtp515273883-19) [c:techproducts s:shard1 r:core_node8 x:techproducts_shard1_replica_n6 t:localhost-5] o.a.s.u.PeerSync PeerSync: core=techproducts_shard1_replica_n6 url=http://localhost:7574/solr  START replicas=[http://localhost:8983/solr/techproducts_shard1_replica_n1/] nUpdates=100
2024-02-17 13:07:39.314 INFO  (qtp515273883-20) [c:techproducts s:shard2 r:core_node7 x:techproducts_shard2_replica_n4 t:localhost-4] o.a.s.u.PeerSync PeerSync: core=techproducts_shard2_replica_n4 url=http://localhost:7574/solr  DONE. We have no versions. sync failed.
2024-02-17 13:07:39.315 INFO  (qtp515273883-19) [c:techproducts s:shard1 r:core_node8 x:techproducts_shard1_replica_n6 t:localhost-5] o.a.s.u.PeerSync PeerSync: core=techproducts_shard1_replica_n6 url=http://localhost:7574/solr  DONE. We have no versions. sync failed.
2024-02-17 13:07:39.329 INFO  (qtp515273883-19) [c:techproducts s:shard1 r:core_node8 x:techproducts_shard1_replica_n6 t:localhost-5] o.a.s.c.SyncStrategy Leader's attempt to sync with shard failed, moving to the next candidate
2024-02-17 13:07:39.329 INFO  (qtp515273883-20) [c:techproducts s:shard2 r:core_node7 x:techproducts_shard2_replica_n4 t:localhost-4] o.a.s.c.SyncStrategy Leader's attempt to sync with shard failed, moving to the next candidate
2024-02-17 13:07:39.330 INFO  (qtp515273883-19) [c:techproducts s:shard1 r:core_node8 x:techproducts_shard1_replica_n6 t:localhost-5] o.a.s.c.ShardLeaderElectionContext We failed sync, but we have no versions - we can't sync in that case - we were active before, so become leader anyway
2024-02-17 13:07:39.330 INFO  (qtp515273883-20) [c:techproducts s:shard2 r:core_node7 x:techproducts_shard2_replica_n4 t:localhost-4] o.a.s.c.ShardLeaderElectionContext We failed sync, but we have no versions - we can't sync in that case - we were active before, so become leader anyway
2024-02-17 13:07:39.330 INFO  (qtp515273883-20) [c:techproducts s:shard2 r:core_node7 x:techproducts_shard2_replica_n4 t:localhost-4] o.a.s.c.ShardLeaderElectionContextBase Creating leader registration node /collections/techproducts/leaders/shard2/leader after winning as /collections/techproducts/leader_elect/shard2/election/72066981367382018-core_node7-n_0000000000
2024-02-17 13:07:39.330 INFO  (qtp515273883-19) [c:techproducts s:shard1 r:core_node8 x:techproducts_shard1_replica_n6 t:localhost-5] o.a.s.c.ShardLeaderElectionContextBase Creating leader registration node /collections/techproducts/leaders/shard1/leader after winning as /collections/techproducts/leader_elect/shard1/election/72066981367382018-core_node8-n_0000000000
2024-02-17 13:07:39.339 INFO  (qtp515273883-20) [c:techproducts s:shard2 r:core_node7 x:techproducts_shard2_replica_n4 t:localhost-4] o.a.s.c.ShardLeaderElectionContext I am the new leader: http://localhost:7574/solr/techproducts_shard2_replica_n4/ shard2
2024-02-17 13:07:39.342 INFO  (qtp515273883-19) [c:techproducts s:shard1 r:core_node8 x:techproducts_shard1_replica_n6 t:localhost-5] o.a.s.c.ShardLeaderElectionContext I am the new leader: http://localhost:7574/solr/techproducts_shard1_replica_n6/ shard1
2024-02-17 13:07:39.452 INFO  (zkCallback-11-thread-1) [c: s: r: x: t:] o.a.s.c.c.ZkStateReader A cluster state change: [WatchedEvent state:SyncConnected type:NodeDataChanged path:/collections/techproducts/state.json zxid: 252] for collection [techproducts] has occurred - updating... (live nodes size: [2])
2024-02-17 13:07:39.456 INFO  (qtp515273883-20) [c:techproducts s:shard2 r:core_node7 x:techproducts_shard2_replica_n4 t:localhost-4] o.a.s.c.ZkController I am the leader, no recovery necessary
2024-02-17 13:07:39.456 INFO  (qtp515273883-19) [c:techproducts s:shard1 r:core_node8 x:techproducts_shard1_replica_n6 t:localhost-5] o.a.s.c.ZkController I am the leader, no recovery necessary
2024-02-17 13:07:39.464 INFO  (qtp515273883-20) [c: s: r: x: t:localhost-4] o.a.s.s.HttpSolrCall [admin] webapp=null path=/admin/cores params={qt=/admin/cores&coreNodeName=core_node7&collection.configName=techproducts&newCollection=true&name=techproducts_shard2_replica_n4&action=CREATE&numShards=2&collection=techproducts&shard=shard2&wt=javabin&version=2&replicaType=NRT} status=0 QTime=1232
2024-02-17 13:07:39.465 INFO  (qtp515273883-19) [c: s: r: x: t:localhost-5] o.a.s.s.HttpSolrCall [admin] webapp=null path=/admin/cores params={qt=/admin/cores&coreNodeName=core_node8&collection.configName=techproducts&newCollection=true&name=techproducts_shard1_replica_n6&action=CREATE&numShards=2&collection=techproducts&shard=shard1&wt=javabin&version=2&replicaType=NRT} status=0 QTime=1232
2024-02-17 13:07:39.581 INFO  (zkCallback-11-thread-1) [c: s: r: x: t:] o.a.s.c.c.ZkStateReader A cluster state change: [WatchedEvent state:SyncConnected type:NodeDataChanged path:/collections/techproducts/state.json zxid: 256] for collection [techproducts] has occurred - updating... (live nodes size: [2])
2024-02-17 13:07:39.581 INFO  (zkCallback-11-thread-2) [c: s: r: x: t:] o.a.s.c.c.ZkStateReader A cluster state change: [WatchedEvent state:SyncConnected type:NodeDataChanged path:/collections/techproducts/state.json zxid: 256] for collection [techproducts] has occurred - updating... (live nodes size: [2])
2024-02-17 13:07:40.335 INFO  (qtp515273883-25) [c:techproducts s: r: x: t:localhost-3] o.a.s.h.a.CollectionsHandler Wait for new collection to be active for at most 45 seconds. Check all shard replicas
2024-02-17 13:07:40.427 INFO  (zkCallback-11-thread-2) [c: s: r: x: t:] o.a.s.c.c.ZkStateReader A cluster state change: [WatchedEvent state:SyncConnected type:NodeDataChanged path:/collections/techproducts/state.json zxid: 263] for collection [techproducts] has occurred - updating... (live nodes size: [2])
2024-02-17 13:07:40.427 INFO  (zkCallback-11-thread-1) [c: s: r: x: t:] o.a.s.c.c.ZkStateReader A cluster state change: [WatchedEvent state:SyncConnected type:NodeDataChanged path:/collections/techproducts/state.json zxid: 263] for collection [techproducts] has occurred - updating... (live nodes size: [2])
2024-02-17 13:07:40.433 INFO  (qtp515273883-25) [c:techproducts s: r: x: t:localhost-3] o.a.s.s.HttpSolrCall [admin] webapp=null path=/admin/collections params={collection.configName=techproducts&name=techproducts&nrtReplicas=2&action=CREATE&numShards=2&wt=javabin&version=2} status=0 QTime=2520
2024-02-17 13:08:03.693 INFO  (qtp515273883-20) [c:techproducts s:shard2 r:core_node7 x:techproducts_shard2_replica_n4 t:localhost-9] o.a.s.c.ZkShardTerms Successful update of terms at /collections/techproducts/terms/shard2 to Terms{values={core_node7=1, core_node5=1}, version=2} for ensureHighestTermsAreNotZero
2024-02-17 13:08:03.730 INFO  (qtp515273883-20) [c:techproducts s:shard2 r:core_node7 x:techproducts_shard2_replica_n4 t:localhost-9] o.a.s.u.p.LogUpdateProcessorFactory webapp=/solr path=/update params={update.distrib=TOLEADER&distrib.from=http://localhost:8983/solr/techproducts_shard2_replica_n2/&wt=javabin&version=2}{add=[0553573403 (1791151606235922432), 0553579908 (1791151606265282560), 055357342X (1791151606265282561), 0553293354 (1791151606266331136), 0812550706 (1791151606266331137)]} 0 87
2024-02-17 13:08:03.735 INFO  (qtp515273883-27) [c:techproducts s:shard1 r:core_node8 x:techproducts_shard1_replica_n6 t:localhost-9] o.a.s.c.ZkShardTerms Successful update of terms at /collections/techproducts/terms/shard1 to Terms{values={core_node3=1, core_node8=1}, version=2} for ensureHighestTermsAreNotZero
2024-02-17 13:08:03.736 INFO  (qtp515273883-27) [c:techproducts s:shard1 r:core_node8 x:techproducts_shard1_replica_n6 t:localhost-9] o.a.s.u.p.LogUpdateProcessorFactory webapp=/solr path=/update params={update.distrib=TOLEADER&distrib.from=http://localhost:8983/solr/techproducts_shard2_replica_n2/&wt=javabin&version=2}{add=[0812521390 (1791151606235922432), 0441385532 (1791151606265282560), 0380014300 (1791151606265282561), 0805080481 (1791151606266331136), 080508049X (1791151606266331137)]} 0 94
2024-02-17 13:08:03.758 INFO  (qtp515273883-20) [c:techproducts s:shard1 r:core_node8 x:techproducts_shard1_replica_n6 t:localhost-10] o.a.s.u.p.LogUpdateProcessorFactory webapp=/solr path=/update params={update.distrib=TOLEADER&distrib.from=http://localhost:8983/solr/techproducts_shard1_replica_n1/&wt=javabin&version=2}{add=[978-0641723445 (1791151606337634304)]} 0 3
2024-02-17 13:08:03.759 INFO  (qtp515273883-21) [c:techproducts s:shard2 r:core_node7 x:techproducts_shard2_replica_n4 t:localhost-10] o.a.s.u.p.LogUpdateProcessorFactory webapp=/solr path=/update params={update.distrib=TOLEADER&distrib.from=http://localhost:8983/solr/techproducts_shard1_replica_n1/&wt=javabin&version=2}{add=[978-1423103349 (1791151606337634304), 978-1857995879 (1791151606338682880), 978-1933988177 (1791151606339731456)]} 0 5
2024-02-17 13:08:03.786 INFO  (qtp515273883-20) [c:techproducts s:shard1 r:core_node8 x:techproducts_shard1_replica_n6 t:localhost-11] o.a.s.u.p.LogUpdateProcessorFactory webapp=/solr path=/update params={update.distrib=TOLEADER&distrib.from=http://localhost:8983/solr/techproducts_shard2_replica_n2/&wt=javabin&version=2}{add=[GB18030TEST (1791151606366994432)]} 0 3
2024-02-17 13:08:03.809 INFO  (qtp515273883-21) [c:techproducts s:shard2 r:core_node7 x:techproducts_shard2_replica_n4 t:localhost-12] o.a.s.u.p.LogUpdateProcessorFactory webapp=/solr path=/update params={update.distrib=TOLEADER&distrib.from=http://localhost:8983/solr/techproducts_shard1_replica_n1/&wt=javabin&version=2}{add=[SP2514N (1791151606376431616), 6H500F0 (1791151606385868800)]} 0 18
2024-02-17 13:08:03.818 INFO  (qtp515273883-27) [c:techproducts s:shard2 r:core_node7 x:techproducts_shard2_replica_n4 t:localhost-13] o.a.s.u.p.LogUpdateProcessorFactory webapp=/solr path=/update params={update.distrib=TOLEADER&distrib.from=http://localhost:8983/solr/techproducts_shard2_replica_n2/&wt=javabin&version=2}{add=[F8V7067-APL-KIT (1791151606400548864)]} 0 3
2024-02-17 13:08:03.819 INFO  (qtp515273883-20) [c:techproducts s:shard1 r:core_node8 x:techproducts_shard1_replica_n6 t:localhost-13] o.a.s.u.p.LogUpdateProcessorFactory webapp=/solr path=/update params={update.distrib=TOLEADER&distrib.from=http://localhost:8983/solr/techproducts_shard2_replica_n2/&wt=javabin&version=2}{add=[IW-02 (1791151606400548864)]} 0 4
2024-02-17 13:08:03.834 INFO  (qtp515273883-27) [c:techproducts s:shard1 r:core_node8 x:techproducts_shard1_replica_n6 t:localhost-14] o.a.s.u.p.LogUpdateProcessorFactory webapp=/solr path=/update params={update.distrib=TOLEADER&distrib.from=http://localhost:8983/solr/techproducts_shard1_replica_n1/&wt=javabin&version=2}{add=[MA147LL/A (1791151606409986048)]} 0 11
2024-02-17 13:08:03.841 INFO  (qtp515273883-20) [c:techproducts s:shard1 r:core_node8 x:techproducts_shard1_replica_n6 t:localhost-15] o.a.s.u.p.LogUpdateProcessorFactory webapp=/solr path=/update params={update.distrib=TOLEADER&distrib.from=http://localhost:8983/solr/techproducts_shard2_replica_n2/&wt=javabin&version=2}{add=[adata (1791151606426763264), asus (1791151606426763265), belkin (1791151606426763266), maxtor (1791151606427811840)]} 0 3
2024-02-17 13:08:03.842 INFO  (qtp515273883-21) [c:techproducts s:shard2 r:core_node7 x:techproducts_shard2_replica_n4 t:localhost-15] o.a.s.u.p.LogUpdateProcessorFactory webapp=/solr path=/update params={update.distrib=TOLEADER&distrib.from=http://localhost:8983/solr/techproducts_shard2_replica_n2/&wt=javabin&version=2}{add=[apple (1791151606426763264), ati (1791151606426763265), canon (1791151606426763266), corsair (1791151606427811840), dell (1791151606427811841), samsung (1791151606427811842), viewsonic (1791151606428860416)]} 0 4
2024-02-17 13:08:03.852 INFO  (qtp515273883-20) [c:techproducts s:shard1 r:core_node8 x:techproducts_shard1_replica_n6 t:localhost-16] o.a.s.u.p.LogUpdateProcessorFactory webapp=/solr path=/update params={update.distrib=TOLEADER&distrib.from=http://localhost:8983/solr/techproducts_shard1_replica_n1/&wt=javabin&version=2}{add=[TWINX2048-3200PRO (1791151606434103296), VS1GB400C3 (1791151606436200448), VDBDB1A16 (1791151606436200449)]} 0 6
2024-02-17 13:08:03.860 INFO  (qtp515273883-19) [c:techproducts s:shard1 r:core_node8 x:techproducts_shard1_replica_n6 t:localhost-17] o.a.s.u.p.LogUpdateProcessorFactory webapp=/solr path=/update params={update.distrib=TOLEADER&distrib.from=http://localhost:8983/solr/techproducts_shard2_replica_n2/&wt=javabin&version=2}{add=[USD (1791151606445637632), GBP (1791151606445637633)]} 0 3
2024-02-17 13:08:03.861 INFO  (qtp515273883-21) [c:techproducts s:shard2 r:core_node7 x:techproducts_shard2_replica_n4 t:localhost-17] o.a.s.u.p.LogUpdateProcessorFactory webapp=/solr path=/update params={update.distrib=TOLEADER&distrib.from=http://localhost:8983/solr/techproducts_shard2_replica_n2/&wt=javabin&version=2}{add=[EUR (1791151606445637632), NOK (1791151606445637633)]} 0 5
2024-02-17 13:08:03.870 INFO  (qtp515273883-19) [c:techproducts s:shard1 r:core_node8 x:techproducts_shard1_replica_n6 t:localhost-18] o.a.s.u.p.LogUpdateProcessorFactory webapp=/solr path=/update params={update.distrib=TOLEADER&distrib.from=http://localhost:8983/solr/techproducts_shard2_replica_n2/&wt=javabin&version=2}{add=[3007WFP (1791151606456123392)]} 0 3
2024-02-17 13:08:03.877 INFO  (qtp515273883-21) [c:techproducts s:shard2 r:core_node7 x:techproducts_shard2_replica_n4 t:localhost-19] o.a.s.u.p.LogUpdateProcessorFactory webapp=/solr path=/update params={update.distrib=TOLEADER&distrib.from=http://localhost:8983/solr/techproducts_shard1_replica_n1/&wt=javabin&version=2}{add=[VA902B (1791151606464512000)]} 0 2
2024-02-17 13:08:04.173 INFO  (qtp515273883-19) [c:techproducts s:shard1 r:core_node8 x:techproducts_shard1_replica_n6 t:localhost-20] o.a.s.u.p.LogUpdateProcessorFactory webapp=/solr path=/update params={update.distrib=TOLEADER&distrib.from=http://localhost:8983/solr/techproducts_shard1_replica_n1/&wt=javabin&version=2}{add=[/Users/rezafitriaman/IdeaProjects/apache-solr-playground/solr-9.4.1/example/exampledocs/more_books.jsonl (1791151606773841920)]} 0 3
2024-02-17 13:08:04.180 INFO  (qtp515273883-21) [c:techproducts s:shard2 r:core_node7 x:techproducts_shard2_replica_n4 t:localhost-21] o.a.s.u.p.LogUpdateProcessorFactory webapp=/solr path=/update params={update.distrib=TOLEADER&distrib.from=http://localhost:8983/solr/techproducts_shard2_replica_n2/&wt=javabin&version=2}{add=[0579B002 (1791151606782230528)]} 0 2
2024-02-17 13:08:04.269 INFO  (qtp515273883-19) [c:techproducts s:shard2 r:core_node7 x:techproducts_shard2_replica_n4 t:localhost-22] o.a.s.u.p.LogUpdateProcessorFactory webapp=/solr path=/update params={update.distrib=TOLEADER&distrib.from=http://localhost:8983/solr/techproducts_shard1_replica_n1/&wt=javabin&version=2}{add=[/Users/rezafitriaman/IdeaProjects/apache-solr-playground/solr-9.4.1/example/exampledocs/post.jar (1791151606856679424)]} 0 23
2024-02-17 13:08:04.555 INFO  (qtp515273883-20) [c:techproducts s:shard2 r:core_node7 x:techproducts_shard2_replica_n4 t:localhost-23] o.a.s.u.p.LogUpdateProcessorFactory webapp=/solr path=/update params={update.distrib=TOLEADER&distrib.from=http://localhost:8983/solr/techproducts_shard2_replica_n2/&wt=javabin&version=2}{add=[/Users/rezafitriaman/IdeaProjects/apache-solr-playground/solr-9.4.1/example/exampledocs/sample.html (1791151607172300800)]} 0 5
2024-02-17 13:08:04.564 INFO  (qtp515273883-19) [c:techproducts s:shard2 r:core_node7 x:techproducts_shard2_replica_n4 t:localhost-24] o.a.s.u.p.LogUpdateProcessorFactory webapp=/solr path=/update params={update.distrib=TOLEADER&distrib.from=http://localhost:8983/solr/techproducts_shard2_replica_n2/&wt=javabin&version=2}{add=[9885A004 (1791151607182786560)]} 0 4
2024-02-17 13:08:05.404 INFO  (qtp515273883-20) [c:techproducts s:shard1 r:core_node8 x:techproducts_shard1_replica_n6 t:localhost-25] o.a.s.u.p.LogUpdateProcessorFactory webapp=/solr path=/update params={update.distrib=TOLEADER&distrib.from=http://localhost:8983/solr/techproducts_shard2_replica_n2/&wt=javabin&version=2}{add=[/Users/rezafitriaman/IdeaProjects/apache-solr-playground/solr-9.4.1/example/exampledocs/solr-word.pdf (1791151608063590400)]} 0 4
2024-02-17 13:08:05.411 INFO  (qtp515273883-19) [c:techproducts s:shard2 r:core_node7 x:techproducts_shard2_replica_n4 t:localhost-26] o.a.s.u.p.LogUpdateProcessorFactory webapp=/solr path=/update params={update.distrib=TOLEADER&distrib.from=http://localhost:8983/solr/techproducts_shard1_replica_n1/&wt=javabin&version=2}{add=[SOLR1000 (1791151608071979008)]} 0 2
2024-02-17 13:08:05.438 INFO  (qtp515273883-20) [c:techproducts s:shard2 r:core_node7 x:techproducts_shard2_replica_n4 t:localhost-27] o.a.s.u.p.LogUpdateProcessorFactory webapp=/solr path=/update params={update.distrib=TOLEADER&distrib.from=http://localhost:8983/solr/techproducts_shard2_replica_n2/&wt=javabin&version=2}{add=[/Users/rezafitriaman/IdeaProjects/apache-solr-playground/solr-9.4.1/example/exampledocs/test_utf8.sh (1791151608100290560)]} 0 3
2024-02-17 13:08:05.446 INFO  (qtp515273883-19) [c:techproducts s:shard2 r:core_node7 x:techproducts_shard2_replica_n4 t:localhost-28] o.a.s.u.p.LogUpdateProcessorFactory webapp=/solr path=/update params={update.distrib=TOLEADER&distrib.from=http://localhost:8983/solr/techproducts_shard1_replica_n1/&wt=javabin&version=2}{add=[UTF8TEST (1791151608108679168)]} 0 3
2024-02-17 13:08:05.454 INFO  (qtp515273883-20) [c:techproducts s:shard1 r:core_node8 x:techproducts_shard1_replica_n6 t:localhost-29] o.a.s.u.p.LogUpdateProcessorFactory webapp=/solr path=/update params={update.distrib=TOLEADER&distrib.from=http://localhost:8983/solr/techproducts_shard2_replica_n2/&wt=javabin&version=2}{add=[EN7800GTX/2DHTV/256M (1791151608116019200)]} 0 4
2024-02-17 13:08:05.455 INFO  (qtp515273883-21) [c:techproducts s:shard2 r:core_node7 x:techproducts_shard2_replica_n4 t:localhost-29] o.a.s.u.p.LogUpdateProcessorFactory webapp=/solr path=/update params={update.distrib=TOLEADER&distrib.from=http://localhost:8983/solr/techproducts_shard2_replica_n2/&wt=javabin&version=2}{add=[100-435805 (1791151608116019200)]} 0 5
2024-02-17 13:08:05.621 INFO  (searcherExecutor-21-thread-1-processing-techproducts_shard2_replica_n4 localhost-30 core_node7 localhost:7574_solr techproducts shard2) [c:techproducts s:shard2 r:core_node7 x:techproducts_shard2_replica_n4 t:localhost-30] o.a.s.c.QuerySenderListener QuerySenderListener done.
2024-02-17 13:08:05.621 INFO  (searcherExecutor-22-thread-1-processing-techproducts_shard1_replica_n6 localhost-30 core_node8 localhost:7574_solr techproducts shard1) [c:techproducts s:shard1 r:core_node8 x:techproducts_shard1_replica_n6 t:localhost-30] o.a.s.c.QuerySenderListener QuerySenderListener done.
2024-02-17 13:08:05.628 INFO  (searcherExecutor-21-thread-1-processing-techproducts_shard2_replica_n4 localhost-30 core_node7 localhost:7574_solr techproducts shard2) [c:techproducts s:shard2 r:core_node7 x:techproducts_shard2_replica_n4 t:localhost-30] o.a.s.c.SolrCore Registered new searcher autowarm time: 2 ms
2024-02-17 13:08:05.628 INFO  (searcherExecutor-22-thread-1-processing-techproducts_shard1_replica_n6 localhost-30 core_node8 localhost:7574_solr techproducts shard1) [c:techproducts s:shard1 r:core_node8 x:techproducts_shard1_replica_n6 t:localhost-30] o.a.s.c.SolrCore Registered new searcher autowarm time: 2 ms
2024-02-17 13:08:05.650 INFO  (qtp515273883-20) [c:techproducts s:shard1 r:core_node8 x:techproducts_shard1_replica_n6 t:localhost-30] o.a.s.u.p.LogUpdateProcessorFactory webapp=/solr path=/update params={update.distrib=TOLEADER&waitSearcher=true&openSearcher=true&commit=true&softCommit=false&distrib.from=http://localhost:8983/solr/techproducts_shard2_replica_n2/&commit_end_point=leaders&wt=javabin&version=2&expungeDeletes=false}{commit=} 0 189
2024-02-17 13:08:05.650 INFO  (qtp515273883-19) [c:techproducts s:shard2 r:core_node7 x:techproducts_shard2_replica_n4 t:localhost-30] o.a.s.u.p.LogUpdateProcessorFactory webapp=/solr path=/update params={update.distrib=TOLEADER&waitSearcher=true&openSearcher=true&commit=true&softCommit=false&distrib.from=http://localhost:8983/solr/techproducts_shard2_replica_n2/&commit_end_point=leaders&wt=javabin&version=2&expungeDeletes=false}{commit=} 0 189
2024-02-17 13:08:20.297 INFO  (qtp515273883-48) [c:techproducts s:shard2 r:core_node7 x:techproducts_shard2_replica_n4 t:localhost-31] o.a.s.c.S.Request webapp=/solr path=/select params={df=text&distrib=false&fl=id&fl=score&shards.purpose=16388&start=0&fsv=true&rows=10&rid=localhost-31&version=2&q=*:*&omitHeader=false&NOW=1708175300285&isShard=true&wt=javabin} hits=29 status=0 QTime=6
2024-02-17 13:08:20.318 INFO  (qtp515273883-19) [c:techproducts s:shard2 r:core_node7 x:techproducts_shard2_replica_n4 t:localhost-31] o.a.s.c.S.Request webapp=/solr path=/select params={q=*:*&df=text&distrib=false&omitHeader=false&shards.purpose=64&NOW=1708175300285&ids=0553293354,055357342X,6H500F0,978-1933988177,0553579908,978-1423103349,978-1857995879,0553573403,0812550706,SP2514N&isShard=true&rows=10&rid=localhost-31&wt=javabin&version=2} status=0 QTime=2
2024-02-17 13:08:40.285 INFO  (qtp515273883-48) [c:techproducts s:shard1 r:core_node8 x:techproducts_shard1_replica_n6 t:localhost-32] o.a.s.c.S.Request webapp=/solr path=/select params={df=text&distrib=false&fl=id&fl=score&shards.purpose=16388&start=0&fsv=true&rows=10&rid=localhost-32&version=2&q=foundation&omitHeader=false&NOW=1708175320278&isShard=true&wt=javabin} hits=0 status=0 QTime=2
2024-02-17 13:09:27.812 INFO  (qtp515273883-19) [c:techproducts s:shard1 r:core_node8 x:techproducts_shard1_replica_n6 t:localhost-33] o.a.s.c.S.Request webapp=/solr path=/select params={df=text&distrib=false&fl=id&fl=score&shards.purpose=16388&start=0&fsv=true&rows=10&rid=localhost-33&version=2&q=*:*&omitHeader=false&NOW=1708175367806&isShard=true&wt=javabin} hits=22 status=0 QTime=1
2024-02-17 13:09:27.817 INFO  (qtp515273883-48) [c:techproducts s:shard1 r:core_node8 x:techproducts_shard1_replica_n6 t:localhost-33] o.a.s.c.S.Request webapp=/solr path=/select params={q=*:*&df=text&distrib=false&omitHeader=false&shards.purpose=64&NOW=1708175367806&ids=0805080481,GB18030TEST,0812521390,0441385532,MA147LL/A,080508049X,0380014300,IW-02,978-0641723445,adata&isShard=true&rows=10&rid=localhost-33&wt=javabin&version=2} status=0 QTime=0
2024-02-17 13:10:07.498 INFO  (qtp515273883-20) [c:techproducts s:shard1 r:core_node8 x:techproducts_shard1_replica_n6 t:localhost-39] o.a.s.c.S.Request webapp=/solr path=/select params={df=text&distrib=false&fl=id&fl=score&shards.purpose=16388&start=0&fsv=true&q.op=OR&rows=10&rid=localhost-39&version=2&q=cat:book-hardcover&omitHeader=false&NOW=1708175407492&isShard=true&wt=javabin&useParams=&_=1708175407465} hits=0 status=0 QTime=2
2024-02-17 13:10:07.498 INFO  (qtp515273883-19) [c:techproducts s:shard2 r:core_node7 x:techproducts_shard2_replica_n4 t:localhost-39] o.a.s.c.S.Request webapp=/solr path=/select params={df=text&distrib=false&fl=id&fl=score&shards.purpose=16388&start=0&fsv=true&q.op=OR&rows=10&rid=localhost-39&version=2&q=cat:book-hardcover&omitHeader=false&NOW=1708175407492&isShard=true&wt=javabin&useParams=&_=1708175407465} hits=0 status=0 QTime=2
2024-02-17 13:10:22.631 INFO  (qtp515273883-48) [c:techproducts s:shard1 r:core_node8 x:techproducts_shard1_replica_n6 t:localhost-43] o.a.s.c.S.Request webapp=/solr path=/select params={df=text&distrib=false&fl=id&fl=score&shards.purpose=16388&start=0&fsv=true&q.op=OR&rows=10&rid=localhost-43&version=2&q=foundation&omitHeader=false&NOW=1708175422623&isShard=true&wt=javabin&useParams=&_=1708175407465} hits=0 status=0 QTime=2
2024-02-17 13:10:28.288 INFO  (qtp515273883-19) [c:techproducts s:shard2 r:core_node7 x:techproducts_shard2_replica_n4 t:localhost-48] o.a.s.c.S.Request webapp=/solr path=/select params={df=text&distrib=false&fl=id&fl=score&shards.purpose=16388&start=0&fsv=true&q.op=AND&rows=10&rid=localhost-48&version=2&q=foundation&omitHeader=false&NOW=1708175428273&isShard=true&wt=javabin&useParams=&_=1708175407465} hits=5 status=0 QTime=9
2024-02-17 13:10:28.297 INFO  (qtp515273883-48) [c:techproducts s:shard2 r:core_node7 x:techproducts_shard2_replica_n4 t:localhost-48] o.a.s.c.S.Request webapp=/solr path=/select params={df=text&distrib=false&shards.purpose=64&q.op=AND&rows=10&rid=localhost-48&version=2&q=foundation&omitHeader=false&NOW=1708175428273&ids=0553293354,/Users/rezafitriaman/IdeaProjects/apache-solr-playground/solr-9.4.1/example/exampledocs/post.jar,SOLR1000,UTF8TEST,/Users/rezafitriaman/IdeaProjects/apache-solr-playground/solr-9.4.1/example/exampledocs/test_utf8.sh&isShard=true&wt=javabin&useParams=&_=1708175407465} status=0 QTime=1
2024-02-17 13:10:54.026 INFO  (qtp515273883-19) [c:techproducts s:shard2 r:core_node7 x:techproducts_shard2_replica_n4 t:localhost-54] o.a.s.c.S.Request webapp=/solr path=/select params={df=text&distrib=false&fl=id&fl=score&shards.purpose=16452&start=0&fsv=true&rows=10&rid=localhost-54&version=2&q=foundation&omitHeader=false&NOW=1708175454021&isShard=true&wt=javabin} hits=5 status=0 QTime=2
2024-02-17 13:12:49.987 INFO  (qtp515273883-23) [c: s: r: x: t:localhost-6] o.a.s.s.HttpSolrCall [admin] webapp=null path=/admin/cores params={indexInfo=false&wt=json&_=1708170474703} status=0 QTime=5
2024-02-17 13:12:49.996 INFO  (qtp515273883-61) [c: s: r: x: t:localhost-7] o.a.s.s.HttpSolrCall [admin] webapp=null path=/admin/info/system params={wt=json&_=1708170474703} status=0 QTime=14
2024-02-17 13:12:49.999 INFO  (qtp515273883-26) [c:techproducts s:shard1 r:core_node8 x:techproducts_shard1_replica_n6 t:localhost-8] o.a.s.c.S.Request webapp=/solr path=/config/params params={wt=json&_=1708170474729} status=0 QTime=17
2024-02-17 13:12:50.022 INFO  (qtp515273883-20) [c: s: r: x: t:localhost-10] o.a.s.s.HttpSolrCall [admin] webapp=null path=/admin/collections params={action=LIST&wt=json&_=1708170474703} status=0 QTime=0
2024-02-17 13:12:50.022 INFO  (qtp515273883-26) [c:techproducts s:shard1 r:core_node8 x:techproducts_shard1_replica_n6 t:localhost-9] o.a.s.c.S.Request webapp=/solr path=/select params={df=text&distrib=false&fl=id&fl=score&shards.purpose=16388&start=0&fsv=true&q.op=AND&rows=10&rid=localhost-9&version=2&q=electronics&omitHeader=false&NOW=1708175569990&isShard=true&wt=javabin&useParams=&_=1708170474729} hits=7 status=0 QTime=2
2024-02-17 13:12:50.025 INFO  (qtp515273883-73) [c: s: r: x: t:localhost-11] o.a.s.s.HttpSolrCall [admin] webapp=null path=/admin/collections params={action=LISTALIASES&wt=json&_=1708170474703} status=0 QTime=0
2024-02-17 13:12:50.035 INFO  (qtp515273883-48) [c:techproducts s:shard1 r:core_node8 x:techproducts_shard1_replica_n6 t:localhost-9] o.a.s.c.S.Request webapp=/solr path=/select params={df=text&distrib=false&shards.purpose=64&q.op=AND&rows=10&rid=localhost-9&version=2&q=electronics&omitHeader=false&NOW=1708175569990&ids=VS1GB400C3,3007WFP,IW-02&isShard=true&wt=javabin&useParams=&_=1708170474729} status=0 QTime=0
2024-02-17 13:12:50.038 INFO  (qtp515273883-25) [c:techproducts s:shard2 r:core_node7 x:techproducts_shard2_replica_n4 t:localhost-9] o.a.s.c.S.Request webapp=/solr path=/select params={q=electronics&indent=true&q.op=AND&useParams=&_=1708170474729} rid=localhost-9 hits=14 status=0 QTime=57
2024-02-17 13:13:34.795 INFO  (qtp515273883-20) [c:techproducts s:shard1 r:core_node8 x:techproducts_shard1_replica_n6 t:localhost-58] o.a.s.c.S.Request webapp=/solr path=/select params={df=text&distrib=false&fl=id&fl=score&shards.purpose=16388&start=0&fsv=true&q.op=AND&rows=10&rid=localhost-58&version=2&q=cat:electronics&omitHeader=false&NOW=1708175614773&isShard=true&wt=javabin&useParams=&_=1708175407465} hits=6 status=0 QTime=0
2024-02-17 13:13:34.795 INFO  (qtp515273883-22) [c:techproducts s:shard2 r:core_node7 x:techproducts_shard2_replica_n4 t:localhost-58] o.a.s.c.S.Request webapp=/solr path=/select params={df=text&distrib=false&fl=id&fl=score&shards.purpose=16388&start=0&fsv=true&q.op=AND&rows=10&rid=localhost-58&version=2&q=cat:electronics&omitHeader=false&NOW=1708175614773&isShard=true&wt=javabin&useParams=&_=1708175407465} hits=6 status=0 QTime=0
2024-02-17 13:13:34.798 INFO  (qtp515273883-20) [c:techproducts s:shard2 r:core_node7 x:techproducts_shard2_replica_n4 t:localhost-58] o.a.s.c.S.Request webapp=/solr path=/select params={df=text&distrib=false&shards.purpose=64&q.op=AND&rows=10&rid=localhost-58&version=2&q=cat:electronics&omitHeader=false&NOW=1708175614773&ids=F8V7067-APL-KIT,6H500F0,100-435805,9885A004,0579B002,SP2514N&isShard=true&wt=javabin&useParams=&_=1708175407465} status=0 QTime=0
2024-02-17 13:13:34.798 INFO  (qtp515273883-21) [c:techproducts s:shard1 r:core_node8 x:techproducts_shard1_replica_n6 t:localhost-58] o.a.s.c.S.Request webapp=/solr path=/select params={df=text&distrib=false&shards.purpose=64&q.op=AND&rows=10&rid=localhost-58&version=2&q=cat:electronics&omitHeader=false&NOW=1708175614773&ids=VS1GB400C3,TWINX2048-3200PRO,MA147LL/A,IW-02&isShard=true&wt=javabin&useParams=&_=1708175407465} status=0 QTime=0
2024-02-17 13:15:03.169 INFO  (qtp515273883-22) [c:techproducts s:shard1 r:core_node8 x:techproducts_shard1_replica_n6 t:localhost-74] o.a.s.c.S.Request webapp=/solr path=/select params={df=text&distrib=false&fl=id&fl=score&shards.purpose=16388&start=0&fsv=true&q.op=AND&rows=10&rid=localhost-74&version=2&q=%2Belectronics&omitHeader=false&NOW=1708175703148&isShard=true&wt=javabin&useParams=&_=1708175407465} hits=7 status=0 QTime=7
2024-02-17 13:15:03.178 INFO  (qtp515273883-20) [c:techproducts s:shard1 r:core_node8 x:techproducts_shard1_replica_n6 t:localhost-74] o.a.s.c.S.Request webapp=/solr path=/select params={df=text&distrib=false&shards.purpose=64&q.op=AND&rows=10&rid=localhost-74&version=2&q=%2Belectronics&omitHeader=false&NOW=1708175703148&ids=VS1GB400C3,3007WFP,IW-02&isShard=true&wt=javabin&useParams=&_=1708175407465} status=0 QTime=1
2024-02-17 13:15:11.241 INFO  (qtp515273883-22) [c:techproducts s:shard1 r:core_node8 x:techproducts_shard1_replica_n6 t:localhost-80] o.a.s.c.S.Request webapp=/solr path=/select params={df=text&distrib=false&fl=id&fl=score&shards.purpose=16388&start=0&fsv=true&q.op=AND&rows=10&rid=localhost-80&version=2&q=%2Bmusic&omitHeader=false&NOW=1708175711222&isShard=true&wt=javabin&useParams=&_=1708175407465} hits=1 status=0 QTime=8
2024-02-17 13:15:11.251 INFO  (qtp515273883-20) [c:techproducts s:shard1 r:core_node8 x:techproducts_shard1_replica_n6 t:localhost-80] o.a.s.c.S.Request webapp=/solr path=/select params={df=text&distrib=false&shards.purpose=64&q.op=AND&rows=10&rid=localhost-80&version=2&q=%2Bmusic&omitHeader=false&NOW=1708175711222&ids=MA147LL/A&isShard=true&wt=javabin&useParams=&_=1708175407465} status=0 QTime=0
2024-02-17 13:15:23.619 INFO  (qtp515273883-22) [c:techproducts s:shard2 r:core_node7 x:techproducts_shard2_replica_n4 t:localhost-88] o.a.s.c.S.Request webapp=/solr path=/select params={df=text&distrib=false&fl=id&fl=score&shards.purpose=16388&start=0&fsv=true&q.op=AND&rows=10&rid=localhost-88&version=2&q=%2Bmusic+electronics&omitHeader=false&NOW=1708175723612&isShard=true&wt=javabin&useParams=&_=1708175407465} hits=0 status=0 QTime=2
2024-02-17 13:15:23.640 INFO  (qtp515273883-21) [c:techproducts s:shard1 r:core_node8 x:techproducts_shard1_replica_n6 t:localhost-88] o.a.s.c.S.Request webapp=/solr path=/select params={df=text&distrib=false&fl=id&fl=score&shards.purpose=16388&start=0&fsv=true&q.op=AND&rows=10&rid=localhost-88&version=2&q=%2Bmusic+electronics&omitHeader=false&NOW=1708175723612&isShard=true&wt=javabin&useParams=&_=1708175407465} hits=1 status=0 QTime=20
2024-02-17 13:15:23.643 INFO  (qtp515273883-20) [c:techproducts s:shard1 r:core_node8 x:techproducts_shard1_replica_n6 t:localhost-88] o.a.s.c.S.Request webapp=/solr path=/select params={df=text&distrib=false&shards.purpose=64&q.op=AND&rows=10&rid=localhost-88&version=2&q=%2Bmusic+electronics&omitHeader=false&NOW=1708175723612&ids=MA147LL/A&isShard=true&wt=javabin&useParams=&_=1708175407465} status=0 QTime=0
2024-02-17 13:15:29.876 INFO  (qtp515273883-21) [c:techproducts s:shard2 r:core_node7 x:techproducts_shard2_replica_n4 t:localhost-93] o.a.s.c.S.Request webapp=/solr path=/select params={df=text&distrib=false&fl=id&fl=score&shards.purpose=16388&start=0&fsv=true&q.op=AND&rows=10&rid=localhost-93&version=2&q=%2Bmusic+%2Belectronics&omitHeader=false&NOW=1708175729870&isShard=true&wt=javabin&useParams=&_=1708175407465} hits=0 status=0 QTime=1
2024-02-17 13:15:29.876 INFO  (qtp515273883-49) [c:techproducts s:shard1 r:core_node8 x:techproducts_shard1_replica_n6 t:localhost-93] o.a.s.c.S.Request webapp=/solr path=/select params={df=text&distrib=false&fl=id&fl=score&shards.purpose=16388&start=0&fsv=true&q.op=AND&rows=10&rid=localhost-93&version=2&q=%2Bmusic+%2Belectronics&omitHeader=false&NOW=1708175729870&isShard=true&wt=javabin&useParams=&_=1708175407465} hits=1 status=0 QTime=1
2024-02-17 13:15:29.881 INFO  (qtp515273883-20) [c:techproducts s:shard1 r:core_node8 x:techproducts_shard1_replica_n6 t:localhost-93] o.a.s.c.S.Request webapp=/solr path=/select params={df=text&distrib=false&shards.purpose=64&q.op=AND&rows=10&rid=localhost-93&version=2&q=%2Bmusic+%2Belectronics&omitHeader=false&NOW=1708175729870&ids=MA147LL/A&isShard=true&wt=javabin&useParams=&_=1708175407465} status=0 QTime=0
2024-02-17 13:16:11.288 INFO  (qtp515273883-19) [c:techproducts s:shard1 r:core_node8 x:techproducts_shard1_replica_n6 t:localhost-13] o.a.s.c.S.Request webapp=/solr path=/config/params params={wt=json&_=1708170474729} status=0 QTime=1
2024-02-17 13:16:11.288 INFO  (qtp515273883-25) [c: s: r: x: t:localhost-14] o.a.s.s.HttpSolrCall [admin] webapp=null path=/admin/cores params={indexInfo=false&wt=json&_=1708170474703} status=0 QTime=0
2024-02-17 13:16:11.296 INFO  (qtp515273883-48) [c: s: r: x: t:localhost-12] o.a.s.s.HttpSolrCall [admin] webapp=null path=/admin/info/system params={wt=json&_=1708170474703} status=0 QTime=9
2024-02-17 13:16:11.308 INFO  (qtp515273883-20) [c: s: r: x: t:localhost-16] o.a.s.s.HttpSolrCall [admin] webapp=null path=/admin/collections params={action=LIST&wt=json&_=1708170474703} status=0 QTime=0
2024-02-17 13:16:11.311 INFO  (qtp515273883-73) [c:techproducts s:shard1 r:core_node8 x:techproducts_shard1_replica_n6 t:localhost-15] o.a.s.c.S.Request webapp=/solr path=/select params={df=text&distrib=false&fl=id&fl=score&shards.purpose=16388&start=0&fsv=true&q.op=AND&rows=10&rid=localhost-15&version=2&q=%2Belectronics+-music&omitHeader=false&NOW=1708175771290&isShard=true&wt=javabin&useParams=&_=1708170474729} hits=6 status=0 QTime=3
2024-02-17 13:16:11.315 INFO  (qtp515273883-48) [c: s: r: x: t:localhost-17] o.a.s.s.HttpSolrCall [admin] webapp=null path=/admin/collections params={action=LISTALIASES&wt=json&_=1708170474703} status=0 QTime=3
2024-02-17 13:16:11.322 INFO  (qtp515273883-19) [c:techproducts s:shard1 r:core_node8 x:techproducts_shard1_replica_n6 t:localhost-15] o.a.s.c.S.Request webapp=/solr path=/select params={df=text&distrib=false&shards.purpose=64&q.op=AND&rows=10&rid=localhost-15&version=2&q=%2Belectronics+-music&omitHeader=false&NOW=1708175771290&ids=VS1GB400C3,3007WFP,IW-02&isShard=true&wt=javabin&useParams=&_=1708170474729} status=0 QTime=0
2024-02-17 13:16:11.323 INFO  (qtp515273883-76) [c:techproducts s:shard1 r:core_node8 x:techproducts_shard1_replica_n6 t:localhost-15] o.a.s.c.S.Request webapp=/solr path=/select params={q=%2Belectronics+-music&indent=true&q.op=AND&useParams=&_=1708170474729} rid=localhost-15 hits=13 status=0 QTime=34
2024-02-17 13:16:18.762 INFO  (qtp515273883-49) [c:techproducts s:shard2 r:core_node7 x:techproducts_shard2_replica_n4 t:localhost-18] o.a.s.c.S.Request webapp=/solr path=/config/params params={wt=json&_=1708170474729} status=0 QTime=0
2024-02-17 13:16:18.766 INFO  (qtp515273883-20) [c: s: r: x: t:localhost-21] o.a.s.s.HttpSolrCall [admin] webapp=null path=/admin/cores params={indexInfo=false&wt=json&_=1708170474703} status=0 QTime=0
2024-02-17 13:16:18.766 INFO  (qtp515273883-22) [c: s: r: x: t:localhost-19] o.a.s.s.HttpSolrCall [admin] webapp=null path=/admin/info/system params={wt=json&_=1708170474703} status=0 QTime=4
2024-02-17 13:16:18.771 INFO  (qtp515273883-48) [c:techproducts s:shard1 r:core_node8 x:techproducts_shard1_replica_n6 t:localhost-20] o.a.s.c.S.Request webapp=/solr path=/select params={df=text&distrib=false&fl=id&fl=score&shards.purpose=16388&start=0&fsv=true&q.op=AND&rows=10&rid=localhost-20&version=2&q=%2Belectronics+music&omitHeader=false&NOW=1708175778762&isShard=true&wt=javabin&useParams=&_=1708170474729} hits=1 status=0 QTime=1
2024-02-17 13:16:18.777 INFO  (qtp515273883-19) [c: s: r: x: t:localhost-22] o.a.s.s.HttpSolrCall [admin] webapp=null path=/admin/collections params={action=LIST&wt=json&_=1708170474703} status=0 QTime=0
2024-02-17 13:16:18.777 INFO  (qtp515273883-22) [c:techproducts s:shard1 r:core_node8 x:techproducts_shard1_replica_n6 t:localhost-20] o.a.s.c.S.Request webapp=/solr path=/select params={df=text&distrib=false&shards.purpose=64&q.op=AND&rows=10&rid=localhost-20&version=2&q=%2Belectronics+music&omitHeader=false&NOW=1708175778762&ids=MA147LL/A&isShard=true&wt=javabin&useParams=&_=1708170474729} status=0 QTime=0
2024-02-17 13:16:18.779 INFO  (qtp515273883-26) [c:techproducts s:shard1 r:core_node8 x:techproducts_shard1_replica_n6 t:localhost-20] o.a.s.c.S.Request webapp=/solr path=/select params={q=%2Belectronics+music&indent=true&q.op=AND&useParams=&_=1708170474729} rid=localhost-20 hits=1 status=0 QTime=17
2024-02-17 13:16:18.788 INFO  (qtp515273883-48) [c: s: r: x: t:localhost-23] o.a.s.s.HttpSolrCall [admin] webapp=null path=/admin/collections params={action=LISTALIASES&wt=json&_=1708170474703} status=0 QTime=1
2024-02-17 13:16:28.935 INFO  (qtp515273883-25) [c:techproducts s:shard1 r:core_node8 x:techproducts_shard1_replica_n6 t:localhost-27] o.a.s.c.S.Request webapp=/solr path=/config/params params={wt=json&_=1708170474729} status=0 QTime=0
2024-02-17 13:16:28.935 INFO  (qtp515273883-26) [c: s: r: x: t:localhost-26] o.a.s.s.HttpSolrCall [admin] webapp=null path=/admin/cores params={indexInfo=false&wt=json&_=1708170474703} status=0 QTime=0
2024-02-17 13:16:28.938 INFO  (qtp515273883-73) [c: s: r: x: t:localhost-24] o.a.s.s.HttpSolrCall [admin] webapp=null path=/admin/info/system params={wt=json&_=1708170474703} status=0 QTime=4
2024-02-17 13:16:28.942 INFO  (qtp515273883-20) [c:techproducts s:shard2 r:core_node7 x:techproducts_shard2_replica_n4 t:localhost-25] o.a.s.c.S.Request webapp=/solr path=/select params={df=text&distrib=false&fl=id&fl=score&shards.purpose=16388&start=0&fsv=true&q.op=AND&rows=10&rid=localhost-25&version=2&q=%2Belectronics+%2Bmusic&omitHeader=false&NOW=1708175788934&isShard=true&wt=javabin&useParams=&_=1708170474729} hits=0 status=0 QTime=1
2024-02-17 13:16:28.946 INFO  (qtp515273883-25) [c:techproducts s:shard1 r:core_node8 x:techproducts_shard1_replica_n6 t:localhost-25] o.a.s.c.S.Request webapp=/solr path=/select params={df=text&distrib=false&fl=id&fl=score&shards.purpose=16388&start=0&fsv=true&q.op=AND&rows=10&rid=localhost-25&version=2&q=%2Belectronics+%2Bmusic&omitHeader=false&NOW=1708175788934&isShard=true&wt=javabin&useParams=&_=1708170474729} hits=1 status=0 QTime=3
2024-02-17 13:16:28.951 INFO  (qtp515273883-48) [c: s: r: x: t:localhost-28] o.a.s.s.HttpSolrCall [admin] webapp=null path=/admin/collections params={action=LIST&wt=json&_=1708170474703} status=0 QTime=0
2024-02-17 13:16:28.952 INFO  (qtp515273883-26) [c:techproducts s:shard1 r:core_node8 x:techproducts_shard1_replica_n6 t:localhost-25] o.a.s.c.S.Request webapp=/solr path=/select params={df=text&distrib=false&shards.purpose=64&q.op=AND&rows=10&rid=localhost-25&version=2&q=%2Belectronics+%2Bmusic&omitHeader=false&NOW=1708175788934&ids=MA147LL/A&isShard=true&wt=javabin&useParams=&_=1708170474729} status=0 QTime=1
2024-02-17 13:16:28.954 INFO  (qtp515273883-23) [c:techproducts s:shard2 r:core_node7 x:techproducts_shard2_replica_n4 t:localhost-25] o.a.s.c.S.Request webapp=/solr path=/select params={q=%2Belectronics+%2Bmusic&indent=true&q.op=AND&useParams=&_=1708170474729} rid=localhost-25 hits=1 status=0 QTime=20
2024-02-17 13:16:28.956 INFO  (qtp515273883-25) [c: s: r: x: t:localhost-29] o.a.s.s.HttpSolrCall [admin] webapp=null path=/admin/collections params={action=LISTALIASES&wt=json&_=1708170474703} status=0 QTime=1
2024-02-17 13:16:30.328 INFO  (qtp515273883-26) [c: s: r: x: t:localhost-31] o.a.s.s.HttpSolrCall [admin] webapp=null path=/admin/cores params={indexInfo=false&wt=json&_=1708170474703} status=0 QTime=0
2024-02-17 13:16:30.328 INFO  (qtp515273883-19) [c:techproducts s:shard2 r:core_node7 x:techproducts_shard2_replica_n4 t:localhost-30] o.a.s.c.S.Request webapp=/solr path=/config/params params={wt=json&_=1708170474729} status=0 QTime=0
2024-02-17 13:16:30.333 INFO  (qtp515273883-22) [c: s: r: x: t:localhost-32] o.a.s.s.HttpSolrCall [admin] webapp=null path=/admin/info/system params={wt=json&_=1708170474703} status=0 QTime=4
2024-02-17 13:16:30.337 INFO  (qtp515273883-73) [c:techproducts s:shard2 r:core_node7 x:techproducts_shard2_replica_n4 t:localhost-33] o.a.s.c.S.Request webapp=/solr path=/select params={df=text&distrib=false&fl=id&fl=score&shards.purpose=16388&start=0&fsv=true&q.op=AND&rows=10&rid=localhost-33&version=2&q=%2Belectronics+%2Bmusic&omitHeader=false&NOW=1708175790331&isShard=true&wt=javabin&useParams=&_=1708170474729} hits=0 status=0 QTime=1
2024-02-17 13:16:30.337 INFO  (qtp515273883-26) [c:techproducts s:shard1 r:core_node8 x:techproducts_shard1_replica_n6 t:localhost-33] o.a.s.c.S.Request webapp=/solr path=/select params={df=text&distrib=false&fl=id&fl=score&shards.purpose=16388&start=0&fsv=true&q.op=AND&rows=10&rid=localhost-33&version=2&q=%2Belectronics+%2Bmusic&omitHeader=false&NOW=1708175790331&isShard=true&wt=javabin&useParams=&_=1708170474729} hits=1 status=0 QTime=1
2024-02-17 13:16:30.342 INFO  (qtp515273883-25) [c: s: r: x: t:localhost-34] o.a.s.s.HttpSolrCall [admin] webapp=null path=/admin/collections params={action=LIST&wt=json&_=1708170474703} status=0 QTime=0
2024-02-17 13:16:30.343 INFO  (qtp515273883-22) [c:techproducts s:shard1 r:core_node8 x:techproducts_shard1_replica_n6 t:localhost-33] o.a.s.c.S.Request webapp=/solr path=/select params={df=text&distrib=false&shards.purpose=64&q.op=AND&rows=10&rid=localhost-33&version=2&q=%2Belectronics+%2Bmusic&omitHeader=false&NOW=1708175790331&ids=MA147LL/A&isShard=true&wt=javabin&useParams=&_=1708170474729} status=0 QTime=1
2024-02-17 13:16:30.350 INFO  (qtp515273883-49) [c:techproducts s:shard2 r:core_node7 x:techproducts_shard2_replica_n4 t:localhost-33] o.a.s.c.S.Request webapp=/solr path=/select params={q=%2Belectronics+%2Bmusic&indent=true&q.op=AND&useParams=&_=1708170474729} rid=localhost-33 hits=1 status=0 QTime=18
2024-02-17 13:16:30.351 INFO  (qtp515273883-73) [c: s: r: x: t:localhost-35] o.a.s.s.HttpSolrCall [admin] webapp=null path=/admin/collections params={action=LISTALIASES&wt=json&_=1708170474703} status=0 QTime=1
2024-02-17 13:16:30.826 INFO  (qtp515273883-19) [c: s: r: x: t:localhost-38] o.a.s.s.HttpSolrCall [admin] webapp=null path=/admin/cores params={indexInfo=false&wt=json&_=1708170474703} status=0 QTime=0
2024-02-17 13:16:30.827 INFO  (qtp515273883-48) [c:techproducts s:shard2 r:core_node7 x:techproducts_shard2_replica_n4 t:localhost-36] o.a.s.c.S.Request webapp=/solr path=/config/params params={wt=json&_=1708170474729} status=0 QTime=0
2024-02-17 13:16:30.830 INFO  (qtp515273883-23) [c: s: r: x: t:localhost-37] o.a.s.s.HttpSolrCall [admin] webapp=null path=/admin/info/system params={wt=json&_=1708170474703} status=0 QTime=3
2024-02-17 13:16:30.832 INFO  (qtp515273883-22) [c:techproducts s:shard2 r:core_node7 x:techproducts_shard2_replica_n4 t:localhost-39] o.a.s.c.S.Request webapp=/solr path=/select params={df=text&distrib=false&fl=id&fl=score&shards.purpose=16388&start=0&fsv=true&q.op=AND&rows=10&rid=localhost-39&version=2&q=%2Belectronics+%2Bmusic&omitHeader=false&NOW=1708175790826&isShard=true&wt=javabin&useParams=&_=1708170474729} hits=0 status=0 QTime=1
2024-02-17 13:16:30.844 INFO  (qtp515273883-20) [c:techproducts s:shard1 r:core_node8 x:techproducts_shard1_replica_n6 t:localhost-39] o.a.s.c.S.Request webapp=/solr path=/select params={q=%2Belectronics+%2Bmusic&indent=true&q.op=AND&useParams=&_=1708170474729} rid=localhost-39 hits=1 status=0 QTime=18
2024-02-17 13:16:30.846 INFO  (qtp515273883-26) [c: s: r: x: t:localhost-40] o.a.s.s.HttpSolrCall [admin] webapp=null path=/admin/collections params={action=LIST&wt=json&_=1708170474703} status=0 QTime=0
2024-02-17 13:16:30.850 INFO  (qtp515273883-22) [c: s: r: x: t:localhost-41] o.a.s.s.HttpSolrCall [admin] webapp=null path=/admin/collections params={action=LISTALIASES&wt=json&_=1708170474703} status=0 QTime=1
2024-02-17 13:16:43.152 INFO  (qtp515273883-49) [c:techproducts s:shard2 r:core_node7 x:techproducts_shard2_replica_n4 t:localhost-42] o.a.s.c.S.Request webapp=/solr path=/config/params params={wt=json&_=1708170474729} status=0 QTime=0
2024-02-17 13:16:43.154 INFO  (qtp515273883-26) [c: s: r: x: t:localhost-43] o.a.s.s.HttpSolrCall [admin] webapp=null path=/admin/cores params={indexInfo=false&wt=json&_=1708170474703} status=0 QTime=0
2024-02-17 13:16:43.167 INFO  (qtp515273883-73) [c: s: r: x: t:localhost-45] o.a.s.s.HttpSolrCall [admin] webapp=null path=/admin/info/system params={wt=json&_=1708170474703} status=0 QTime=14
2024-02-17 13:16:43.178 INFO  (qtp515273883-22) [c: s: r: x: t:localhost-46] o.a.s.s.HttpSolrCall [admin] webapp=null path=/admin/collections params={action=LIST&wt=json&_=1708170474703} status=0 QTime=0
2024-02-17 13:16:43.180 INFO  (qtp515273883-25) [c:techproducts s:shard2 r:core_node7 x:techproducts_shard2_replica_n4 t:localhost-44] o.a.s.c.S.Request webapp=/solr path=/select params={q=%2Belectronics&indent=true&q.op=AND&useParams=&_=1708170474729} rid=localhost-44 hits=14 status=0 QTime=28
2024-02-17 13:16:43.182 INFO  (qtp515273883-73) [c: s: r: x: t:localhost-47] o.a.s.s.HttpSolrCall [admin] webapp=null path=/admin/collections params={action=LISTALIASES&wt=json&_=1708170474703} status=0 QTime=0
2024-02-17 13:16:50.803 INFO  (qtp515273883-22) [c: s: r: x: t:localhost-48] o.a.s.s.HttpSolrCall [admin] webapp=null path=/admin/cores params={indexInfo=false&wt=json&_=1708170474703} status=0 QTime=0
2024-02-17 13:16:50.804 INFO  (qtp515273883-19) [c:techproducts s:shard1 r:core_node8 x:techproducts_shard1_replica_n6 t:localhost-49] o.a.s.c.S.Request webapp=/solr path=/config/params params={wt=json&_=1708170474729} status=0 QTime=1
2024-02-17 13:16:50.806 INFO  (qtp515273883-20) [c: s: r: x: t:localhost-50] o.a.s.s.HttpSolrCall [admin] webapp=null path=/admin/info/system params={wt=json&_=1708170474703} status=0 QTime=4
2024-02-17 13:16:50.810 INFO  (qtp515273883-19) [c:techproducts s:shard1 r:core_node8 x:techproducts_shard1_replica_n6 t:localhost-51] o.a.s.c.S.Request webapp=/solr path=/select params={df=text&distrib=false&fl=id&fl=score&shards.purpose=16388&start=0&fsv=true&q.op=AND&rows=10&rid=localhost-51&version=2&q=%2Belectronics+-music&omitHeader=false&NOW=1708175810805&isShard=true&wt=javabin&useParams=&_=1708170474729} hits=6 status=0 QTime=1
2024-02-17 13:16:50.811 INFO  (qtp515273883-48) [c:techproducts s:shard2 r:core_node7 x:techproducts_shard2_replica_n4 t:localhost-51] o.a.s.c.S.Request webapp=/solr path=/select params={df=text&distrib=false&fl=id&fl=score&shards.purpose=16388&start=0&fsv=true&q.op=AND&rows=10&rid=localhost-51&version=2&q=%2Belectronics+-music&omitHeader=false&NOW=1708175810805&isShard=true&wt=javabin&useParams=&_=1708170474729} hits=7 status=0 QTime=2
2024-02-17 13:16:50.817 INFO  (qtp515273883-73) [c: s: r: x: t:localhost-52] o.a.s.s.HttpSolrCall [admin] webapp=null path=/admin/collections params={action=LIST&wt=json&_=1708170474703} status=0 QTime=0
2024-02-17 13:16:50.820 INFO  (qtp515273883-20) [c:techproducts s:shard1 r:core_node8 x:techproducts_shard1_replica_n6 t:localhost-51] o.a.s.c.S.Request webapp=/solr path=/select params={df=text&distrib=false&shards.purpose=64&q.op=AND&rows=10&rid=localhost-51&version=2&q=%2Belectronics+-music&omitHeader=false&NOW=1708175810805&ids=VS1GB400C3,3007WFP,IW-02&isShard=true&wt=javabin&useParams=&_=1708170474729} status=0 QTime=1
2024-02-17 13:16:50.820 INFO  (qtp515273883-19) [c:techproducts s:shard2 r:core_node7 x:techproducts_shard2_replica_n4 t:localhost-51] o.a.s.c.S.Request webapp=/solr path=/select params={df=text&distrib=false&shards.purpose=64&q.op=AND&rows=10&rid=localhost-51&version=2&q=%2Belectronics+-music&omitHeader=false&NOW=1708175810805&ids=F8V7067-APL-KIT,6H500F0,100-435805,9885A004,0579B002,SP2514N,VA902B&isShard=true&wt=javabin&useParams=&_=1708170474729} status=0 QTime=1
2024-02-17 13:16:50.823 INFO  (qtp515273883-23) [c:techproducts s:shard1 r:core_node8 x:techproducts_shard1_replica_n6 t:localhost-51] o.a.s.c.S.Request webapp=/solr path=/select params={q=%2Belectronics+-music&indent=true&q.op=AND&useParams=&_=1708170474729} rid=localhost-51 hits=13 status=0 QTime=17
2024-02-17 13:16:50.824 INFO  (qtp515273883-73) [c: s: r: x: t:localhost-53] o.a.s.s.HttpSolrCall [admin] webapp=null path=/admin/collections params={action=LISTALIASES&wt=json&_=1708170474703} status=0 QTime=3
2024-02-19 22:33:30.277 INFO  (qtp515273883-21) [c: s: r: x: t:localhost-54] o.a.s.s.HttpSolrCall [admin] webapp=null path=/admin/info/system params={wt=javabin&version=2} status=0 QTime=33
2024-02-19 22:33:30.316 INFO  (qtp515273883-19) [c: s: r: x: t:localhost-55] o.a.s.s.HttpSolrCall [admin] webapp=null path=/admin/collections params={action=CLUSTERSTATUS&wt=javabin&version=2} status=0 QTime=14
