2024-02-13 22:03:57.323 INFO  (main) [c: s: r: x: t:] o.e.j.s.Server jetty-10.0.19; built: 2023-12-15T20:38:32.477Z; git: 8492d1c78f122bb30cce20aecfa07e7283facd47; jvm 17.0.7+7
2024-02-13 22:03:57.513 WARN  (main) [c: s: r: x: t:] o.e.j.u.DeprecationWarning Using @Deprecated Class org.eclipse.jetty.servlet.listener.ELContextCleaner
2024-02-13 22:03:57.523 INFO  (main) [c: s: r: x: t:] o.a.s.s.CoreContainerProvider Using logger factory org.apache.logging.slf4j.Log4jLoggerFactory
2024-02-13 22:03:57.526 INFO  (main) [c: s: r: x: t:] o.a.s.s.CoreContainerProvider  ___      _       Welcome to Apache Solr™ version 9.4.1
2024-02-13 22:03:57.526 INFO  (main) [c: s: r: x: t:] o.a.s.s.CoreContainerProvider / __| ___| |_ _   Starting in cloud mode on port 8984
2024-02-13 22:03:57.526 INFO  (main) [c: s: r: x: t:] o.a.s.s.CoreContainerProvider \__ \/ _ \ | '_|  Install dir: /Users/rezafitriaman/IdeaProjects/apache-solr-playground/solr-9.4.1
2024-02-13 22:03:57.526 INFO  (main) [c: s: r: x: t:] o.a.s.s.CoreContainerProvider |___/\___/_|_|    Start time: 2024-02-13T22:03:57.526759Z
2024-02-13 22:03:57.527 INFO  (main) [c: s: r: x: t:] o.a.s.s.CoreContainerProvider Solr started with "-XX:+CrashOnOutOfMemoryError" that will crash on any OutOfMemoryError exception. The cause of the OOME will be logged in the crash file at the following path: /Users/rezafitriaman/IdeaProjects/apache-solr-playground/solr-9.4.1/server/logs/jvm_crash_2645.log
2024-02-13 22:03:57.537 INFO  (main) [c: s: r: x: t:] o.a.s.s.CoreContainerProvider Solr Home: /Users/rezafitriaman/IdeaProjects/apache-solr-playground/solr-9.4.1/server/solr (source: system property: solr.solr.home)
2024-02-13 22:03:57.549 WARN  (main) [c: s: r: x: t:] o.a.s.c.c.SolrZkClient Using default ZkCredentialsInjector. ZkCredentialsInjector is not secure, it creates an empty list of credentials which leads to 'OPEN_ACL_UNSAFE' ACLs to Zookeeper nodes
2024-02-13 22:03:57.566 INFO  (main) [c: s: r: x: t:] o.a.s.c.c.ConnectionManager Waiting up to 30000ms for client to connect to ZooKeeper
2024-02-13 22:03:57.571 WARN  (main-SendThread(localhost:9983)) [c: s: r: x: t:] o.a.z.ClientCnxn Session 0x0 for server localhost/[0:0:0:0:0:0:0:1]:9983, Closing socket connection. Attempting reconnect except it is a SessionExpiredException. => java.net.ConnectException: Connection refused
	at java.base/sun.nio.ch.Net.pollConnect(Native Method)
java.net.ConnectException: Connection refused
	at java.base/sun.nio.ch.Net.pollConnect(Native Method) ~[?:?]
	at java.base/sun.nio.ch.Net.pollConnectNow(Net.java:672) ~[?:?]
	at java.base/sun.nio.ch.SocketChannelImpl.finishConnect(SocketChannelImpl.java:946) ~[?:?]
	at org.apache.zookeeper.ClientCnxnSocketNIO.doTransport(ClientCnxnSocketNIO.java:344) ~[?:?]
	at org.apache.zookeeper.ClientCnxn$SendThread.run(ClientCnxn.java:1274) ~[?:?]
2024-02-13 22:03:58.705 INFO  (zkConnectionManagerCallback-2-thread-1) [c: s: r: x: t:] o.a.s.c.c.ConnectionManager zkClient has connected
2024-02-13 22:03:58.705 INFO  (main) [c: s: r: x: t:] o.a.s.c.c.ConnectionManager Client is connected to ZooKeeper
2024-02-13 22:03:58.705 WARN  (main) [c: s: r: x: t:] o.a.s.c.c.SolrZkClient Using default ZkACLProvider. DefaultZkACLProvider is not secure, it creates 'OPEN_ACL_UNSAFE' ACLs to Zookeeper nodes
2024-02-13 22:03:58.818 INFO  (main) [c: s: r: x: t:] o.a.s.c.NodeConfig Loading solr.xml from SolrHome (not found in ZooKeeper)
2024-02-13 22:03:58.818 INFO  (main) [c: s: r: x: t:] o.a.s.c.SolrXmlConfig Loading solr.xml from /Users/rezafitriaman/IdeaProjects/apache-solr-playground/solr-9.4.1/server/solr/solr.xml
2024-02-13 22:03:58.837 INFO  (main) [c: s: r: x: t:] o.a.s.c.SolrResourceLoader Added 1 libs to classloader, from paths: [/Users/rezafitriaman/IdeaProjects/apache-solr-playground/solr-9.4.1/lib]
2024-02-13 22:03:59.197 INFO  (main) [c: s: r: x: t:] o.a.s.u.t.SimplePropagator Always-on trace id generation enabled.
2024-02-13 22:03:59.307 WARN  (main) [c: s: r: x: t:] o.a.s.u.StartupLoggingUtils Jetty request logging enabled. Will retain logs for last 3 days. See chapter "Configuring Logging" in reference guide for how to configure.
2024-02-13 22:03:59.307 INFO  (main) [c: s: r: x: t:] o.a.s.c.ZkContainer Zookeeper client=localhost:9983
2024-02-13 22:03:59.312 INFO  (main) [c: s: r: x: t:] o.a.s.c.DistributedClusterStateUpdater Creating DistributedClusterStateUpdater with useDistributedStateUpdate=false. Solr will be using Overseer based cluster state updates.
2024-02-13 22:03:59.313 INFO  (main) [c: s: r: x: t:] o.a.s.c.c.ConnectionManager Waiting up to 15000ms for client to connect to ZooKeeper
2024-02-13 22:03:59.315 WARN  (main-SendThread(localhost:9983)) [c: s: r: x: t:] o.a.z.ClientCnxn Session 0x0 for server localhost/[0:0:0:0:0:0:0:1]:9983, Closing socket connection. Attempting reconnect except it is a SessionExpiredException. => java.net.ConnectException: Connection refused
	at java.base/sun.nio.ch.Net.pollConnect(Native Method)
java.net.ConnectException: Connection refused
	at java.base/sun.nio.ch.Net.pollConnect(Native Method) ~[?:?]
	at java.base/sun.nio.ch.Net.pollConnectNow(Net.java:672) ~[?:?]
	at java.base/sun.nio.ch.SocketChannelImpl.finishConnect(SocketChannelImpl.java:946) ~[?:?]
	at org.apache.zookeeper.ClientCnxnSocketNIO.doTransport(ClientCnxnSocketNIO.java:344) ~[?:?]
	at org.apache.zookeeper.ClientCnxn$SendThread.run(ClientCnxn.java:1274) ~[?:?]
2024-02-13 22:04:00.431 INFO  (zkConnectionManagerCallback-12-thread-1) [c: s: r: x: t:] o.a.s.c.c.ConnectionManager zkClient has connected
2024-02-13 22:04:00.431 INFO  (main) [c: s: r: x: t:] o.a.s.c.c.ConnectionManager Client is connected to ZooKeeper
2024-02-13 22:04:00.448 WARN  (main) [c: s: r: x: t:] o.a.s.c.ZkController Contents of zookeeper /security.json are world-readable; consider setting up ACLs as described in https://solr.apache.org/guide/solr/latest/deployment-guide/zookeeper-access-control.html
2024-02-13 22:04:00.452 INFO  (main) [c: s: r: x: t:] o.a.s.c.c.ZkStateReader Updated live nodes from ZooKeeper... (0) -> (1)
2024-02-13 22:04:00.461 INFO  (main) [c: s: r: x: t:] o.a.s.c.DistributedClusterStateUpdater Creating DistributedClusterStateUpdater with useDistributedStateUpdate=false. Solr will be using Overseer based cluster state updates.
2024-02-13 22:04:00.469 INFO  (main) [c: s: r: x: t:] o.a.s.c.ZkController Publish node=localhost:8984_solr as DOWN
2024-02-13 22:04:00.475 INFO  (main) [c: s: r: x: t:] o.a.s.c.ZkController Register node as live in ZooKeeper:/live_nodes/localhost:8984_solr
2024-02-13 22:04:00.482 INFO  (zkCallback-11-thread-1) [c: s: r: x: t:] o.a.s.c.c.ZkStateReader Updated live nodes from ZooKeeper... (1) -> (2)
2024-02-13 22:04:00.498 WARN  (main) [c: s: r: x: t:] o.a.s.c.CoreContainer Not all security plugins configured!  authentication=disabled authorization=disabled.  Solr is only as secure as you make it. Consider configuring authentication/authorization before exposing Solr to users internal or external.  See https://s.apache.org/solrsecurity for more info
2024-02-13 22:04:00.614 INFO  (main) [c: s: r: x: t:] o.a.s.c.CorePropertiesLocator Found 0 core definitions underneath /Users/rezafitriaman/IdeaProjects/apache-solr-playground/solr-9.4.1/server/solr
2024-02-13 22:04:00.686 WARN  (main) [c: s: r: x: t:] o.g.j.m.i.MessagingBinders A class javax.activation.DataSource for a default provider MessageBodyWriter<javax.activation.DataSource> was not found. The provider is not available.
2024-02-13 22:04:00.788 INFO  (main) [c: s: r: x: t:] o.a.s.j.SolrRequestAuthorizer Creating a new SolrRequestAuthorizer
2024-02-13 22:04:00.836 INFO  (main) [c: s: r: x: t:] o.e.j.s.h.ContextHandler Started o.e.j.w.WebAppContext@5eccd3b9{solr-jetty-context.xml,/solr,file:///Users/rezafitriaman/IdeaProjects/apache-solr-playground/solr-9.4.1/server/solr-webapp/webapp/,AVAILABLE}{/Users/rezafitriaman/IdeaProjects/apache-solr-playground/solr-9.4.1/server/solr-webapp/webapp}
2024-02-13 22:04:00.839 INFO  (main) [c: s: r: x: t:] o.e.j.s.RequestLogWriter Opened /Users/rezafitriaman/IdeaProjects/apache-solr-playground/solr-9.4.1/server/logs/2024_02_13.request.log
2024-02-13 22:04:00.841 INFO  (main) [c: s: r: x: t:] o.e.j.s.AbstractConnector Started ServerConnector@47d93e0d{HTTP/1.1, (http/1.1, h2c)}{127.0.0.1:8984}
2024-02-13 22:04:00.841 INFO  (main) [c: s: r: x: t:] o.e.j.s.Server Started Server@7726e185{STARTING}[10.0.19,sto=0] @4125ms
2024-02-13 22:04:05.503 INFO  (qtp979550238-19) [c: s: r: x: t:localhost-1] o.a.s.s.HttpSolrCall [admin] webapp=null path=/admin/info/system params={wt=javabin&version=2} status=0 QTime=16
2024-02-13 22:04:05.523 INFO  (qtp979550238-26) [c: s: r: x: t:localhost-2] o.a.s.s.HttpSolrCall [admin] webapp=null path=/admin/collections params={action=CLUSTERSTATUS&wt=javabin&version=2} status=0 QTime=5
2024-02-13 22:04:36.679 INFO  (qtp979550238-25) [c: s: r: x: t:localhost-4] o.a.s.s.HttpSolrCall [admin] webapp=null path=/admin/cores params={indexInfo=false&wt=json&_=1707861876652} status=0 QTime=0
2024-02-13 22:04:36.683 INFO  (qtp979550238-21) [c: s: r: x: t:localhost-5] o.a.s.s.HttpSolrCall [admin] webapp=null path=/admin/info/system params={wt=json&_=1707861876652} status=0 QTime=1
2024-02-13 22:04:36.694 INFO  (qtp979550238-27) [c: s: r: x: t:localhost-10] o.a.s.s.HttpSolrCall [admin] webapp=null path=/admin/collections params={action=LIST&wt=json&_=1707861876652} status=0 QTime=2
2024-02-13 22:04:36.697 INFO  (qtp979550238-25) [c: s: r: x: t:localhost-11] o.a.s.s.HttpSolrCall [admin] webapp=null path=/admin/collections params={action=LISTALIASES&wt=json&_=1707861876652} status=0 QTime=1
2024-02-13 22:04:38.883 INFO  (qtp979550238-27) [c: s: r: x: t:localhost-12] o.a.s.s.HttpSolrCall [admin] webapp=null path=/admin/cores params={indexInfo=false&wt=json&_=1707861876652} status=0 QTime=0
2024-02-13 22:04:38.885 INFO  (qtp979550238-19) [c: s: r: x: t:localhost-13] o.a.s.s.HttpSolrCall [admin] webapp=null path=/admin/info/system params={wt=json&_=1707861876652} status=0 QTime=2
2024-02-13 22:04:38.891 INFO  (qtp979550238-51) [c: s: r: x: t:localhost-14] o.a.s.s.HttpSolrCall [admin] webapp=null path=/admin/collections params={action=LIST&wt=json&_=1707861876652} status=0 QTime=0
2024-02-13 22:04:38.896 INFO  (qtp979550238-19) [c: s: r: x: t:localhost-15] o.a.s.s.HttpSolrCall [admin] webapp=null path=/admin/collections params={action=LISTALIASES&wt=json&_=1707861876652} status=0 QTime=1
2024-02-13 22:04:41.311 INFO  (qtp979550238-51) [c: s: r: x: t:localhost-16] o.a.s.s.HttpSolrCall [admin] webapp=null path=/admin/cores params={indexInfo=false&wt=json&_=1707861876652} status=0 QTime=0
2024-02-13 22:04:41.314 INFO  (qtp979550238-25) [c: s: r: x: t:localhost-18] o.a.s.s.HttpSolrCall [admin] webapp=null path=/admin/info/system params={wt=json&_=1707861876652} status=0 QTime=2
2024-02-13 22:04:41.316 INFO  (qtp979550238-52) [c: s: r: x: t:localhost-20] o.a.s.s.HttpSolrCall [admin] webapp=null path=/admin/configs params={action=LIST&wt=json&_=1707861881302} status=0 QTime=4
2024-02-13 22:04:41.317 INFO  (qtp979550238-20) [c: s: r: x: t:localhost-19] o.a.s.s.HttpSolrCall [admin] webapp=null path=/admin/collections params={action=CLUSTERSTATUS&wt=json&_=1707861876652} status=0 QTime=6
2024-02-13 22:04:41.320 INFO  (qtp979550238-48) [c: s: r: x: t:localhost-17] o.a.s.s.HttpSolrCall [admin] webapp=null path=/admin/zookeeper params={path=/live_nodes&wt=json&_=1707861881302} status=0 QTime=8
2024-02-13 22:04:41.321 INFO  (qtp979550238-19) [c: s: r: x: t:localhost-21] o.a.s.s.HttpSolrCall [admin] webapp=null path=/admin/collections params={action=LIST&wt=json&_=1707861876652} status=0 QTime=0
2024-02-13 22:04:41.324 INFO  (qtp979550238-50) [c: s: r: x: t:localhost-22] o.a.s.s.HttpSolrCall [admin] webapp=null path=/admin/collections params={action=LISTALIASES&wt=json&_=1707861876652} status=0 QTime=1
2024-02-13 22:04:42.959 INFO  (qtp979550238-20) [c: s: r: x: t:localhost-24] o.a.s.s.HttpSolrCall [admin] webapp=null path=/admin/cores params={indexInfo=false&wt=json&_=1707861876652} status=0 QTime=0
2024-02-13 22:04:42.960 INFO  (qtp979550238-27) [c: s: r: x: t:localhost-25] o.a.s.s.HttpSolrCall [admin] webapp=null path=/admin/info/properties params={wt=json&_=1707861882952} status=0 QTime=1
2024-02-13 22:04:42.964 INFO  (qtp979550238-48) [c: s: r: x: t:localhost-23] o.a.s.s.HttpSolrCall [admin] webapp=null path=/admin/info/system params={wt=json&_=1707861876652} status=0 QTime=5
2024-02-13 22:04:42.980 INFO  (qtp979550238-19) [c: s: r: x: t:localhost-26] o.a.s.s.HttpSolrCall [admin] webapp=null path=/admin/collections params={action=LIST&wt=json&_=1707861876652} status=0 QTime=0
2024-02-13 22:04:42.990 INFO  (qtp979550238-48) [c: s: r: x: t:localhost-27] o.a.s.s.HttpSolrCall [admin] webapp=null path=/admin/collections params={action=LISTALIASES&wt=json&_=1707861876652} status=0 QTime=1
2024-02-13 22:04:43.673 INFO  (qtp979550238-19) [c: s: r: x: t:localhost-28] o.a.s.s.HttpSolrCall [admin] webapp=null path=/admin/cores params={indexInfo=false&wt=json&_=1707861876652} status=0 QTime=0
2024-02-13 22:04:43.719 INFO  (qtp979550238-50) [c: s: r: x: t:localhost-29] o.a.s.s.HttpSolrCall [admin] webapp=null path=/admin/info/system params={wt=json&_=1707861876652} status=0 QTime=3
2024-02-13 22:04:43.724 INFO  (qtp979550238-48) [c: s: r: x: t:localhost-31] o.a.s.s.HttpSolrCall [admin] webapp=null path=/admin/collections params={action=LIST&wt=json&_=1707861876652} status=0 QTime=0
2024-02-13 22:04:43.728 INFO  (qtp979550238-25) [c: s: r: x: t:localhost-30] o.a.s.s.HttpSolrCall [admin] webapp=null path=/admin/info/threads params={wt=json&_=1707861883668} status=0 QTime=54
2024-02-13 22:04:43.728 INFO  (qtp979550238-50) [c: s: r: x: t:localhost-32] o.a.s.s.HttpSolrCall [admin] webapp=null path=/admin/collections params={action=LISTALIASES&wt=json&_=1707861876652} status=0 QTime=0
2024-02-13 22:04:44.720 INFO  (qtp979550238-48) [c: s: r: x: t:localhost-34] o.a.s.s.HttpSolrCall [admin] webapp=null path=/admin/cores params={indexInfo=false&wt=json&_=1707861876652} status=0 QTime=0
2024-02-13 22:04:44.723 INFO  (qtp979550238-27) [c: s: r: x: t:localhost-36] o.a.s.s.HttpSolrCall [admin] webapp=null path=/admin/info/system params={wt=json&_=1707861876652} status=0 QTime=2
2024-02-13 22:04:44.725 INFO  (qtp979550238-18) [c: s: r: x: t:localhost-37] o.a.s.s.HttpSolrCall [admin] webapp=null path=/admin/configs params={action=LIST&wt=json&_=1707861881302} status=0 QTime=4
2024-02-13 22:04:44.726 INFO  (qtp979550238-49) [c: s: r: x: t:localhost-35] o.a.s.s.HttpSolrCall [admin] webapp=null path=/admin/collections params={action=CLUSTERSTATUS&wt=json&_=1707861876652} status=0 QTime=6
2024-02-13 22:04:44.729 INFO  (qtp979550238-20) [c: s: r: x: t:localhost-33] o.a.s.s.HttpSolrCall [admin] webapp=null path=/admin/zookeeper params={path=/live_nodes&wt=json&_=1707861881302} status=0 QTime=9
2024-02-13 22:04:44.735 INFO  (qtp979550238-25) [c: s: r: x: t:localhost-38] o.a.s.s.HttpSolrCall [admin] webapp=null path=/admin/collections params={action=LIST&wt=json&_=1707861876652} status=0 QTime=0
2024-02-13 22:04:44.738 INFO  (qtp979550238-50) [c: s: r: x: t:localhost-39] o.a.s.s.HttpSolrCall [admin] webapp=null path=/admin/collections params={action=LISTALIASES&wt=json&_=1707861876652} status=0 QTime=3
2024-02-13 22:04:46.196 INFO  (qtp979550238-19) [c: s: r: x: t:localhost-42] o.a.s.s.HttpSolrCall [admin] webapp=null path=/admin/cores params={wt=json&_=1707861876652} status=0 QTime=0
2024-02-13 22:04:46.196 INFO  (qtp979550238-20) [c: s: r: x: t:localhost-40] o.a.s.s.HttpSolrCall [admin] webapp=null path=/admin/cores params={indexInfo=false&wt=json&_=1707861876652} status=0 QTime=0
2024-02-13 22:04:46.205 INFO  (qtp979550238-49) [c: s: r: x: t:localhost-41] o.a.s.s.HttpSolrCall [admin] webapp=null path=/admin/info/system params={wt=json&_=1707861876652} status=0 QTime=9
2024-02-13 22:04:46.210 INFO  (qtp979550238-50) [c: s: r: x: t:localhost-43] o.a.s.s.HttpSolrCall [admin] webapp=null path=/admin/collections params={action=LIST&wt=json&_=1707861876652} status=0 QTime=0
2024-02-13 22:04:46.215 INFO  (qtp979550238-49) [c: s: r: x: t:localhost-44] o.a.s.s.HttpSolrCall [admin] webapp=null path=/admin/collections params={action=LISTALIASES&wt=json&_=1707861876652} status=0 QTime=1
2024-02-13 22:04:48.183 INFO  (qtp979550238-50) [c: s: r: x: t:localhost-46] o.a.s.s.HttpSolrCall [admin] webapp=null path=/admin/cores params={indexInfo=false&wt=json&_=1707861876652} status=0 QTime=0
2024-02-13 22:04:48.186 INFO  (qtp979550238-25) [c: s: r: x: t:localhost-45] o.a.s.s.HttpSolrCall [admin] webapp=null path=/admin/info/system params={wt=json&_=1707861876652} status=0 QTime=3
2024-02-13 22:04:48.193 INFO  (qtp979550238-20) [c: s: r: x: t:localhost-47] o.a.s.s.HttpSolrCall [admin] webapp=null path=/admin/collections params={action=LIST&wt=json&_=1707861876652} status=0 QTime=0
2024-02-13 22:04:48.199 INFO  (qtp979550238-25) [c: s: r: x: t:localhost-48] o.a.s.s.HttpSolrCall [admin] webapp=null path=/admin/collections params={action=LISTALIASES&wt=json&_=1707861876652} status=0 QTime=1
2024-02-13 22:04:49.975 INFO  (qtp979550238-20) [c: s: r: x: t:localhost-49] o.a.s.s.HttpSolrCall [admin] webapp=null path=/admin/cores params={indexInfo=false&wt=json&_=1707861876652} status=0 QTime=0
2024-02-13 22:04:49.978 INFO  (qtp979550238-49) [c: s: r: x: t:localhost-50] o.a.s.s.HttpSolrCall [admin] webapp=null path=/admin/info/system params={wt=json&_=1707861876652} status=0 QTime=3
2024-02-13 22:04:49.978 INFO  (qtp979550238-27) [c: s: r: x: t:localhost-51] o.a.s.s.HttpSolrCall [admin] webapp=null path=/admin/info/logging params={wt=json&_=1707861889968&since=0} status=0 QTime=4
2024-02-13 22:04:49.985 INFO  (qtp979550238-19) [c: s: r: x: t:localhost-52] o.a.s.s.HttpSolrCall [admin] webapp=null path=/admin/collections params={action=LIST&wt=json&_=1707861876652} status=0 QTime=0
2024-02-13 22:04:49.991 INFO  (qtp979550238-49) [c: s: r: x: t:localhost-53] o.a.s.s.HttpSolrCall [admin] webapp=null path=/admin/collections params={action=LISTALIASES&wt=json&_=1707861876652} status=0 QTime=1
2024-02-13 22:04:51.102 INFO  (qtp979550238-49) [c: s: r: x: t:localhost-54] o.a.s.s.HttpSolrCall [admin] webapp=null path=/admin/cores params={indexInfo=false&wt=json&_=1707861876652} status=0 QTime=0
2024-02-13 22:04:51.107 INFO  (qtp979550238-25) [c: s: r: x: t:localhost-56] o.a.s.s.HttpSolrCall [admin] webapp=null path=/admin/info/system params={wt=json&_=1707861876652} status=0 QTime=4
2024-02-13 22:04:51.112 INFO  (qtp979550238-27) [c: s: r: x: t:localhost-57] o.a.s.s.HttpSolrCall [admin] webapp=null path=/admin/collections params={action=LIST&wt=json&_=1707861876652} status=0 QTime=0
2024-02-13 22:04:51.113 INFO  (qtp979550238-50) [c: s: r: x: t:localhost-55] o.a.s.s.HttpSolrCall [admin] webapp=null path=/admin/info/logging params={wt=json&_=1707861889968} status=0 QTime=10
2024-02-13 22:04:51.119 INFO  (qtp979550238-25) [c: s: r: x: t:localhost-58] o.a.s.s.HttpSolrCall [admin] webapp=null path=/admin/collections params={action=LISTALIASES&wt=json&_=1707861876652} status=0 QTime=3
2024-02-13 22:04:51.799 INFO  (qtp979550238-50) [c: s: r: x: t:localhost-60] o.a.s.s.HttpSolrCall [admin] webapp=null path=/admin/cores params={indexInfo=false&wt=json&_=1707861876652} status=0 QTime=0
2024-02-13 22:04:51.803 INFO  (qtp979550238-19) [c: s: r: x: t:localhost-59] o.a.s.s.HttpSolrCall [admin] webapp=null path=/admin/info/system params={wt=json&_=1707861876652} status=0 QTime=4
2024-02-13 22:04:51.810 INFO  (qtp979550238-27) [c: s: r: x: t:localhost-61] o.a.s.s.HttpSolrCall [admin] webapp=null path=/admin/collections params={action=LIST&wt=json&_=1707861876652} status=0 QTime=0
2024-02-13 22:04:51.816 INFO  (qtp979550238-25) [c: s: r: x: t:localhost-62] o.a.s.s.HttpSolrCall [admin] webapp=null path=/cluster/security/authorization params={wt=json&_=1707861891790} status=0 QTime=2
2024-02-13 22:04:51.822 INFO  (qtp979550238-19) [c: s: r: x: t:localhost-63] o.a.s.s.HttpSolrCall [admin] webapp=null path=/admin/collections params={action=LISTALIASES&wt=json&_=1707861876652} status=0 QTime=1
2024-02-13 22:04:53.148 INFO  (qtp979550238-25) [c: s: r: x: t:localhost-66] o.a.s.s.HttpSolrCall [admin] webapp=null path=/admin/cores params={indexInfo=false&wt=json&_=1707861876652} status=0 QTime=0
2024-02-13 22:04:53.153 INFO  (qtp979550238-50) [c: s: r: x: t:localhost-65] o.a.s.s.HttpSolrCall [admin] webapp=null path=/admin/info/system params={wt=json&_=1707861876652} status=0 QTime=5
2024-02-13 22:04:53.155 INFO  (qtp979550238-20) [c: s: r: x: t:localhost-64] o.a.s.s.HttpSolrCall [admin] webapp=null path=/admin/collections params={action=CLUSTERSTATUS&wt=json&_=1707861876652} status=0 QTime=7
2024-02-13 22:04:53.159 INFO  (qtp979550238-19) [c: s: r: x: t:localhost-67] o.a.s.s.HttpSolrCall [admin] webapp=null path=/admin/collections params={action=LIST&wt=json&_=1707861876652} status=0 QTime=0
2024-02-13 22:04:53.165 INFO  (qtp979550238-20) [c: s: r: x: t:localhost-70] o.a.s.s.HttpSolrCall [admin] webapp=null path=/admin/collections params={action=LISTALIASES&wt=json&_=1707861876652} status=0 QTime=1
2024-02-13 22:04:53.204 INFO  (qtp979550238-19) [c: s: r: x: t:localhost-71] o.a.s.s.HttpSolrCall [admin] webapp=null path=/admin/info/system params={wt=javabin&version=2&_=1707861876652} status=0 QTime=1
2024-02-13 22:04:53.211 INFO  (qtp979550238-27) [c: s: r: x: t:localhost-68] o.a.s.s.HttpSolrCall [admin] webapp=null path=/admin/info/system params={nodes=localhost:8983_solr,localhost:8984_solr&wt=json&_=1707861876652} status=0 QTime=51
2024-02-13 22:05:08.053 INFO  (qtp979550238-19) [c: s: r: x: t:localhost-75] o.a.s.s.HttpSolrCall [admin] webapp=null path=/admin/cores params={indexInfo=false&wt=json&_=1707861908021} status=0 QTime=0
2024-02-13 22:05:08.056 INFO  (qtp979550238-50) [c: s: r: x: t:localhost-74] o.a.s.s.HttpSolrCall [admin] webapp=null path=/admin/info/system params={wt=json&_=1707861908021} status=0 QTime=3
2024-02-13 22:05:08.065 INFO  (qtp979550238-26) [c: s: r: x: t:localhost-76] o.a.s.s.HttpSolrCall [admin] webapp=null path=/admin/collections params={action=LIST&wt=json&_=1707861908021} status=0 QTime=0
2024-02-13 22:05:08.069 INFO  (qtp979550238-50) [c: s: r: x: t:localhost-77] o.a.s.s.HttpSolrCall [admin] webapp=null path=/admin/collections params={action=LISTALIASES&wt=json&_=1707861908021} status=0 QTime=1
2024-02-13 22:05:15.720 INFO  (qtp979550238-26) [c: s: r: x: t:localhost-80] o.a.s.s.HttpSolrCall [admin] webapp=null path=/admin/cores params={indexInfo=false&wt=json&_=1707861908021} status=0 QTime=0
2024-02-13 22:05:15.722 INFO  (qtp979550238-25) [c: s: r: x: t:localhost-78] o.a.s.s.HttpSolrCall [admin] webapp=null path=/admin/collections params={action=CLUSTERSTATUS&wt=json&_=1707861908021} status=0 QTime=2
2024-02-13 22:05:15.722 INFO  (qtp979550238-49) [c: s: r: x: t:localhost-79] o.a.s.s.HttpSolrCall [admin] webapp=null path=/admin/info/system params={wt=json&_=1707861908021} status=0 QTime=2
2024-02-13 22:05:15.732 INFO  (qtp979550238-26) [c: s: r: x: t:localhost-85] o.a.s.s.HttpSolrCall [admin] webapp=null path=/admin/collections params={action=LIST&wt=json&_=1707861908021} status=0 QTime=0
2024-02-13 22:05:15.733 INFO  (qtp979550238-51) [c: s: r: x: t:localhost-83] o.a.s.s.HttpSolrCall [admin] webapp=null path=/admin/info/system params={wt=javabin&version=2&_=1707861908021} status=0 QTime=3
2024-02-13 22:05:15.746 INFO  (qtp979550238-26) [c: s: r: x: t:localhost-86] o.a.s.s.HttpSolrCall [admin] webapp=null path=/admin/collections params={action=LISTALIASES&wt=json&_=1707861908021} status=0 QTime=11
2024-02-13 22:05:15.750 INFO  (qtp979550238-50) [c: s: r: x: t:localhost-82] o.a.s.s.HttpSolrCall [admin] webapp=null path=/admin/info/system params={nodes=localhost:8983_solr,localhost:8984_solr&wt=json&_=1707861908021} status=0 QTime=24
2024-02-13 22:05:18.792 INFO  (qtp979550238-23) [c: s: r: x: t:localhost-87] o.a.s.s.HttpSolrCall [admin] webapp=null path=/admin/info/system params={wt=javabin&version=2&_=1707861746888} status=0 QTime=3
2024-02-13 22:05:31.157 INFO  (qtp979550238-49) [c: s: r: x: t:localhost-89] o.a.s.s.HttpSolrCall [admin] webapp=null path=/admin/cores params={indexInfo=false&wt=json&_=1707861908021} status=0 QTime=0
2024-02-13 22:05:31.160 INFO  (qtp979550238-25) [c: s: r: x: t:localhost-91] o.a.s.s.HttpSolrCall [admin] webapp=null path=/admin/info/system params={wt=json&_=1707861908021} status=0 QTime=2
2024-02-13 22:05:31.162 INFO  (qtp979550238-18) [c: s: r: x: t:localhost-90] o.a.s.s.HttpSolrCall [admin] webapp=null path=/schema-designer/configs params={wt=json&_=1707861908021} status=0 QTime=5
2024-02-13 22:05:31.182 INFO  (qtp979550238-19) [c: s: r: x: t:localhost-92] o.a.s.s.HttpSolrCall [admin] webapp=null path=/admin/collections params={action=LIST&wt=json&_=1707861908021} status=0 QTime=0
2024-02-13 22:05:31.206 INFO  (qtp979550238-18) [c: s: r: x: t:localhost-93] o.a.s.s.HttpSolrCall [admin] webapp=null path=/admin/collections params={action=LISTALIASES&wt=json&_=1707861908021} status=0 QTime=1
