2024-02-17 13:06:59.024 INFO  (main) [c: s: r: x: t:] o.e.j.s.Server jetty-10.0.19; built: 2023-12-15T20:38:32.477Z; git: 8492d1c78f122bb30cce20aecfa07e7283facd47; jvm 17.0.7+7
2024-02-17 13:06:59.230 WARN  (main) [c: s: r: x: t:] o.e.j.u.DeprecationWarning Using @Deprecated Class org.eclipse.jetty.servlet.listener.ELContextCleaner
2024-02-17 13:06:59.241 INFO  (main) [c: s: r: x: t:] o.a.s.s.CoreContainerProvider Using logger factory org.apache.logging.slf4j.Log4jLoggerFactory
2024-02-17 13:06:59.244 INFO  (main) [c: s: r: x: t:] o.a.s.s.CoreContainerProvider  ___      _       Welcome to Apache Solr™ version 9.4.1
2024-02-17 13:06:59.245 INFO  (main) [c: s: r: x: t:] o.a.s.s.CoreContainerProvider / __| ___| |_ _   Starting in cloud mode on port 8983
2024-02-17 13:06:59.245 INFO  (main) [c: s: r: x: t:] o.a.s.s.CoreContainerProvider \__ \/ _ \ | '_|  Install dir: /Users/rezafitriaman/IdeaProjects/apache-solr-playground/solr-9.4.1
2024-02-17 13:06:59.245 INFO  (main) [c: s: r: x: t:] o.a.s.s.CoreContainerProvider |___/\___/_|_|    Start time: 2024-02-17T13:06:59.245114Z
2024-02-17 13:06:59.246 INFO  (main) [c: s: r: x: t:] o.a.s.s.CoreContainerProvider Solr started with "-XX:+CrashOnOutOfMemoryError" that will crash on any OutOfMemoryError exception. The cause of the OOME will be logged in the crash file at the following path: /Users/rezafitriaman/IdeaProjects/apache-solr-playground/solr-9.4.1/example/cloud/node1/solr/../logs/jvm_crash_63412.log
2024-02-17 13:06:59.255 INFO  (main) [c: s: r: x: t:] o.a.s.s.CoreContainerProvider Solr Home: /Users/rezafitriaman/IdeaProjects/apache-solr-playground/solr-9.4.1/example/cloud/node1/solr (source: system property: solr.solr.home)
2024-02-17 13:06:59.262 INFO  (main) [c: s: r: x: t:] o.a.s.c.SolrXmlConfig Loading solr.xml from /Users/rezafitriaman/IdeaProjects/apache-solr-playground/solr-9.4.1/example/cloud/node1/solr/solr.xml
2024-02-17 13:06:59.277 INFO  (main) [c: s: r: x: t:] o.a.s.c.SolrResourceLoader Added 1 libs to classloader, from paths: [/Users/rezafitriaman/IdeaProjects/apache-solr-playground/solr-9.4.1/lib]
2024-02-17 13:06:59.710 INFO  (main) [c: s: r: x: t:] o.a.s.u.t.SimplePropagator Always-on trace id generation enabled.
2024-02-17 13:06:59.831 WARN  (main) [c: s: r: x: t:] o.a.s.u.StartupLoggingUtils Jetty request logging enabled. Will retain logs for last 3 days. See chapter "Configuring Logging" in reference guide for how to configure.
2024-02-17 13:06:59.833 INFO  (main) [c: s: r: x: t:] o.a.s.c.SolrZkServerProps Reading configuration from: /Users/rezafitriaman/IdeaProjects/apache-solr-playground/solr-9.4.1/example/cloud/node1/solr/zoo.cfg
2024-02-17 13:06:59.835 INFO  (main) [c: s: r: x: t:] o.a.s.c.SolrZkServer STARTING EMBEDDED ENSEMBLE ZOOKEEPER SERVER at port 9983, listening on host 127.0.0.1
2024-02-17 13:06:59.835 WARN  (main) [c: s: r: x: t:] o.a.s.c.SolrZkServer Embedded Zookeeper is not recommended in production environments. See Reference Guide for details.
2024-02-17 13:06:59.851 WARN  (embeddedZkServer) [c: s: r: x: t:] o.a.z.s.ServerCnxnFactory maxCnxns is not configured, using default value 0.
2024-02-17 13:07:00.338 INFO  (main) [c: s: r: x: t:] o.a.s.c.ZkContainer Zookeeper client=127.0.0.1:9983
2024-02-17 13:07:00.357 INFO  (main) [c: s: r: x: t:] o.a.s.c.DistributedClusterStateUpdater Creating DistributedClusterStateUpdater with useDistributedStateUpdate=false. Solr will be using Overseer based cluster state updates.
2024-02-17 13:07:00.377 INFO  (main) [c: s: r: x: t:] o.a.s.c.c.ConnectionManager Waiting up to 15000ms for client to connect to ZooKeeper
2024-02-17 13:07:00.393 INFO  (zkConnectionManagerCallback-10-thread-1) [c: s: r: x: t:] o.a.s.c.c.ConnectionManager zkClient has connected
2024-02-17 13:07:00.393 INFO  (main) [c: s: r: x: t:] o.a.s.c.c.ConnectionManager Client is connected to ZooKeeper
2024-02-17 13:07:00.530 WARN  (main) [c: s: r: x: t:] o.a.s.c.ZkController Contents of zookeeper /security.json are world-readable; consider setting up ACLs as described in https://solr.apache.org/guide/solr/latest/deployment-guide/zookeeper-access-control.html
2024-02-17 13:07:00.539 INFO  (main) [c: s: r: x: t:] o.a.s.c.DistributedClusterStateUpdater Creating DistributedClusterStateUpdater with useDistributedStateUpdate=false. Solr will be using Overseer based cluster state updates.
2024-02-17 13:07:00.549 INFO  (main) [c: s: r: x: t:] o.a.s.c.OverseerElectionContext I am going to be the leader localhost:8983_solr
2024-02-17 13:07:00.555 INFO  (main) [c: s: r: x: t:] o.a.s.c.Overseer Overseer (id=72066981367382016-localhost:8983_solr-n_0000000000) starting
2024-02-17 13:07:00.593 INFO  (main) [c: s: r: x: t:] o.a.s.c.ZkController Register node as live in ZooKeeper:/live_nodes/localhost:8983_solr
2024-02-17 13:07:00.593 INFO  (OverseerStateUpdate-72066981367382016-localhost:8983_solr-n_0000000000) [c: s: r: x: t:] o.a.s.c.Overseer Starting to work on the main queue : localhost:8983_solr
2024-02-17 13:07:00.598 INFO  (zkCallback-9-thread-1) [c: s: r: x: t:] o.a.s.c.c.ZkStateReader Updated live nodes from ZooKeeper... (0) -> (1)
2024-02-17 13:07:00.613 WARN  (main) [c: s: r: x: t:] o.a.s.c.CoreContainer Not all security plugins configured!  authentication=disabled authorization=disabled.  Solr is only as secure as you make it. Consider configuring authentication/authorization before exposing Solr to users internal or external.  See https://s.apache.org/solrsecurity for more info
2024-02-17 13:07:00.850 INFO  (main) [c: s: r: x: t:] o.a.s.c.CorePropertiesLocator Found 0 core definitions underneath /Users/rezafitriaman/IdeaProjects/apache-solr-playground/solr-9.4.1/example/cloud/node1/solr
2024-02-17 13:07:00.924 WARN  (main) [c: s: r: x: t:] o.g.j.m.i.MessagingBinders A class javax.activation.DataSource for a default provider MessageBodyWriter<javax.activation.DataSource> was not found. The provider is not available.
2024-02-17 13:07:01.037 INFO  (main) [c: s: r: x: t:] o.a.s.j.SolrRequestAuthorizer Creating a new SolrRequestAuthorizer
2024-02-17 13:07:01.088 INFO  (main) [c: s: r: x: t:] o.e.j.s.h.ContextHandler Started o.e.j.w.WebAppContext@577f9109{solr-jetty-context.xml,/solr,file:///Users/rezafitriaman/IdeaProjects/apache-solr-playground/solr-9.4.1/server/solr-webapp/webapp/,AVAILABLE}{/Users/rezafitriaman/IdeaProjects/apache-solr-playground/solr-9.4.1/server/solr-webapp/webapp}
2024-02-17 13:07:01.091 INFO  (main) [c: s: r: x: t:] o.e.j.s.RequestLogWriter Opened /Users/rezafitriaman/IdeaProjects/apache-solr-playground/solr-9.4.1/example/cloud/node1/logs/2024_02_17.request.log
2024-02-17 13:07:01.092 INFO  (main) [c: s: r: x: t:] o.e.j.s.AbstractConnector Started ServerConnector@436390f4{HTTP/1.1, (http/1.1, h2c)}{127.0.0.1:8983}
2024-02-17 13:07:01.093 INFO  (main) [c: s: r: x: t:] o.e.j.s.Server Started Server@2bffa76d{STARTING}[10.0.19,sto=0] @2716ms
2024-02-17 13:07:01.183 INFO  (qtp515273883-19) [c: s: r: x: t:localhost-1] o.a.s.s.HttpSolrCall [admin] webapp=null path=/admin/info/system params={wt=javabin&version=2} status=0 QTime=15
2024-02-17 13:07:01.203 INFO  (qtp515273883-26) [c: s: r: x: t:localhost-2] o.a.s.s.HttpSolrCall [admin] webapp=null path=/admin/collections params={action=CLUSTERSTATUS&wt=javabin&version=2} status=0 QTime=4
2024-02-17 13:07:02.977 INFO  (zkCallback-9-thread-1) [c: s: r: x: t:] o.a.s.c.c.ZkStateReader Updated live nodes from ZooKeeper... (1) -> (2)
2024-02-17 13:07:14.239 INFO  (qtp515273883-25) [c: s: r: x: t:localhost-3] o.a.s.s.HttpSolrCall [admin] webapp=null path=/admin/collections params={action=LIST&wt=javabin&version=2} status=0 QTime=7
2024-02-17 13:07:37.517 INFO  (qtp515273883-27) [c: s: r: x: t:localhost-4] o.a.s.s.HttpSolrCall [admin] webapp=null path=/admin/info/system params={wt=javabin&version=2} status=0 QTime=2
2024-02-17 13:07:37.520 INFO  (qtp515273883-19) [c: s: r: x: t:localhost-5] o.a.s.s.HttpSolrCall [admin] webapp=null path=/admin/collections params={action=CLUSTERSTATUS&wt=javabin&version=2} status=0 QTime=0
2024-02-17 13:07:37.906 INFO  (qtp515273883-27) [c: s: r: x: t:localhost-6] o.a.s.s.HttpSolrCall [admin] webapp=null path=/admin/collections params={action=LIST&wt=javabin&version=2} status=0 QTime=0
2024-02-17 13:07:37.928 INFO  (OverseerThreadFactory-15-thread-1) [c:techproducts s: r: x: t:] o.a.s.c.a.c.CreateCollectionCmd Create collection techproducts
2024-02-17 13:07:38.064 INFO  (OverseerStateUpdate-72066981367382016-localhost:8983_solr-n_0000000000) [c: s: r: x: t:] o.a.s.c.o.SliceMutator createReplica() {
  "core":"techproducts_shard1_replica_n1",
  "node_name":"localhost:8983_solr",
  "base_url":"http://localhost:8983/solr",
  "collection":"techproducts",
  "shard":"shard1",
  "state":"down",
  "type":"NRT",
  "operation":"ADDREPLICA",
  "waitForFinalState":"false"} 
2024-02-17 13:07:38.072 INFO  (OverseerStateUpdate-72066981367382016-localhost:8983_solr-n_0000000000) [c: s: r: x: t:] o.a.s.c.o.SliceMutator createReplica() {
  "core":"techproducts_shard2_replica_n2",
  "node_name":"localhost:8983_solr",
  "base_url":"http://localhost:8983/solr",
  "collection":"techproducts",
  "shard":"shard2",
  "state":"down",
  "type":"NRT",
  "operation":"ADDREPLICA",
  "waitForFinalState":"false"} 
2024-02-17 13:07:38.082 INFO  (OverseerStateUpdate-72066981367382016-localhost:8983_solr-n_0000000000) [c: s: r: x: t:] o.a.s.c.o.SliceMutator createReplica() {
  "core":"techproducts_shard2_replica_n4",
  "node_name":"localhost:7574_solr",
  "base_url":"http://localhost:7574/solr",
  "collection":"techproducts",
  "shard":"shard2",
  "state":"down",
  "type":"NRT",
  "operation":"ADDREPLICA",
  "waitForFinalState":"false"} 
2024-02-17 13:07:38.090 INFO  (OverseerStateUpdate-72066981367382016-localhost:8983_solr-n_0000000000) [c: s: r: x: t:] o.a.s.c.o.SliceMutator createReplica() {
  "core":"techproducts_shard1_replica_n6",
  "node_name":"localhost:7574_solr",
  "base_url":"http://localhost:7574/solr",
  "collection":"techproducts",
  "shard":"shard1",
  "state":"down",
  "type":"NRT",
  "operation":"ADDREPLICA",
  "waitForFinalState":"false"} 
2024-02-17 13:07:38.205 INFO  (zkCallback-9-thread-1) [c: s: r: x: t:] o.a.s.c.c.ZkStateReader A cluster state change: [WatchedEvent state:SyncConnected type:NodeDataChanged path:/collections/techproducts/state.json zxid: 197] for collection [techproducts] has occurred - updating... (live nodes size: [2])
2024-02-17 13:07:38.232 INFO  (qtp515273883-21) [c: s: r: x:techproducts_shard2_replica_n2 t:localhost-8] o.a.s.h.a.CoreAdminOperation core create command qt=/admin/cores&collection.configName=techproducts&newCollection=true&collection=techproducts&version=2&replicaType=NRT&coreNodeName=core_node5&name=techproducts_shard2_replica_n2&action=CREATE&numShards=2&shard=shard2&wt=javabin
2024-02-17 13:07:38.232 INFO  (qtp515273883-81) [c: s: r: x:techproducts_shard1_replica_n1 t:localhost-7] o.a.s.h.a.CoreAdminOperation core create command qt=/admin/cores&collection.configName=techproducts&newCollection=true&collection=techproducts&version=2&replicaType=NRT&coreNodeName=core_node3&name=techproducts_shard1_replica_n1&action=CREATE&numShards=2&shard=shard1&wt=javabin
2024-02-17 13:07:38.262 INFO  (qtp515273883-81) [c:techproducts s:shard1 r:core_node3 x:techproducts_shard1_replica_n1 t:localhost-7] o.a.s.c.RequestParams conf resource params.json loaded . version : 0 
2024-02-17 13:07:38.262 INFO  (qtp515273883-21) [c:techproducts s:shard2 r:core_node5 x:techproducts_shard2_replica_n2 t:localhost-8] o.a.s.c.RequestParams conf resource params.json loaded . version : 0 
2024-02-17 13:07:38.262 INFO  (qtp515273883-21) [c:techproducts s:shard2 r:core_node5 x:techproducts_shard2_replica_n2 t:localhost-8] o.a.s.c.RequestParams request params refreshed to version 0
2024-02-17 13:07:38.262 INFO  (qtp515273883-81) [c:techproducts s:shard1 r:core_node3 x:techproducts_shard1_replica_n1 t:localhost-7] o.a.s.c.RequestParams request params refreshed to version 0
2024-02-17 13:07:38.270 INFO  (qtp515273883-21) [c:techproducts s:shard2 r:core_node5 x:techproducts_shard2_replica_n2 t:localhost-8] o.a.s.c.SolrResourceLoader Added 90 libs to classloader, from paths: [/Users/rezafitriaman/IdeaProjects/apache-solr-playground/solr-9.4.1/modules/clustering/lib, /Users/rezafitriaman/IdeaProjects/apache-solr-playground/solr-9.4.1/modules/extraction/lib, /Users/rezafitriaman/IdeaProjects/apache-solr-playground/solr-9.4.1/modules/langid/lib, /Users/rezafitriaman/IdeaProjects/apache-solr-playground/solr-9.4.1/modules/ltr/lib, /Users/rezafitriaman/IdeaProjects/apache-solr-playground/solr-9.4.1/modules/scripting/lib]
2024-02-17 13:07:38.270 INFO  (qtp515273883-81) [c:techproducts s:shard1 r:core_node3 x:techproducts_shard1_replica_n1 t:localhost-7] o.a.s.c.SolrResourceLoader Added 90 libs to classloader, from paths: [/Users/rezafitriaman/IdeaProjects/apache-solr-playground/solr-9.4.1/modules/clustering/lib, /Users/rezafitriaman/IdeaProjects/apache-solr-playground/solr-9.4.1/modules/extraction/lib, /Users/rezafitriaman/IdeaProjects/apache-solr-playground/solr-9.4.1/modules/langid/lib, /Users/rezafitriaman/IdeaProjects/apache-solr-playground/solr-9.4.1/modules/ltr/lib, /Users/rezafitriaman/IdeaProjects/apache-solr-playground/solr-9.4.1/modules/scripting/lib]
2024-02-17 13:07:38.656 INFO  (qtp515273883-21) [c:techproducts s:shard2 r:core_node5 x:techproducts_shard2_replica_n2 t:localhost-8] o.a.s.c.SolrConfig Using Lucene MatchVersion: 9.8.0
2024-02-17 13:07:38.658 INFO  (qtp515273883-81) [c:techproducts s:shard1 r:core_node3 x:techproducts_shard1_replica_n1 t:localhost-7] o.a.s.c.SolrConfig Using Lucene MatchVersion: 9.8.0
2024-02-17 13:07:38.659 INFO  (qtp515273883-81) [c:techproducts s:shard1 r:core_node3 x:techproducts_shard1_replica_n1 t:localhost-7] o.a.s.u.SolrIndexConfig IndexWriter infoStream solr logging is enabled
2024-02-17 13:07:38.659 INFO  (qtp515273883-21) [c:techproducts s:shard2 r:core_node5 x:techproducts_shard2_replica_n2 t:localhost-8] o.a.s.u.SolrIndexConfig IndexWriter infoStream solr logging is enabled
2024-02-17 13:07:38.687 INFO  (qtp515273883-81) [c:techproducts s:shard1 r:core_node3 x:techproducts_shard1_replica_n1 t:localhost-7] o.a.s.s.IndexSchema Schema name=example
2024-02-17 13:07:38.687 INFO  (qtp515273883-21) [c:techproducts s:shard2 r:core_node5 x:techproducts_shard2_replica_n2 t:localhost-8] o.a.s.s.IndexSchema Schema name=example
2024-02-17 13:07:38.856 INFO  (qtp515273883-81) [c:techproducts s:shard1 r:core_node3 x:techproducts_shard1_replica_n1 t:localhost-7] o.a.s.r.RestManager Registered ManagedResource impl org.apache.solr.rest.schema.analysis.ManagedWordSetResource for path /schema/analysis/stopwords/english
2024-02-17 13:07:38.856 INFO  (qtp515273883-21) [c:techproducts s:shard2 r:core_node5 x:techproducts_shard2_replica_n2 t:localhost-8] o.a.s.r.RestManager Registered ManagedResource impl org.apache.solr.rest.schema.analysis.ManagedWordSetResource for path /schema/analysis/stopwords/english
2024-02-17 13:07:38.856 INFO  (qtp515273883-81) [c:techproducts s:shard1 r:core_node3 x:techproducts_shard1_replica_n1 t:localhost-7] o.a.s.r.RestManager Registered ManagedResource impl org.apache.solr.rest.schema.analysis.ManagedSynonymGraphFilterFactory$SynonymManager for path /schema/analysis/synonyms/english
2024-02-17 13:07:38.856 INFO  (qtp515273883-21) [c:techproducts s:shard2 r:core_node5 x:techproducts_shard2_replica_n2 t:localhost-8] o.a.s.r.RestManager Registered ManagedResource impl org.apache.solr.rest.schema.analysis.ManagedSynonymGraphFilterFactory$SynonymManager for path /schema/analysis/synonyms/english
2024-02-17 13:07:38.856 INFO  (qtp515273883-81) [c:techproducts s:shard1 r:core_node3 x:techproducts_shard1_replica_n1 t:localhost-7] o.a.s.r.RestManager Added observer of type org.apache.solr.rest.schema.analysis.ManagedStopFilterFactory to existing ManagedResource /schema/analysis/stopwords/english
2024-02-17 13:07:38.856 INFO  (qtp515273883-21) [c:techproducts s:shard2 r:core_node5 x:techproducts_shard2_replica_n2 t:localhost-8] o.a.s.r.RestManager Added observer of type org.apache.solr.rest.schema.analysis.ManagedStopFilterFactory to existing ManagedResource /schema/analysis/stopwords/english
2024-02-17 13:07:38.856 INFO  (qtp515273883-81) [c:techproducts s:shard1 r:core_node3 x:techproducts_shard1_replica_n1 t:localhost-7] o.a.s.r.RestManager Added observer of type org.apache.solr.rest.schema.analysis.ManagedSynonymGraphFilterFactory to existing ManagedResource /schema/analysis/synonyms/english
2024-02-17 13:07:38.856 INFO  (qtp515273883-21) [c:techproducts s:shard2 r:core_node5 x:techproducts_shard2_replica_n2 t:localhost-8] o.a.s.r.RestManager Added observer of type org.apache.solr.rest.schema.analysis.ManagedSynonymGraphFilterFactory to existing ManagedResource /schema/analysis/synonyms/english
2024-02-17 13:07:38.863 INFO  (qtp515273883-21) [c:techproducts s:shard2 r:core_node5 x:techproducts_shard2_replica_n2 t:localhost-8] o.a.s.s.IndexSchema Loaded schema example/1.6 with uniqueid field id
2024-02-17 13:07:38.863 INFO  (qtp515273883-81) [c:techproducts s:shard1 r:core_node3 x:techproducts_shard1_replica_n1 t:localhost-7] o.a.s.s.IndexSchema Loaded schema example/1.6 with uniqueid field id
2024-02-17 13:07:38.876 INFO  (qtp515273883-21) [c:techproducts s:shard2 r:core_node5 x:techproducts_shard2_replica_n2 t:localhost-8] o.a.s.c.CoreContainer Creating SolrCore 'techproducts_shard2_replica_n2' using configuration from configset techproducts, trusted=true
2024-02-17 13:07:38.876 INFO  (qtp515273883-81) [c:techproducts s:shard1 r:core_node3 x:techproducts_shard1_replica_n1 t:localhost-7] o.a.s.c.CoreContainer Creating SolrCore 'techproducts_shard1_replica_n1' using configuration from configset techproducts, trusted=true
2024-02-17 13:07:38.883 INFO  (qtp515273883-81) [c:techproducts s:shard1 r:core_node3 x:techproducts_shard1_replica_n1 t:localhost-7] o.a.s.c.SolrCore Opening new SolrCore at [/Users/rezafitriaman/IdeaProjects/apache-solr-playground/solr-9.4.1/example/cloud/node1/solr/techproducts_shard1_replica_n1], dataDir=[/Users/rezafitriaman/IdeaProjects/apache-solr-playground/solr-9.4.1/example/cloud/node1/solr/techproducts_shard1_replica_n1/data/]
2024-02-17 13:07:38.883 INFO  (qtp515273883-21) [c:techproducts s:shard2 r:core_node5 x:techproducts_shard2_replica_n2 t:localhost-8] o.a.s.c.SolrCore Opening new SolrCore at [/Users/rezafitriaman/IdeaProjects/apache-solr-playground/solr-9.4.1/example/cloud/node1/solr/techproducts_shard2_replica_n2], dataDir=[/Users/rezafitriaman/IdeaProjects/apache-solr-playground/solr-9.4.1/example/cloud/node1/solr/techproducts_shard2_replica_n2/data/]
2024-02-17 13:07:39.128 INFO  (qtp515273883-81) [c:techproducts s:shard1 r:core_node3 x:techproducts_shard1_replica_n1 t:localhost-7] o.a.s.j.SolrRequestAuthorizer Creating a new SolrRequestAuthorizer
2024-02-17 13:07:39.139 INFO  (qtp515273883-81) [c:techproducts s:shard1 r:core_node3 x:techproducts_shard1_replica_n1 t:localhost-7] o.a.s.u.UpdateHandler Using UpdateLog implementation: org.apache.solr.update.UpdateLog
2024-02-17 13:07:39.139 INFO  (qtp515273883-21) [c:techproducts s:shard2 r:core_node5 x:techproducts_shard2_replica_n2 t:localhost-8] o.a.s.u.UpdateHandler Using UpdateLog implementation: org.apache.solr.update.UpdateLog
2024-02-17 13:07:39.139 INFO  (qtp515273883-81) [c:techproducts s:shard1 r:core_node3 x:techproducts_shard1_replica_n1 t:localhost-7] o.a.s.u.UpdateLog Initializing UpdateLog: dataDir= defaultSyncLevel=FLUSH numRecordsToKeep=100 maxNumLogsToKeep=10 numVersionBuckets=65536
2024-02-17 13:07:39.139 INFO  (qtp515273883-21) [c:techproducts s:shard2 r:core_node5 x:techproducts_shard2_replica_n2 t:localhost-8] o.a.s.u.UpdateLog Initializing UpdateLog: dataDir= defaultSyncLevel=FLUSH numRecordsToKeep=100 maxNumLogsToKeep=10 numVersionBuckets=65536
2024-02-17 13:07:39.146 INFO  (qtp515273883-21) [c:techproducts s:shard2 r:core_node5 x:techproducts_shard2_replica_n2 t:localhost-8] o.a.s.u.CommitTracker Hard AutoCommit: if uncommitted for 15000ms; 
2024-02-17 13:07:39.146 INFO  (qtp515273883-81) [c:techproducts s:shard1 r:core_node3 x:techproducts_shard1_replica_n1 t:localhost-7] o.a.s.u.CommitTracker Hard AutoCommit: if uncommitted for 15000ms; 
2024-02-17 13:07:39.146 INFO  (qtp515273883-81) [c:techproducts s:shard1 r:core_node3 x:techproducts_shard1_replica_n1 t:localhost-7] o.a.s.u.CommitTracker Soft AutoCommit: if uncommitted for 3000ms; 
2024-02-17 13:07:39.146 INFO  (qtp515273883-21) [c:techproducts s:shard2 r:core_node5 x:techproducts_shard2_replica_n2 t:localhost-8] o.a.s.u.CommitTracker Soft AutoCommit: if uncommitted for 3000ms; 
2024-02-17 13:07:39.173 INFO  (qtp515273883-21) [c:techproducts s:shard2 r:core_node5 x:techproducts_shard2_replica_n2 t:localhost-8] o.a.s.r.ManagedResourceStorage Configured ZooKeeperStorageIO with znodeBase: /configs/techproducts
2024-02-17 13:07:39.173 INFO  (qtp515273883-81) [c:techproducts s:shard1 r:core_node3 x:techproducts_shard1_replica_n1 t:localhost-7] o.a.s.r.ManagedResourceStorage Configured ZooKeeperStorageIO with znodeBase: /configs/techproducts
2024-02-17 13:07:39.174 INFO  (qtp515273883-21) [c:techproducts s:shard2 r:core_node5 x:techproducts_shard2_replica_n2 t:localhost-8] o.a.s.r.ManagedResourceStorage Loaded LinkedHashMap at path _rest_managed.json using ZooKeeperStorageIO:path=/configs/techproducts
2024-02-17 13:07:39.174 INFO  (qtp515273883-81) [c:techproducts s:shard1 r:core_node3 x:techproducts_shard1_replica_n1 t:localhost-7] o.a.s.r.ManagedResourceStorage Loaded LinkedHashMap at path _rest_managed.json using ZooKeeperStorageIO:path=/configs/techproducts
2024-02-17 13:07:39.174 INFO  (qtp515273883-81) [c:techproducts s:shard1 r:core_node3 x:techproducts_shard1_replica_n1 t:localhost-7] o.a.s.r.ManagedResource Loaded initArgs {} for /rest/managed
2024-02-17 13:07:39.174 INFO  (qtp515273883-21) [c:techproducts s:shard2 r:core_node5 x:techproducts_shard2_replica_n2 t:localhost-8] o.a.s.r.ManagedResource Loaded initArgs {} for /rest/managed
2024-02-17 13:07:39.175 INFO  (qtp515273883-21) [c:techproducts s:shard2 r:core_node5 x:techproducts_shard2_replica_n2 t:localhost-8] o.a.s.r.ManagedResourceStorage Loaded LinkedHashMap at path _schema_analysis_stopwords_english.json using ZooKeeperStorageIO:path=/configs/techproducts
2024-02-17 13:07:39.175 INFO  (qtp515273883-21) [c:techproducts s:shard2 r:core_node5 x:techproducts_shard2_replica_n2 t:localhost-8] o.a.s.r.ManagedResource Loaded initArgs {ignoreCase=true} for /schema/analysis/stopwords/english
2024-02-17 13:07:39.175 INFO  (qtp515273883-81) [c:techproducts s:shard1 r:core_node3 x:techproducts_shard1_replica_n1 t:localhost-7] o.a.s.r.ManagedResourceStorage Loaded LinkedHashMap at path _schema_analysis_stopwords_english.json using ZooKeeperStorageIO:path=/configs/techproducts
2024-02-17 13:07:39.175 INFO  (qtp515273883-81) [c:techproducts s:shard1 r:core_node3 x:techproducts_shard1_replica_n1 t:localhost-7] o.a.s.r.ManagedResource Loaded initArgs {ignoreCase=true} for /schema/analysis/stopwords/english
2024-02-17 13:07:39.175 INFO  (qtp515273883-21) [c:techproducts s:shard2 r:core_node5 x:techproducts_shard2_replica_n2 t:localhost-8] o.a.s.r.s.a.ManagedWordSetResource Loaded 35 words for /schema/analysis/stopwords/english
2024-02-17 13:07:39.175 INFO  (qtp515273883-81) [c:techproducts s:shard1 r:core_node3 x:techproducts_shard1_replica_n1 t:localhost-7] o.a.s.r.s.a.ManagedWordSetResource Loaded 35 words for /schema/analysis/stopwords/english
2024-02-17 13:07:39.175 INFO  (qtp515273883-81) [c:techproducts s:shard1 r:core_node3 x:techproducts_shard1_replica_n1 t:localhost-7] o.a.s.r.ManagedResource Notified 2 observers of /schema/analysis/stopwords/english
2024-02-17 13:07:39.175 INFO  (qtp515273883-21) [c:techproducts s:shard2 r:core_node5 x:techproducts_shard2_replica_n2 t:localhost-8] o.a.s.r.ManagedResource Notified 2 observers of /schema/analysis/stopwords/english
2024-02-17 13:07:39.175 INFO  (qtp515273883-81) [c:techproducts s:shard1 r:core_node3 x:techproducts_shard1_replica_n1 t:localhost-7] o.a.s.r.ManagedResourceStorage Loaded LinkedHashMap at path _schema_analysis_synonyms_english.json using ZooKeeperStorageIO:path=/configs/techproducts
2024-02-17 13:07:39.175 INFO  (qtp515273883-81) [c:techproducts s:shard1 r:core_node3 x:techproducts_shard1_replica_n1 t:localhost-7] o.a.s.r.ManagedResource Loaded initArgs {ignoreCase=true, format=solr} for /schema/analysis/synonyms/english
2024-02-17 13:07:39.175 INFO  (qtp515273883-21) [c:techproducts s:shard2 r:core_node5 x:techproducts_shard2_replica_n2 t:localhost-8] o.a.s.r.ManagedResourceStorage Loaded LinkedHashMap at path _schema_analysis_synonyms_english.json using ZooKeeperStorageIO:path=/configs/techproducts
2024-02-17 13:07:39.175 INFO  (qtp515273883-21) [c:techproducts s:shard2 r:core_node5 x:techproducts_shard2_replica_n2 t:localhost-8] o.a.s.r.ManagedResource Loaded initArgs {ignoreCase=true, format=solr} for /schema/analysis/synonyms/english
2024-02-17 13:07:39.176 INFO  (qtp515273883-21) [c:techproducts s:shard2 r:core_node5 x:techproducts_shard2_replica_n2 t:localhost-8] o.a.s.r.s.a.ManagedSynonymGraphFilterFactory Loaded 3 synonym mappings for /schema/analysis/synonyms/english
2024-02-17 13:07:39.176 INFO  (qtp515273883-81) [c:techproducts s:shard1 r:core_node3 x:techproducts_shard1_replica_n1 t:localhost-7] o.a.s.r.s.a.ManagedSynonymGraphFilterFactory Loaded 3 synonym mappings for /schema/analysis/synonyms/english
2024-02-17 13:07:39.176 INFO  (qtp515273883-81) [c:techproducts s:shard1 r:core_node3 x:techproducts_shard1_replica_n1 t:localhost-7] o.a.s.r.ManagedResource Notified 2 observers of /schema/analysis/synonyms/english
2024-02-17 13:07:39.176 INFO  (qtp515273883-21) [c:techproducts s:shard2 r:core_node5 x:techproducts_shard2_replica_n2 t:localhost-8] o.a.s.r.ManagedResource Notified 2 observers of /schema/analysis/synonyms/english
2024-02-17 13:07:39.177 INFO  (qtp515273883-81) [c:techproducts s:shard1 r:core_node3 x:techproducts_shard1_replica_n1 t:localhost-7] o.a.s.s.ZkIndexSchemaReader Creating ZooKeeper watch for the managed schema at /configs/techproducts/managed-schema.xml
2024-02-17 13:07:39.177 INFO  (qtp515273883-21) [c:techproducts s:shard2 r:core_node5 x:techproducts_shard2_replica_n2 t:localhost-8] o.a.s.s.ZkIndexSchemaReader Creating ZooKeeper watch for the managed schema at /configs/techproducts/managed-schema.xml
2024-02-17 13:07:39.178 INFO  (qtp515273883-21) [c:techproducts s:shard2 r:core_node5 x:techproducts_shard2_replica_n2 t:localhost-8] o.a.s.s.ZkIndexSchemaReader Current schema version 0 is already the latest
2024-02-17 13:07:39.178 INFO  (qtp515273883-81) [c:techproducts s:shard1 r:core_node3 x:techproducts_shard1_replica_n1 t:localhost-7] o.a.s.s.ZkIndexSchemaReader Current schema version 0 is already the latest
2024-02-17 13:07:39.184 INFO  (qtp515273883-81) [c:techproducts s:shard1 r:core_node3 x:techproducts_shard1_replica_n1 t:localhost-7] o.a.s.s.DirectSolrSpellChecker init: {accuracy=0.5, maxQueryFrequency=0.01, name=default, field=text, classname=solr.DirectSolrSpellChecker, distanceMeasure=internal, maxEdits=2, minPrefix=1, maxInspections=5, minQueryLength=4}
2024-02-17 13:07:39.184 INFO  (qtp515273883-21) [c:techproducts s:shard2 r:core_node5 x:techproducts_shard2_replica_n2 t:localhost-8] o.a.s.s.DirectSolrSpellChecker init: {accuracy=0.5, maxQueryFrequency=0.01, name=default, field=text, classname=solr.DirectSolrSpellChecker, distanceMeasure=internal, maxEdits=2, minPrefix=1, maxInspections=5, minQueryLength=4}
2024-02-17 13:07:39.187 INFO  (qtp515273883-81) [c:techproducts s:shard1 r:core_node3 x:techproducts_shard1_replica_n1 t:localhost-7] o.a.s.h.c.SuggestComponent Initializing SuggestComponent
2024-02-17 13:07:39.187 INFO  (qtp515273883-21) [c:techproducts s:shard2 r:core_node5 x:techproducts_shard2_replica_n2 t:localhost-8] o.a.s.h.c.SuggestComponent Initializing SuggestComponent
2024-02-17 13:07:39.188 INFO  (qtp515273883-81) [c:techproducts s:shard1 r:core_node3 x:techproducts_shard1_replica_n1 t:localhost-7] o.a.s.s.s.SolrSuggester init: {name=mySuggester, lookupImpl=FuzzyLookupFactory, dictionaryImpl=DocumentDictionaryFactory, field=cat, weightField=price, suggestAnalyzerFieldType=string, buildOnStartup=false}
2024-02-17 13:07:39.188 INFO  (qtp515273883-21) [c:techproducts s:shard2 r:core_node5 x:techproducts_shard2_replica_n2 t:localhost-8] o.a.s.s.s.SolrSuggester init: {name=mySuggester, lookupImpl=FuzzyLookupFactory, dictionaryImpl=DocumentDictionaryFactory, field=cat, weightField=price, suggestAnalyzerFieldType=string, buildOnStartup=false}
2024-02-17 13:07:39.193 INFO  (qtp515273883-21) [c:techproducts s:shard2 r:core_node5 x:techproducts_shard2_replica_n2 t:localhost-8] o.a.s.s.s.SolrSuggester Dictionary loaded with params: {name=mySuggester, lookupImpl=FuzzyLookupFactory, dictionaryImpl=DocumentDictionaryFactory, field=cat, weightField=price, suggestAnalyzerFieldType=string, buildOnStartup=false}
2024-02-17 13:07:39.193 INFO  (qtp515273883-81) [c:techproducts s:shard1 r:core_node3 x:techproducts_shard1_replica_n1 t:localhost-7] o.a.s.s.s.SolrSuggester Dictionary loaded with params: {name=mySuggester, lookupImpl=FuzzyLookupFactory, dictionaryImpl=DocumentDictionaryFactory, field=cat, weightField=price, suggestAnalyzerFieldType=string, buildOnStartup=false}
2024-02-17 13:07:39.198 INFO  (qtp515273883-21) [c:techproducts s:shard2 r:core_node5 x:techproducts_shard2_replica_n2 t:localhost-8] o.a.s.h.ReplicationHandler Commits will be reserved for 10000 ms
2024-02-17 13:07:39.198 INFO  (qtp515273883-81) [c:techproducts s:shard1 r:core_node3 x:techproducts_shard1_replica_n1 t:localhost-7] o.a.s.h.ReplicationHandler Commits will be reserved for 10000 ms
2024-02-17 13:07:39.201 INFO  (qtp515273883-81) [c:techproducts s:shard1 r:core_node3 x:techproducts_shard1_replica_n1 t:localhost-7] o.a.s.u.UpdateLog Could not find max version in index or recent updates, using new clock 1791151580591947776
2024-02-17 13:07:39.201 INFO  (qtp515273883-21) [c:techproducts s:shard2 r:core_node5 x:techproducts_shard2_replica_n2 t:localhost-8] o.a.s.u.UpdateLog Could not find max version in index or recent updates, using new clock 1791151580591947776
2024-02-17 13:07:39.227 INFO  (searcherExecutor-21-thread-1-processing-techproducts_shard2_replica_n2 localhost-8 core_node5 localhost:8983_solr techproducts shard2) [c:techproducts s:shard2 r:core_node5 x:techproducts_shard2_replica_n2 t:localhost-8] o.a.s.c.S.Request webapp=null path=null params={q=static+firstSearcher+warming+in+solrconfig.xml&distrib=false&event=firstSearcher} hits=0 status=0 QTime=16
2024-02-17 13:07:39.227 INFO  (searcherExecutor-22-thread-1-processing-techproducts_shard1_replica_n1 localhost-7 core_node3 localhost:8983_solr techproducts shard1) [c:techproducts s:shard1 r:core_node3 x:techproducts_shard1_replica_n1 t:localhost-7] o.a.s.c.S.Request webapp=null path=null params={q=static+firstSearcher+warming+in+solrconfig.xml&distrib=false&event=firstSearcher} hits=0 status=0 QTime=16
2024-02-17 13:07:39.227 INFO  (searcherExecutor-21-thread-1-processing-techproducts_shard2_replica_n2 localhost-8 core_node5 localhost:8983_solr techproducts shard2) [c:techproducts s:shard2 r:core_node5 x:techproducts_shard2_replica_n2 t:localhost-8] o.a.s.c.QuerySenderListener QuerySenderListener done.
2024-02-17 13:07:39.227 INFO  (searcherExecutor-21-thread-1-processing-techproducts_shard2_replica_n2 localhost-8 core_node5 localhost:8983_solr techproducts shard2) [c:techproducts s:shard2 r:core_node5 x:techproducts_shard2_replica_n2 t:localhost-8] o.a.s.h.c.SpellCheckComponent Loading spell index for spellchecker: default
2024-02-17 13:07:39.227 INFO  (searcherExecutor-22-thread-1-processing-techproducts_shard1_replica_n1 localhost-7 core_node3 localhost:8983_solr techproducts shard1) [c:techproducts s:shard1 r:core_node3 x:techproducts_shard1_replica_n1 t:localhost-7] o.a.s.c.QuerySenderListener QuerySenderListener done.
2024-02-17 13:07:39.227 INFO  (searcherExecutor-21-thread-1-processing-techproducts_shard2_replica_n2 localhost-8 core_node5 localhost:8983_solr techproducts shard2) [c:techproducts s:shard2 r:core_node5 x:techproducts_shard2_replica_n2 t:localhost-8] o.a.s.h.c.SpellCheckComponent Loading spell index for spellchecker: wordbreak
2024-02-17 13:07:39.227 INFO  (searcherExecutor-22-thread-1-processing-techproducts_shard1_replica_n1 localhost-7 core_node3 localhost:8983_solr techproducts shard1) [c:techproducts s:shard1 r:core_node3 x:techproducts_shard1_replica_n1 t:localhost-7] o.a.s.h.c.SpellCheckComponent Loading spell index for spellchecker: default
2024-02-17 13:07:39.228 INFO  (searcherExecutor-22-thread-1-processing-techproducts_shard1_replica_n1 localhost-7 core_node3 localhost:8983_solr techproducts shard1) [c:techproducts s:shard1 r:core_node3 x:techproducts_shard1_replica_n1 t:localhost-7] o.a.s.h.c.SpellCheckComponent Loading spell index for spellchecker: wordbreak
2024-02-17 13:07:39.231 INFO  (searcherExecutor-22-thread-1-processing-techproducts_shard1_replica_n1 localhost-7 core_node3 localhost:8983_solr techproducts shard1) [c:techproducts s:shard1 r:core_node3 x:techproducts_shard1_replica_n1 t:localhost-7] o.a.s.c.SolrCore Registered new searcher autowarm time: 0 ms
2024-02-17 13:07:39.231 INFO  (searcherExecutor-21-thread-1-processing-techproducts_shard2_replica_n2 localhost-8 core_node5 localhost:8983_solr techproducts shard2) [c:techproducts s:shard2 r:core_node5 x:techproducts_shard2_replica_n2 t:localhost-8] o.a.s.c.SolrCore Registered new searcher autowarm time: 0 ms
2024-02-17 13:07:39.235 INFO  (qtp515273883-81) [c:techproducts s:shard1 r:core_node3 x:techproducts_shard1_replica_n1 t:localhost-7] o.a.s.c.ZkShardTerms Successful update of terms at /collections/techproducts/terms/shard1 to Terms{values={core_node3=0, core_node8=0}, version=1} for registerTerm
2024-02-17 13:07:39.259 INFO  (qtp515273883-21) [c:techproducts s:shard2 r:core_node5 x:techproducts_shard2_replica_n2 t:localhost-8] o.a.s.c.ZkShardTerms Failed to save terms, version is not a match, retrying
2024-02-17 13:07:39.266 INFO  (qtp515273883-21) [c:techproducts s:shard2 r:core_node5 x:techproducts_shard2_replica_n2 t:localhost-8] o.a.s.c.ZkShardTerms Successful update of terms at /collections/techproducts/terms/shard2 to Terms{values={core_node7=0, core_node5=0}, version=1} for registerTerm
2024-02-17 13:07:39.267 INFO  (qtp515273883-81) [c:techproducts s:shard1 r:core_node3 x:techproducts_shard1_replica_n1 t:localhost-7] o.a.s.c.ShardLeaderElectionContextBase make sure parent is created /collections/techproducts/leaders/shard1
2024-02-17 13:07:39.267 INFO  (qtp515273883-21) [c:techproducts s:shard2 r:core_node5 x:techproducts_shard2_replica_n2 t:localhost-8] o.a.s.c.ShardLeaderElectionContextBase make sure parent is created /collections/techproducts/leaders/shard2
2024-02-17 13:07:39.326 INFO  (qtp515273883-93) [c:techproducts s:shard2 r:core_node5 x:techproducts_shard2_replica_n2 t:localhost-4] o.a.s.c.S.Request webapp=/solr path=/get params={distrib=false&qt=/get&fingerprint=false&getVersions=100&wt=javabin&version=2} status=0 QTime=0
2024-02-17 13:07:39.326 INFO  (qtp515273883-22) [c:techproducts s:shard1 r:core_node3 x:techproducts_shard1_replica_n1 t:localhost-5] o.a.s.c.S.Request webapp=/solr path=/get params={distrib=false&qt=/get&fingerprint=false&getVersions=100&wt=javabin&version=2} status=0 QTime=1
2024-02-17 13:07:40.321 INFO  (qtp515273883-81) [c: s: r: x: t:localhost-7] o.a.s.s.HttpSolrCall [admin] webapp=null path=/admin/cores params={qt=/admin/cores&coreNodeName=core_node3&collection.configName=techproducts&newCollection=true&name=techproducts_shard1_replica_n1&action=CREATE&numShards=2&collection=techproducts&shard=shard1&wt=javabin&version=2&replicaType=NRT} status=0 QTime=2089
2024-02-17 13:07:40.321 INFO  (qtp515273883-21) [c: s: r: x: t:localhost-8] o.a.s.s.HttpSolrCall [admin] webapp=null path=/admin/cores params={qt=/admin/cores&coreNodeName=core_node5&collection.configName=techproducts&newCollection=true&name=techproducts_shard2_replica_n2&action=CREATE&numShards=2&collection=techproducts&shard=shard2&wt=javabin&version=2&replicaType=NRT} status=0 QTime=2090
2024-02-17 13:07:40.427 INFO  (zkCallback-9-thread-1) [c: s: r: x: t:] o.a.s.c.c.ZkStateReader A cluster state change: [WatchedEvent state:SyncConnected type:NodeDataChanged path:/collections/techproducts/state.json zxid: 263] for collection [techproducts] has occurred - updating... (live nodes size: [2])
2024-02-17 13:07:41.947 INFO  (OverseerCollectionConfigSetProcessor-72066981367382016-localhost:8983_solr-n_0000000000) [c: s: r: x: t:] o.a.s.c.OverseerTaskQueue Response ZK path: /overseer/collection-queue-work/qnr-0000000000 doesn't exist. Requestor may have disconnected from ZooKeeper
2024-02-17 13:08:03.728 INFO  (qtp515273883-81) [c:techproducts s:shard2 r:core_node5 x:techproducts_shard2_replica_n2 t:localhost-9] o.a.s.u.p.LogUpdateProcessorFactory webapp=/solr path=/update params={update.distrib=FROMLEADER&distrib.from=http://localhost:7574/solr/techproducts_shard2_replica_n4/&wt=javabin&version=2}{add=[0553573403 (1791151606235922432), 0553579908 (1791151606265282560), 055357342X (1791151606265282561), 0553293354 (1791151606266331136), 0812550706 (1791151606266331137)]} 0 39
2024-02-17 13:08:03.736 INFO  (qtp515273883-25) [c:techproducts s:shard1 r:core_node3 x:techproducts_shard1_replica_n1 t:localhost-9] o.a.s.u.p.LogUpdateProcessorFactory webapp=/solr path=/update params={update.distrib=FROMLEADER&distrib.from=http://localhost:7574/solr/techproducts_shard1_replica_n6/&wt=javabin&version=2}{add=[0812521390 (1791151606235922432), 0441385532 (1791151606265282560), 0380014300 (1791151606265282561), 0805080481 (1791151606266331136), 080508049X (1791151606266331137)]} 0 47
2024-02-17 13:08:03.737 INFO  (qtp515273883-26) [c:techproducts s:shard2 r:core_node5 x:techproducts_shard2_replica_n2 t:localhost-9] o.a.s.u.p.LogUpdateProcessorFactory webapp=/solr path=/update params={}{add=[0553573403, 0553579908, 055357342X, 0553293354, 0812521390, 0812550706, 0441385532, 0380014300, 0805080481, 080508049X]} 0 120
2024-02-17 13:08:03.757 INFO  (qtp515273883-93) [c:techproducts s:shard1 r:core_node3 x:techproducts_shard1_replica_n1 t:localhost-10] o.a.s.u.p.LogUpdateProcessorFactory webapp=/solr path=/update params={update.distrib=FROMLEADER&distrib.from=http://localhost:7574/solr/techproducts_shard1_replica_n6/&wt=javabin&version=2}{add=[978-0641723445 (1791151606337634304)]} 0 0
2024-02-17 13:08:03.759 INFO  (qtp515273883-81) [c:techproducts s:shard2 r:core_node5 x:techproducts_shard2_replica_n2 t:localhost-10] o.a.s.u.p.LogUpdateProcessorFactory webapp=/solr path=/update params={update.distrib=FROMLEADER&distrib.from=http://localhost:7574/solr/techproducts_shard2_replica_n4/&wt=javabin&version=2}{add=[978-1423103349 (1791151606337634304), 978-1857995879 (1791151606338682880), 978-1933988177 (1791151606339731456)]} 0 2
2024-02-17 13:08:03.760 INFO  (qtp515273883-21) [c:techproducts s:shard1 r:core_node3 x:techproducts_shard1_replica_n1 t:localhost-10] o.a.s.u.p.LogUpdateProcessorFactory webapp=/solr path=/update/json/docs params={}{add=[978-0641723445, 978-1423103349, 978-1857995879, 978-1933988177]} 0 10
2024-02-17 13:08:03.785 INFO  (qtp515273883-93) [c:techproducts s:shard1 r:core_node3 x:techproducts_shard1_replica_n1 t:localhost-11] o.a.s.u.p.LogUpdateProcessorFactory webapp=/solr path=/update params={update.distrib=FROMLEADER&distrib.from=http://localhost:7574/solr/techproducts_shard1_replica_n6/&wt=javabin&version=2}{add=[GB18030TEST (1791151606366994432)]} 0 1
2024-02-17 13:08:03.786 INFO  (qtp515273883-26) [c:techproducts s:shard2 r:core_node5 x:techproducts_shard2_replica_n2 t:localhost-11] o.a.s.u.p.LogUpdateProcessorFactory webapp=/solr path=/update params={}{add=[GB18030TEST]} 0 24
2024-02-17 13:08:03.809 INFO  (qtp515273883-22) [c:techproducts s:shard2 r:core_node5 x:techproducts_shard2_replica_n2 t:localhost-12] o.a.s.u.p.LogUpdateProcessorFactory webapp=/solr path=/update params={update.distrib=FROMLEADER&distrib.from=http://localhost:7574/solr/techproducts_shard2_replica_n4/&wt=javabin&version=2}{add=[SP2514N (1791151606376431616), 6H500F0 (1791151606385868800)]} 0 8
2024-02-17 13:08:03.810 INFO  (qtp515273883-21) [c:techproducts s:shard1 r:core_node3 x:techproducts_shard1_replica_n1 t:localhost-12] o.a.s.u.p.LogUpdateProcessorFactory webapp=/solr path=/update params={}{add=[SP2514N, 6H500F0]} 0 20
2024-02-17 13:08:03.817 INFO  (qtp515273883-93) [c:techproducts s:shard2 r:core_node5 x:techproducts_shard2_replica_n2 t:localhost-13] o.a.s.u.p.LogUpdateProcessorFactory webapp=/solr path=/update params={update.distrib=FROMLEADER&distrib.from=http://localhost:7574/solr/techproducts_shard2_replica_n4/&wt=javabin&version=2}{add=[F8V7067-APL-KIT (1791151606400548864)]} 0 1
2024-02-17 13:08:03.819 INFO  (qtp515273883-81) [c:techproducts s:shard1 r:core_node3 x:techproducts_shard1_replica_n1 t:localhost-13] o.a.s.u.p.LogUpdateProcessorFactory webapp=/solr path=/update params={update.distrib=FROMLEADER&distrib.from=http://localhost:7574/solr/techproducts_shard1_replica_n6/&wt=javabin&version=2}{add=[IW-02 (1791151606400548864)]} 0 2
2024-02-17 13:08:03.819 INFO  (qtp515273883-26) [c:techproducts s:shard2 r:core_node5 x:techproducts_shard2_replica_n2 t:localhost-13] o.a.s.u.p.LogUpdateProcessorFactory webapp=/solr path=/update params={}{add=[F8V7067-APL-KIT, IW-02]} 0 6
2024-02-17 13:08:03.833 INFO  (qtp515273883-93) [c:techproducts s:shard1 r:core_node3 x:techproducts_shard1_replica_n1 t:localhost-14] o.a.s.u.p.LogUpdateProcessorFactory webapp=/solr path=/update params={update.distrib=FROMLEADER&distrib.from=http://localhost:7574/solr/techproducts_shard1_replica_n6/&wt=javabin&version=2}{add=[MA147LL/A (1791151606409986048)]} 0 5
2024-02-17 13:08:03.835 INFO  (qtp515273883-21) [c:techproducts s:shard1 r:core_node3 x:techproducts_shard1_replica_n1 t:localhost-14] o.a.s.u.p.LogUpdateProcessorFactory webapp=/solr path=/update params={}{add=[MA147LL/A]} 0 12
2024-02-17 13:08:03.841 INFO  (qtp515273883-22) [c:techproducts s:shard1 r:core_node3 x:techproducts_shard1_replica_n1 t:localhost-15] o.a.s.u.p.LogUpdateProcessorFactory webapp=/solr path=/update params={update.distrib=FROMLEADER&distrib.from=http://localhost:7574/solr/techproducts_shard1_replica_n6/&wt=javabin&version=2}{add=[adata (1791151606426763264), asus (1791151606426763265), belkin (1791151606426763266), maxtor (1791151606427811840)]} 0 1
2024-02-17 13:08:03.842 INFO  (qtp515273883-81) [c:techproducts s:shard2 r:core_node5 x:techproducts_shard2_replica_n2 t:localhost-15] o.a.s.u.p.LogUpdateProcessorFactory webapp=/solr path=/update params={update.distrib=FROMLEADER&distrib.from=http://localhost:7574/solr/techproducts_shard2_replica_n4/&wt=javabin&version=2}{add=[apple (1791151606426763264), ati (1791151606426763265), canon (1791151606426763266), corsair (1791151606427811840), dell (1791151606427811841), samsung (1791151606427811842), viewsonic (1791151606428860416)]} 0 2
2024-02-17 13:08:03.843 INFO  (qtp515273883-26) [c:techproducts s:shard2 r:core_node5 x:techproducts_shard2_replica_n2 t:localhost-15] o.a.s.u.p.LogUpdateProcessorFactory webapp=/solr path=/update params={}{add=[adata, apple, asus, ati, belkin, canon, corsair, dell, maxtor, samsung, ... (11 adds)]} 0 5
2024-02-17 13:08:03.852 INFO  (qtp515273883-22) [c:techproducts s:shard1 r:core_node3 x:techproducts_shard1_replica_n1 t:localhost-16] o.a.s.u.p.LogUpdateProcessorFactory webapp=/solr path=/update params={update.distrib=FROMLEADER&distrib.from=http://localhost:7574/solr/techproducts_shard1_replica_n6/&wt=javabin&version=2}{add=[TWINX2048-3200PRO (1791151606434103296), VS1GB400C3 (1791151606436200448), VDBDB1A16 (1791151606436200449)]} 0 3
2024-02-17 13:08:03.853 INFO  (qtp515273883-21) [c:techproducts s:shard1 r:core_node3 x:techproducts_shard1_replica_n1 t:localhost-16] o.a.s.u.p.LogUpdateProcessorFactory webapp=/solr path=/update params={}{add=[TWINX2048-3200PRO, VS1GB400C3, VDBDB1A16]} 0 7
2024-02-17 13:08:03.859 INFO  (qtp515273883-93) [c:techproducts s:shard1 r:core_node3 x:techproducts_shard1_replica_n1 t:localhost-17] o.a.s.u.p.LogUpdateProcessorFactory webapp=/solr path=/update params={update.distrib=FROMLEADER&distrib.from=http://localhost:7574/solr/techproducts_shard1_replica_n6/&wt=javabin&version=2}{add=[USD (1791151606445637632), GBP (1791151606445637633)]} 0 1
2024-02-17 13:08:03.861 INFO  (qtp515273883-81) [c:techproducts s:shard2 r:core_node5 x:techproducts_shard2_replica_n2 t:localhost-17] o.a.s.u.p.LogUpdateProcessorFactory webapp=/solr path=/update params={update.distrib=FROMLEADER&distrib.from=http://localhost:7574/solr/techproducts_shard2_replica_n4/&wt=javabin&version=2}{add=[EUR (1791151606445637632), NOK (1791151606445637633)]} 0 2
2024-02-17 13:08:03.862 INFO  (qtp515273883-26) [c:techproducts s:shard2 r:core_node5 x:techproducts_shard2_replica_n2 t:localhost-17] o.a.s.u.p.LogUpdateProcessorFactory webapp=/solr path=/update params={}{add=[USD, EUR, GBP, NOK]} 0 6
2024-02-17 13:08:03.870 INFO  (qtp515273883-93) [c:techproducts s:shard1 r:core_node3 x:techproducts_shard1_replica_n1 t:localhost-18] o.a.s.u.p.LogUpdateProcessorFactory webapp=/solr path=/update params={update.distrib=FROMLEADER&distrib.from=http://localhost:7574/solr/techproducts_shard1_replica_n6/&wt=javabin&version=2}{add=[3007WFP (1791151606456123392)]} 0 0
2024-02-17 13:08:03.872 INFO  (qtp515273883-21) [c:techproducts s:shard2 r:core_node5 x:techproducts_shard2_replica_n2 t:localhost-18] o.a.s.u.p.LogUpdateProcessorFactory webapp=/solr path=/update params={}{add=[3007WFP]} 0 6
2024-02-17 13:08:03.877 INFO  (qtp515273883-81) [c:techproducts s:shard2 r:core_node5 x:techproducts_shard2_replica_n2 t:localhost-19] o.a.s.u.p.LogUpdateProcessorFactory webapp=/solr path=/update params={update.distrib=FROMLEADER&distrib.from=http://localhost:7574/solr/techproducts_shard2_replica_n4/&wt=javabin&version=2}{add=[VA902B (1791151606464512000)]} 0 0
2024-02-17 13:08:03.878 INFO  (qtp515273883-26) [c:techproducts s:shard1 r:core_node3 x:techproducts_shard1_replica_n1 t:localhost-19] o.a.s.u.p.LogUpdateProcessorFactory webapp=/solr path=/update params={}{add=[VA902B]} 0 4
2024-02-17 13:08:03.881 INFO  (qtp515273883-21) [c:techproducts s:shard1 r:core_node3 x:techproducts_shard1_replica_n1 t:localhost-20] o.a.s.c.PluginBag Going to create a new requestHandler with {type = requestHandler,name = /update/extract,class = solr.extraction.ExtractingRequestHandler,attributes = {startup=lazy, name=/update/extract, class=solr.extraction.ExtractingRequestHandler},args = {defaults={lowernames=true, uprefix=ignored_, captureAttr=true, fmap.a=links, fmap.div=ignored_, df=text}}} 
2024-02-17 13:08:04.173 INFO  (qtp515273883-22) [c:techproducts s:shard1 r:core_node3 x:techproducts_shard1_replica_n1 t:localhost-20] o.a.s.u.p.LogUpdateProcessorFactory webapp=/solr path=/update params={update.distrib=FROMLEADER&distrib.from=http://localhost:7574/solr/techproducts_shard1_replica_n6/&wt=javabin&version=2}{add=[/Users/rezafitriaman/IdeaProjects/apache-solr-playground/solr-9.4.1/example/exampledocs/more_books.jsonl (1791151606773841920)]} 0 0
2024-02-17 13:08:04.174 INFO  (qtp515273883-21) [c:techproducts s:shard1 r:core_node3 x:techproducts_shard1_replica_n1 t:localhost-20] o.a.s.u.p.LogUpdateProcessorFactory webapp=/solr path=/update/extract params={resource.name=/Users/rezafitriaman/IdeaProjects/apache-solr-playground/solr-9.4.1/example/exampledocs/more_books.jsonl&literal.id=/Users/rezafitriaman/IdeaProjects/apache-solr-playground/solr-9.4.1/example/exampledocs/more_books.jsonl}{add=[/Users/rezafitriaman/IdeaProjects/apache-solr-playground/solr-9.4.1/example/exampledocs/more_books.jsonl]} 0 292
2024-02-17 13:08:04.180 INFO  (qtp515273883-81) [c:techproducts s:shard2 r:core_node5 x:techproducts_shard2_replica_n2 t:localhost-21] o.a.s.u.p.LogUpdateProcessorFactory webapp=/solr path=/update params={update.distrib=FROMLEADER&distrib.from=http://localhost:7574/solr/techproducts_shard2_replica_n4/&wt=javabin&version=2}{add=[0579B002 (1791151606782230528)]} 0 0
2024-02-17 13:08:04.181 INFO  (qtp515273883-26) [c:techproducts s:shard2 r:core_node5 x:techproducts_shard2_replica_n2 t:localhost-21] o.a.s.u.p.LogUpdateProcessorFactory webapp=/solr path=/update params={}{add=[0579B002]} 0 4
2024-02-17 13:08:04.269 INFO  (qtp515273883-22) [c:techproducts s:shard2 r:core_node5 x:techproducts_shard2_replica_n2 t:localhost-22] o.a.s.u.p.LogUpdateProcessorFactory webapp=/solr path=/update params={update.distrib=FROMLEADER&distrib.from=http://localhost:7574/solr/techproducts_shard2_replica_n4/&wt=javabin&version=2}{add=[/Users/rezafitriaman/IdeaProjects/apache-solr-playground/solr-9.4.1/example/exampledocs/post.jar (1791151606856679424)]} 0 9
2024-02-17 13:08:04.270 INFO  (qtp515273883-21) [c:techproducts s:shard1 r:core_node3 x:techproducts_shard1_replica_n1 t:localhost-22] o.a.s.u.p.LogUpdateProcessorFactory webapp=/solr path=/update/extract params={resource.name=/Users/rezafitriaman/IdeaProjects/apache-solr-playground/solr-9.4.1/example/exampledocs/post.jar&literal.id=/Users/rezafitriaman/IdeaProjects/apache-solr-playground/solr-9.4.1/example/exampledocs/post.jar}{add=[/Users/rezafitriaman/IdeaProjects/apache-solr-playground/solr-9.4.1/example/exampledocs/post.jar]} 0 87
2024-02-17 13:08:04.273 INFO  (qtp515273883-26) [c:techproducts s:shard2 r:core_node5 x:techproducts_shard2_replica_n2 t:localhost-23] o.a.s.c.PluginBag Going to create a new requestHandler with {type = requestHandler,name = /update/extract,class = solr.extraction.ExtractingRequestHandler,attributes = {startup=lazy, name=/update/extract, class=solr.extraction.ExtractingRequestHandler},args = {defaults={lowernames=true, uprefix=ignored_, captureAttr=true, fmap.a=links, fmap.div=ignored_, df=text}}} 
2024-02-17 13:08:04.554 INFO  (qtp515273883-81) [c:techproducts s:shard2 r:core_node5 x:techproducts_shard2_replica_n2 t:localhost-23] o.a.s.u.p.LogUpdateProcessorFactory webapp=/solr path=/update params={update.distrib=FROMLEADER&distrib.from=http://localhost:7574/solr/techproducts_shard2_replica_n4/&wt=javabin&version=2}{add=[/Users/rezafitriaman/IdeaProjects/apache-solr-playground/solr-9.4.1/example/exampledocs/sample.html (1791151607172300800)]} 0 1
2024-02-17 13:08:04.555 INFO  (qtp515273883-26) [c:techproducts s:shard2 r:core_node5 x:techproducts_shard2_replica_n2 t:localhost-23] o.a.s.u.p.LogUpdateProcessorFactory webapp=/solr path=/update/extract params={resource.name=/Users/rezafitriaman/IdeaProjects/apache-solr-playground/solr-9.4.1/example/exampledocs/sample.html&literal.id=/Users/rezafitriaman/IdeaProjects/apache-solr-playground/solr-9.4.1/example/exampledocs/sample.html}{add=[/Users/rezafitriaman/IdeaProjects/apache-solr-playground/solr-9.4.1/example/exampledocs/sample.html]} 0 282
2024-02-17 13:08:04.563 INFO  (qtp515273883-22) [c:techproducts s:shard2 r:core_node5 x:techproducts_shard2_replica_n2 t:localhost-24] o.a.s.u.p.LogUpdateProcessorFactory webapp=/solr path=/update params={update.distrib=FROMLEADER&distrib.from=http://localhost:7574/solr/techproducts_shard2_replica_n4/&wt=javabin&version=2}{add=[9885A004 (1791151607182786560)]} 0 1
2024-02-17 13:08:04.564 INFO  (qtp515273883-21) [c:techproducts s:shard2 r:core_node5 x:techproducts_shard2_replica_n2 t:localhost-24] o.a.s.u.p.LogUpdateProcessorFactory webapp=/solr path=/update params={}{add=[9885A004]} 0 6
2024-02-17 13:08:05.403 INFO  (qtp515273883-81) [c:techproducts s:shard1 r:core_node3 x:techproducts_shard1_replica_n1 t:localhost-25] o.a.s.u.p.LogUpdateProcessorFactory webapp=/solr path=/update params={update.distrib=FROMLEADER&distrib.from=http://localhost:7574/solr/techproducts_shard1_replica_n6/&wt=javabin&version=2}{add=[/Users/rezafitriaman/IdeaProjects/apache-solr-playground/solr-9.4.1/example/exampledocs/solr-word.pdf (1791151608063590400)]} 0 1
2024-02-17 13:08:05.404 INFO  (qtp515273883-26) [c:techproducts s:shard2 r:core_node5 x:techproducts_shard2_replica_n2 t:localhost-25] o.a.s.u.p.LogUpdateProcessorFactory webapp=/solr path=/update/extract params={resource.name=/Users/rezafitriaman/IdeaProjects/apache-solr-playground/solr-9.4.1/example/exampledocs/solr-word.pdf&literal.id=/Users/rezafitriaman/IdeaProjects/apache-solr-playground/solr-9.4.1/example/exampledocs/solr-word.pdf}{add=[/Users/rezafitriaman/IdeaProjects/apache-solr-playground/solr-9.4.1/example/exampledocs/solr-word.pdf]} 0 837
2024-02-17 13:08:05.410 INFO  (qtp515273883-22) [c:techproducts s:shard2 r:core_node5 x:techproducts_shard2_replica_n2 t:localhost-26] o.a.s.u.p.LogUpdateProcessorFactory webapp=/solr path=/update params={update.distrib=FROMLEADER&distrib.from=http://localhost:7574/solr/techproducts_shard2_replica_n4/&wt=javabin&version=2}{add=[SOLR1000 (1791151608071979008)]} 0 0
2024-02-17 13:08:05.411 INFO  (qtp515273883-21) [c:techproducts s:shard1 r:core_node3 x:techproducts_shard1_replica_n1 t:localhost-26] o.a.s.u.p.LogUpdateProcessorFactory webapp=/solr path=/update params={}{add=[SOLR1000]} 0 4
2024-02-17 13:08:05.438 INFO  (qtp515273883-81) [c:techproducts s:shard2 r:core_node5 x:techproducts_shard2_replica_n2 t:localhost-27] o.a.s.u.p.LogUpdateProcessorFactory webapp=/solr path=/update params={update.distrib=FROMLEADER&distrib.from=http://localhost:7574/solr/techproducts_shard2_replica_n4/&wt=javabin&version=2}{add=[/Users/rezafitriaman/IdeaProjects/apache-solr-playground/solr-9.4.1/example/exampledocs/test_utf8.sh (1791151608100290560)]} 0 1
2024-02-17 13:08:05.439 INFO  (qtp515273883-26) [c:techproducts s:shard2 r:core_node5 x:techproducts_shard2_replica_n2 t:localhost-27] o.a.s.u.p.LogUpdateProcessorFactory webapp=/solr path=/update/extract params={resource.name=/Users/rezafitriaman/IdeaProjects/apache-solr-playground/solr-9.4.1/example/exampledocs/test_utf8.sh&literal.id=/Users/rezafitriaman/IdeaProjects/apache-solr-playground/solr-9.4.1/example/exampledocs/test_utf8.sh}{add=[/Users/rezafitriaman/IdeaProjects/apache-solr-playground/solr-9.4.1/example/exampledocs/test_utf8.sh]} 0 25
2024-02-17 13:08:05.446 INFO  (qtp515273883-22) [c:techproducts s:shard2 r:core_node5 x:techproducts_shard2_replica_n2 t:localhost-28] o.a.s.u.p.LogUpdateProcessorFactory webapp=/solr path=/update params={update.distrib=FROMLEADER&distrib.from=http://localhost:7574/solr/techproducts_shard2_replica_n4/&wt=javabin&version=2}{add=[UTF8TEST (1791151608108679168)]} 0 1
2024-02-17 13:08:05.447 INFO  (qtp515273883-21) [c:techproducts s:shard1 r:core_node3 x:techproducts_shard1_replica_n1 t:localhost-28] o.a.s.u.p.LogUpdateProcessorFactory webapp=/solr path=/update params={}{add=[UTF8TEST]} 0 5
2024-02-17 13:08:05.454 INFO  (qtp515273883-93) [c:techproducts s:shard1 r:core_node3 x:techproducts_shard1_replica_n1 t:localhost-29] o.a.s.u.p.LogUpdateProcessorFactory webapp=/solr path=/update params={update.distrib=FROMLEADER&distrib.from=http://localhost:7574/solr/techproducts_shard1_replica_n6/&wt=javabin&version=2}{add=[EN7800GTX/2DHTV/256M (1791151608116019200)]} 0 1
2024-02-17 13:08:05.455 INFO  (qtp515273883-81) [c:techproducts s:shard2 r:core_node5 x:techproducts_shard2_replica_n2 t:localhost-29] o.a.s.u.p.LogUpdateProcessorFactory webapp=/solr path=/update params={update.distrib=FROMLEADER&distrib.from=http://localhost:7574/solr/techproducts_shard2_replica_n4/&wt=javabin&version=2}{add=[100-435805 (1791151608116019200)]} 0 2
2024-02-17 13:08:05.456 INFO  (qtp515273883-26) [c:techproducts s:shard2 r:core_node5 x:techproducts_shard2_replica_n2 t:localhost-29] o.a.s.u.p.LogUpdateProcessorFactory webapp=/solr path=/update params={}{add=[EN7800GTX/2DHTV/256M, 100-435805]} 0 6
2024-02-17 13:08:05.640 INFO  (searcherExecutor-22-thread-1-processing-techproducts_shard1_replica_n1 localhost-30 core_node3 localhost:8983_solr techproducts shard1) [c:techproducts s:shard1 r:core_node3 x:techproducts_shard1_replica_n1 t:localhost-30] o.a.s.c.QuerySenderListener QuerySenderListener done.
2024-02-17 13:08:05.640 INFO  (searcherExecutor-21-thread-1-processing-techproducts_shard2_replica_n2 localhost-30 core_node5 localhost:8983_solr techproducts shard2) [c:techproducts s:shard2 r:core_node5 x:techproducts_shard2_replica_n2 t:localhost-30] o.a.s.c.QuerySenderListener QuerySenderListener done.
2024-02-17 13:08:05.647 INFO  (searcherExecutor-22-thread-1-processing-techproducts_shard1_replica_n1 localhost-30 core_node3 localhost:8983_solr techproducts shard1) [c:techproducts s:shard1 r:core_node3 x:techproducts_shard1_replica_n1 t:localhost-30] o.a.s.c.SolrCore Registered new searcher autowarm time: 2 ms
2024-02-17 13:08:05.647 INFO  (searcherExecutor-21-thread-1-processing-techproducts_shard2_replica_n2 localhost-30 core_node5 localhost:8983_solr techproducts shard2) [c:techproducts s:shard2 r:core_node5 x:techproducts_shard2_replica_n2 t:localhost-30] o.a.s.c.SolrCore Registered new searcher autowarm time: 2 ms
2024-02-17 13:08:05.649 INFO  (qtp515273883-93) [c:techproducts s:shard2 r:core_node5 x:techproducts_shard2_replica_n2 t:localhost-30] o.a.s.u.p.LogUpdateProcessorFactory webapp=/solr path=/update params={update.distrib=FROMLEADER&waitSearcher=true&openSearcher=true&commit=true&softCommit=false&distrib.from=http://localhost:7574/solr/techproducts_shard2_replica_n4/&commit_end_point=replicas&wt=javabin&version=2&expungeDeletes=false}{commit=} 0 185
2024-02-17 13:08:05.649 INFO  (qtp515273883-22) [c:techproducts s:shard1 r:core_node3 x:techproducts_shard1_replica_n1 t:localhost-30] o.a.s.u.p.LogUpdateProcessorFactory webapp=/solr path=/update params={update.distrib=FROMLEADER&waitSearcher=true&openSearcher=true&commit=true&softCommit=false&distrib.from=http://localhost:7574/solr/techproducts_shard1_replica_n6/&commit_end_point=replicas&wt=javabin&version=2&expungeDeletes=false}{commit=} 0 185
2024-02-17 13:08:05.651 INFO  (qtp515273883-21) [c:techproducts s:shard2 r:core_node5 x:techproducts_shard2_replica_n2 t:localhost-30] o.a.s.u.p.LogUpdateProcessorFactory webapp=/solr path=/update params={commit=true}{commit=} 0 193
2024-02-17 13:08:20.297 INFO  (qtp515273883-20) [c:techproducts s:shard1 r:core_node3 x:techproducts_shard1_replica_n1 t:localhost-31] o.a.s.c.S.Request webapp=/solr path=/select params={df=text&distrib=false&fl=id&fl=score&shards.purpose=16388&start=0&fsv=true&rows=10&rid=localhost-31&version=2&q=*:*&omitHeader=false&NOW=1708175300285&isShard=true&wt=javabin} hits=22 status=0 QTime=6
2024-02-17 13:08:20.327 INFO  (qtp515273883-19) [c:techproducts s:shard1 r:core_node3 x:techproducts_shard1_replica_n1 t:localhost-31] o.a.s.c.S.Request webapp=/solr path=/select params={q=*:*&indent=on} rid=localhost-31 hits=51 status=0 QTime=42
2024-02-17 13:08:40.287 INFO  (qtp515273883-22) [c:techproducts s:shard2 r:core_node5 x:techproducts_shard2_replica_n2 t:localhost-32] o.a.s.c.S.Request webapp=/solr path=/select params={df=text&distrib=false&fl=id&fl=score&shards.purpose=16388&start=0&fsv=true&rows=10&rid=localhost-32&version=2&q=foundation&omitHeader=false&NOW=1708175320278&isShard=true&wt=javabin} hits=5 status=0 QTime=6
2024-02-17 13:08:40.292 INFO  (qtp515273883-20) [c:techproducts s:shard2 r:core_node5 x:techproducts_shard2_replica_n2 t:localhost-32] o.a.s.c.S.Request webapp=/solr path=/select params={q=foundation&df=text&distrib=false&omitHeader=false&shards.purpose=64&NOW=1708175320278&ids=0553293354,/Users/rezafitriaman/IdeaProjects/apache-solr-playground/solr-9.4.1/example/exampledocs/post.jar,SOLR1000,UTF8TEST,/Users/rezafitriaman/IdeaProjects/apache-solr-playground/solr-9.4.1/example/exampledocs/test_utf8.sh&isShard=true&rows=10&rid=localhost-32&wt=javabin&version=2} status=0 QTime=1
2024-02-17 13:08:40.303 INFO  (qtp515273883-27) [c:techproducts s:shard1 r:core_node3 x:techproducts_shard1_replica_n1 t:localhost-32] o.a.s.c.S.Request webapp=/solr path=/select params={q=foundation} rid=localhost-32 hits=5 status=0 QTime=25
2024-02-17 13:09:27.810 INFO  (qtp515273883-26) [c:techproducts s:shard2 r:core_node5 x:techproducts_shard2_replica_n2 t:localhost-33] o.a.s.c.S.Request webapp=/solr path=/select params={df=text&distrib=false&fl=id&fl=score&shards.purpose=16388&start=0&fsv=true&rows=10&rid=localhost-33&version=2&q=*:*&omitHeader=false&NOW=1708175367806&isShard=true&wt=javabin} hits=29 status=0 QTime=1
2024-02-17 13:09:27.820 INFO  (qtp515273883-22) [c:techproducts s:shard1 r:core_node3 x:techproducts_shard1_replica_n1 t:localhost-33] o.a.s.c.S.Request webapp=/solr path=/select params={q=*:*&indent=on} rid=localhost-33 hits=51 status=0 QTime=14
2024-02-17 13:09:43.410 INFO  (qtp515273883-93) [c:techproducts s:shard1 r:core_node3 x:techproducts_shard1_replica_n1 t:localhost-34] o.a.s.c.S.Request webapp=/solr path=/select params={df=text&distrib=false&fl=id&fl=score&shards.purpose=16388&start=0&fsv=true&rows=10&rid=localhost-34&version=2&q=book&omitHeader=false&NOW=1708175383404&isShard=true&wt=javabin} hits=7 status=0 QTime=1
2024-02-17 13:09:43.410 INFO  (qtp515273883-22) [c:techproducts s:shard2 r:core_node5 x:techproducts_shard2_replica_n2 t:localhost-34] o.a.s.c.S.Request webapp=/solr path=/select params={df=text&distrib=false&fl=id&fl=score&shards.purpose=16388&start=0&fsv=true&rows=10&rid=localhost-34&version=2&q=book&omitHeader=false&NOW=1708175383404&isShard=true&wt=javabin} hits=8 status=0 QTime=1
2024-02-17 13:09:43.413 INFO  (qtp515273883-26) [c:techproducts s:shard1 r:core_node3 x:techproducts_shard1_replica_n1 t:localhost-34] o.a.s.c.S.Request webapp=/solr path=/select params={q=book&df=text&distrib=false&omitHeader=false&shards.purpose=64&NOW=1708175383404&ids=0805080481,0441385532&isShard=true&rows=10&rid=localhost-34&wt=javabin&version=2} status=0 QTime=0
2024-02-17 13:09:43.413 INFO  (qtp515273883-22) [c:techproducts s:shard2 r:core_node5 x:techproducts_shard2_replica_n2 t:localhost-34] o.a.s.c.S.Request webapp=/solr path=/select params={q=book&df=text&distrib=false&omitHeader=false&shards.purpose=64&NOW=1708175383404&ids=055357342X,0553293354,978-1933988177,0553579908,978-1423103349,978-1857995879,0553573403,0812550706&isShard=true&rows=10&rid=localhost-34&wt=javabin&version=2} status=0 QTime=0
2024-02-17 13:09:43.416 INFO  (qtp515273883-23) [c:techproducts s:shard1 r:core_node3 x:techproducts_shard1_replica_n1 t:localhost-34] o.a.s.c.S.Request webapp=/solr path=/select params={q=book} rid=localhost-34 hits=15 status=0 QTime=11
2024-02-17 13:10:07.493 INFO  (qtp515273883-25) [c: s: r: x: t:localhost-37] o.a.s.s.HttpSolrCall [admin] webapp=null path=/admin/cores params={indexInfo=false&wt=json&_=1708175407438} status=0 QTime=0
2024-02-17 13:10:07.494 INFO  (qtp515273883-23) [c:techproducts s:shard2 r:core_node5 x:techproducts_shard2_replica_n2 t:localhost-36] o.a.s.c.S.Request webapp=/solr path=/config/params params={wt=json&_=1708175407465} status=0 QTime=2
2024-02-17 13:10:07.495 INFO  (qtp515273883-22) [c: s: r: x: t:localhost-38] o.a.s.s.HttpSolrCall [admin] webapp=null path=/admin/info/system params={wt=json&_=1708175407438} status=0 QTime=2
2024-02-17 13:10:07.500 INFO  (qtp515273883-81) [c:techproducts s:shard1 r:core_node3 x:techproducts_shard1_replica_n1 t:localhost-39] o.a.s.c.S.Request webapp=/solr path=/select params={q=cat:book-hardcover&indent=true&q.op=OR&useParams=&_=1708175407465} rid=localhost-39 hits=0 status=0 QTime=7
2024-02-17 13:10:07.517 INFO  (qtp515273883-22) [c: s: r: x: t:localhost-40] o.a.s.s.HttpSolrCall [admin] webapp=null path=/admin/collections params={action=LIST&wt=json&_=1708175407438} status=0 QTime=0
2024-02-17 13:10:07.536 INFO  (qtp515273883-20) [c: s: r: x: t:localhost-41] o.a.s.s.HttpSolrCall [admin] webapp=null path=/admin/collections params={action=LISTALIASES&wt=json&_=1708175407438} status=0 QTime=2
2024-02-17 13:10:22.620 INFO  (qtp515273883-22) [c: s: r: x: t:localhost-42] o.a.s.s.HttpSolrCall [admin] webapp=null path=/admin/cores params={indexInfo=false&wt=json&_=1708175407438} status=0 QTime=0
2024-02-17 13:10:22.622 INFO  (qtp515273883-21) [c:techproducts s:shard2 r:core_node5 x:techproducts_shard2_replica_n2 t:localhost-44] o.a.s.c.S.Request webapp=/solr path=/config/params params={wt=json&_=1708175407465} status=0 QTime=0
2024-02-17 13:10:22.626 INFO  (qtp515273883-113) [c: s: r: x: t:localhost-45] o.a.s.s.HttpSolrCall [admin] webapp=null path=/admin/info/system params={wt=json&_=1708175407438} status=0 QTime=3
2024-02-17 13:10:22.628 INFO  (qtp515273883-26) [c:techproducts s:shard2 r:core_node5 x:techproducts_shard2_replica_n2 t:localhost-43] o.a.s.c.S.Request webapp=/solr path=/select params={df=text&distrib=false&fl=id&fl=score&shards.purpose=16388&start=0&fsv=true&q.op=OR&rows=10&rid=localhost-43&version=2&q=foundation&omitHeader=false&NOW=1708175422623&isShard=true&wt=javabin&useParams=&_=1708175407465} hits=5 status=0 QTime=1
2024-02-17 13:10:22.639 INFO  (qtp515273883-21) [c:techproducts s:shard2 r:core_node5 x:techproducts_shard2_replica_n2 t:localhost-43] o.a.s.c.S.Request webapp=/solr path=/select params={df=text&distrib=false&shards.purpose=64&q.op=OR&rows=10&rid=localhost-43&version=2&q=foundation&omitHeader=false&NOW=1708175422623&ids=0553293354,/Users/rezafitriaman/IdeaProjects/apache-solr-playground/solr-9.4.1/example/exampledocs/post.jar,SOLR1000,UTF8TEST,/Users/rezafitriaman/IdeaProjects/apache-solr-playground/solr-9.4.1/example/exampledocs/test_utf8.sh&isShard=true&wt=javabin&useParams=&_=1708175407465} status=0 QTime=1
2024-02-17 13:10:22.645 INFO  (qtp515273883-19) [c:techproducts s:shard1 r:core_node3 x:techproducts_shard1_replica_n1 t:localhost-43] o.a.s.c.S.Request webapp=/solr path=/select params={q=foundation&indent=true&q.op=OR&useParams=&_=1708175407465} rid=localhost-43 hits=5 status=0 QTime=24
2024-02-17 13:10:22.645 INFO  (qtp515273883-20) [c: s: r: x: t:localhost-46] o.a.s.s.HttpSolrCall [admin] webapp=null path=/admin/collections params={action=LIST&wt=json&_=1708175407438} status=0 QTime=0
2024-02-17 13:10:22.650 INFO  (qtp515273883-21) [c: s: r: x: t:localhost-47] o.a.s.s.HttpSolrCall [admin] webapp=null path=/admin/collections params={action=LISTALIASES&wt=json&_=1708175407438} status=0 QTime=0
2024-02-17 13:10:28.273 INFO  (qtp515273883-20) [c: s: r: x: t:localhost-49] o.a.s.s.HttpSolrCall [admin] webapp=null path=/admin/cores params={indexInfo=false&wt=json&_=1708175407438} status=0 QTime=0
2024-02-17 13:10:28.276 INFO  (qtp515273883-81) [c:techproducts s:shard1 r:core_node3 x:techproducts_shard1_replica_n1 t:localhost-51] o.a.s.c.S.Request webapp=/solr path=/config/params params={wt=json&_=1708175407465} status=0 QTime=0
2024-02-17 13:10:28.279 INFO  (qtp515273883-25) [c: s: r: x: t:localhost-50] o.a.s.s.HttpSolrCall [admin] webapp=null path=/admin/info/system params={wt=json&_=1708175407438} status=0 QTime=3
2024-02-17 13:10:28.281 INFO  (qtp515273883-26) [c:techproducts s:shard1 r:core_node3 x:techproducts_shard1_replica_n1 t:localhost-48] o.a.s.c.S.Request webapp=/solr path=/select params={df=text&distrib=false&fl=id&fl=score&shards.purpose=16388&start=0&fsv=true&q.op=AND&rows=10&rid=localhost-48&version=2&q=foundation&omitHeader=false&NOW=1708175428273&isShard=true&wt=javabin&useParams=&_=1708175407465} hits=0 status=0 QTime=3
2024-02-17 13:10:28.299 INFO  (qtp515273883-22) [c: s: r: x: t:localhost-52] o.a.s.s.HttpSolrCall [admin] webapp=null path=/admin/collections params={action=LIST&wt=json&_=1708175407438} status=0 QTime=0
2024-02-17 13:10:28.301 INFO  (qtp515273883-26) [c: s: r: x: t:localhost-53] o.a.s.s.HttpSolrCall [admin] webapp=null path=/admin/collections params={action=LISTALIASES&wt=json&_=1708175407438} status=0 QTime=0
2024-02-17 13:10:28.303 INFO  (qtp515273883-23) [c:techproducts s:shard1 r:core_node3 x:techproducts_shard1_replica_n1 t:localhost-48] o.a.s.c.S.Request webapp=/solr path=/select params={q=foundation&indent=true&q.op=AND&useParams=&_=1708175407465} rid=localhost-48 hits=5 status=0 QTime=30
2024-02-17 13:10:54.024 INFO  (qtp515273883-23) [c:techproducts s:shard1 r:core_node3 x:techproducts_shard1_replica_n1 t:localhost-54] o.a.s.c.S.Request webapp=/solr path=/select params={df=text&distrib=false&fl=id&fl=score&shards.purpose=16452&start=0&fsv=true&rows=10&rid=localhost-54&version=2&q=foundation&omitHeader=false&NOW=1708175454021&isShard=true&wt=javabin} hits=0 status=0 QTime=0
2024-02-17 13:10:54.028 INFO  (qtp515273883-22) [c:techproducts s:shard1 r:core_node3 x:techproducts_shard1_replica_n1 t:localhost-54] o.a.s.c.S.Request webapp=/solr path=/select params={q=foundation&fl=id} rid=localhost-54 hits=5 status=0 QTime=6
2024-02-17 13:12:50.026 INFO  (qtp515273883-23) [c:techproducts s:shard2 r:core_node5 x:techproducts_shard2_replica_n2 t:localhost-9] o.a.s.c.S.Request webapp=/solr path=/select params={df=text&distrib=false&fl=id&fl=score&shards.purpose=16388&start=0&fsv=true&q.op=AND&rows=10&rid=localhost-9&version=2&q=electronics&omitHeader=false&NOW=1708175569990&isShard=true&wt=javabin&useParams=&_=1708170474729} hits=7 status=0 QTime=3
2024-02-17 13:12:50.036 INFO  (qtp515273883-19) [c:techproducts s:shard2 r:core_node5 x:techproducts_shard2_replica_n2 t:localhost-9] o.a.s.c.S.Request webapp=/solr path=/select params={df=text&distrib=false&shards.purpose=64&q.op=AND&rows=10&rid=localhost-9&version=2&q=electronics&omitHeader=false&NOW=1708175569990&ids=F8V7067-APL-KIT,6H500F0,100-435805,9885A004,0579B002,SP2514N,VA902B&isShard=true&wt=javabin&useParams=&_=1708170474729} status=0 QTime=0
2024-02-17 13:13:34.771 INFO  (qtp515273883-21) [c: s: r: x: t:localhost-55] o.a.s.s.HttpSolrCall [admin] webapp=null path=/admin/cores params={indexInfo=false&wt=json&_=1708175407438} status=0 QTime=0
2024-02-17 13:13:34.774 INFO  (qtp515273883-81) [c:techproducts s:shard1 r:core_node3 x:techproducts_shard1_replica_n1 t:localhost-57] o.a.s.c.S.Request webapp=/solr path=/config/params params={wt=json&_=1708175407465} status=0 QTime=0
2024-02-17 13:13:34.782 INFO  (qtp515273883-113) [c: s: r: x: t:localhost-56] o.a.s.s.HttpSolrCall [admin] webapp=null path=/admin/info/system params={wt=json&_=1708175407438} status=0 QTime=10
2024-02-17 13:13:34.797 INFO  (qtp515273883-19) [c: s: r: x: t:localhost-59] o.a.s.s.HttpSolrCall [admin] webapp=null path=/admin/collections params={action=LIST&wt=json&_=1708175407438} status=0 QTime=0
2024-02-17 13:13:34.800 INFO  (qtp515273883-26) [c:techproducts s:shard1 r:core_node3 x:techproducts_shard1_replica_n1 t:localhost-58] o.a.s.c.S.Request webapp=/solr path=/select params={q=cat:electronics&indent=true&q.op=AND&useParams=&_=1708175407465} rid=localhost-58 hits=12 status=0 QTime=27
2024-02-17 13:13:34.804 INFO  (qtp515273883-113) [c: s: r: x: t:localhost-60] o.a.s.s.HttpSolrCall [admin] webapp=null path=/admin/collections params={action=LISTALIASES&wt=json&_=1708175407438} status=0 QTime=0
2024-02-17 13:14:05.942 INFO  (qtp515273883-27) [c: s: r: x: t:localhost-61] o.a.s.s.HttpSolrCall [admin] webapp=null path=/admin/cores params={indexInfo=false&wt=json&_=1708175407438} status=0 QTime=0
2024-02-17 13:14:05.942 INFO  (qtp515273883-113) [c:techproducts s:shard2 r:core_node5 x:techproducts_shard2_replica_n2 t:localhost-63] o.a.s.c.S.Request webapp=/solr path=/config/params params={wt=json&_=1708175407465} status=0 QTime=0
2024-02-17 13:14:05.945 INFO  (qtp515273883-23) [c: s: r: x: t:localhost-62] o.a.s.s.HttpSolrCall [admin] webapp=null path=/admin/info/system params={wt=json&_=1708175407438} status=0 QTime=3
2024-02-17 13:14:05.953 INFO  (qtp515273883-23) [c:techproducts s:shard2 r:core_node5 x:techproducts_shard2_replica_n2 t:localhost-64] o.a.s.c.S.Request webapp=/solr path=/select params={df=text&distrib=false&fl=id&fl=score&shards.purpose=16388&start=0&fsv=true&q.op=AND&rows=10&rid=localhost-64&version=2&q=CAS+latency&omitHeader=false&NOW=1708175645942&isShard=true&wt=javabin&useParams=&_=1708175407465} hits=0 status=0 QTime=2
2024-02-17 13:14:05.964 INFO  (qtp515273883-81) [c: s: r: x: t:localhost-65] o.a.s.s.HttpSolrCall [admin] webapp=null path=/admin/collections params={action=LIST&wt=json&_=1708175407438} status=0 QTime=0
2024-02-17 13:14:05.964 INFO  (qtp515273883-113) [c:techproducts s:shard1 r:core_node3 x:techproducts_shard1_replica_n1 t:localhost-64] o.a.s.c.S.Request webapp=/solr path=/select params={df=text&distrib=false&fl=id&fl=score&shards.purpose=16388&start=0&fsv=true&q.op=AND&rows=10&rid=localhost-64&version=2&q=CAS+latency&omitHeader=false&NOW=1708175645942&isShard=true&wt=javabin&useParams=&_=1708175407465} hits=2 status=0 QTime=14
2024-02-17 13:14:05.968 INFO  (qtp515273883-119) [c:techproducts s:shard1 r:core_node3 x:techproducts_shard1_replica_n1 t:localhost-64] o.a.s.c.S.Request webapp=/solr path=/select params={df=text&distrib=false&shards.purpose=64&q.op=AND&rows=10&rid=localhost-64&version=2&q=CAS+latency&omitHeader=false&NOW=1708175645942&ids=TWINX2048-3200PRO,VDBDB1A16&isShard=true&wt=javabin&useParams=&_=1708175407465} status=0 QTime=1
2024-02-17 13:14:05.970 INFO  (qtp515273883-19) [c:techproducts s:shard2 r:core_node5 x:techproducts_shard2_replica_n2 t:localhost-64] o.a.s.c.S.Request webapp=/solr path=/select params={q=CAS+latency&indent=true&q.op=AND&useParams=&_=1708175407465} rid=localhost-64 hits=2 status=0 QTime=28
2024-02-17 13:14:05.971 INFO  (qtp515273883-23) [c: s: r: x: t:localhost-66] o.a.s.s.HttpSolrCall [admin] webapp=null path=/admin/collections params={action=LISTALIASES&wt=json&_=1708175407438} status=0 QTime=0
2024-02-17 13:14:55.374 INFO  (qtp515273883-25) [c: s: r: x: t:localhost-68] o.a.s.s.HttpSolrCall [admin] webapp=null path=/admin/cores params={indexInfo=false&wt=json&_=1708175407438} status=0 QTime=0
2024-02-17 13:14:55.376 INFO  (qtp515273883-20) [c:techproducts s:shard2 r:core_node5 x:techproducts_shard2_replica_n2 t:localhost-70] o.a.s.c.S.Request webapp=/solr path=/config/params params={wt=json&_=1708175407465} status=0 QTime=2
2024-02-17 13:14:55.383 INFO  (qtp515273883-113) [c:techproducts s:shard2 r:core_node5 x:techproducts_shard2_replica_n2 t:localhost-69] o.a.s.c.S.Request webapp=/solr path=/select params={df=text&distrib=false&fl=id&fl=score&shards.purpose=16388&start=0&fsv=true&q.op=AND&rows=10&rid=localhost-69&version=2&q=%2Belectronics+%2Bmusic&omitHeader=false&NOW=1708175695374&isShard=true&wt=javabin&useParams=&_=1708175407465} hits=0 status=0 QTime=3
2024-02-17 13:14:55.383 INFO  (qtp515273883-25) [c:techproducts s:shard1 r:core_node3 x:techproducts_shard1_replica_n1 t:localhost-69] o.a.s.c.S.Request webapp=/solr path=/select params={df=text&distrib=false&fl=id&fl=score&shards.purpose=16388&start=0&fsv=true&q.op=AND&rows=10&rid=localhost-69&version=2&q=%2Belectronics+%2Bmusic&omitHeader=false&NOW=1708175695374&isShard=true&wt=javabin&useParams=&_=1708175407465} hits=1 status=0 QTime=1
2024-02-17 13:14:55.386 INFO  (qtp515273883-23) [c: s: r: x: t:localhost-67] o.a.s.s.HttpSolrCall [admin] webapp=null path=/admin/info/system params={wt=json&_=1708175407438} status=0 QTime=11
2024-02-17 13:14:55.390 INFO  (qtp515273883-20) [c:techproducts s:shard1 r:core_node3 x:techproducts_shard1_replica_n1 t:localhost-69] o.a.s.c.S.Request webapp=/solr path=/select params={df=text&distrib=false&shards.purpose=64&q.op=AND&rows=10&rid=localhost-69&version=2&q=%2Belectronics+%2Bmusic&omitHeader=false&NOW=1708175695374&ids=MA147LL/A&isShard=true&wt=javabin&useParams=&_=1708175407465} status=0 QTime=0
2024-02-17 13:14:55.392 INFO  (qtp515273883-26) [c:techproducts s:shard1 r:core_node3 x:techproducts_shard1_replica_n1 t:localhost-69] o.a.s.c.S.Request webapp=/solr path=/select params={q=%2Belectronics+%2Bmusic&indent=true&q.op=AND&useParams=&_=1708175407465} rid=localhost-69 hits=1 status=0 QTime=17
2024-02-17 13:14:55.393 INFO  (qtp515273883-21) [c: s: r: x: t:localhost-71] o.a.s.s.HttpSolrCall [admin] webapp=null path=/admin/collections params={action=LIST&wt=json&_=1708175407438} status=0 QTime=0
2024-02-17 13:14:55.398 INFO  (qtp515273883-20) [c: s: r: x: t:localhost-72] o.a.s.s.HttpSolrCall [admin] webapp=null path=/admin/collections params={action=LISTALIASES&wt=json&_=1708175407438} status=0 QTime=1
2024-02-17 13:15:03.148 INFO  (qtp515273883-119) [c:techproducts s:shard1 r:core_node3 x:techproducts_shard1_replica_n1 t:localhost-75] o.a.s.c.S.Request webapp=/solr path=/config/params params={wt=json&_=1708175407465} status=0 QTime=0
2024-02-17 13:15:03.148 INFO  (qtp515273883-21) [c: s: r: x: t:localhost-73] o.a.s.s.HttpSolrCall [admin] webapp=null path=/admin/cores params={indexInfo=false&wt=json&_=1708175407438} status=0 QTime=0
2024-02-17 13:15:03.152 INFO  (qtp515273883-23) [c:techproducts s:shard2 r:core_node5 x:techproducts_shard2_replica_n2 t:localhost-74] o.a.s.c.S.Request webapp=/solr path=/select params={df=text&distrib=false&fl=id&fl=score&shards.purpose=16388&start=0&fsv=true&q.op=AND&rows=10&rid=localhost-74&version=2&q=%2Belectronics&omitHeader=false&NOW=1708175703148&isShard=true&wt=javabin&useParams=&_=1708175407465} hits=7 status=0 QTime=1
2024-02-17 13:15:03.152 INFO  (qtp515273883-81) [c: s: r: x: t:localhost-76] o.a.s.s.HttpSolrCall [admin] webapp=null path=/admin/info/system params={wt=json&_=1708175407438} status=0 QTime=3
2024-02-17 13:15:03.175 INFO  (qtp515273883-20) [c: s: r: x: t:localhost-77] o.a.s.s.HttpSolrCall [admin] webapp=null path=/admin/collections params={action=LIST&wt=json&_=1708175407438} status=0 QTime=0
2024-02-17 13:15:03.178 INFO  (qtp515273883-21) [c:techproducts s:shard2 r:core_node5 x:techproducts_shard2_replica_n2 t:localhost-74] o.a.s.c.S.Request webapp=/solr path=/select params={df=text&distrib=false&shards.purpose=64&q.op=AND&rows=10&rid=localhost-74&version=2&q=%2Belectronics&omitHeader=false&NOW=1708175703148&ids=F8V7067-APL-KIT,6H500F0,100-435805,9885A004,0579B002,SP2514N,VA902B&isShard=true&wt=javabin&useParams=&_=1708175407465} status=0 QTime=1
2024-02-17 13:15:03.179 INFO  (qtp515273883-20) [c: s: r: x: t:localhost-78] o.a.s.s.HttpSolrCall [admin] webapp=null path=/admin/collections params={action=LISTALIASES&wt=json&_=1708175407438} status=0 QTime=0
2024-02-17 13:15:03.182 INFO  (qtp515273883-27) [c:techproducts s:shard1 r:core_node3 x:techproducts_shard1_replica_n1 t:localhost-74] o.a.s.c.S.Request webapp=/solr path=/select params={q=%2Belectronics&indent=true&q.op=AND&useParams=&_=1708175407465} rid=localhost-74 hits=14 status=0 QTime=33
2024-02-17 13:15:11.223 INFO  (qtp515273883-119) [c: s: r: x: t:localhost-79] o.a.s.s.HttpSolrCall [admin] webapp=null path=/admin/cores params={indexInfo=false&wt=json&_=1708175407438} status=0 QTime=0
2024-02-17 13:15:11.226 INFO  (qtp515273883-26) [c: s: r: x: t:localhost-82] o.a.s.s.HttpSolrCall [admin] webapp=null path=/admin/info/system params={wt=json&_=1708175407438} status=0 QTime=3
2024-02-17 13:15:11.229 INFO  (qtp515273883-113) [c:techproducts s:shard1 r:core_node3 x:techproducts_shard1_replica_n1 t:localhost-81] o.a.s.c.S.Request webapp=/solr path=/config/params params={wt=json&_=1708175407465} status=0 QTime=6
2024-02-17 13:15:11.233 INFO  (qtp515273883-81) [c:techproducts s:shard2 r:core_node5 x:techproducts_shard2_replica_n2 t:localhost-80] o.a.s.c.S.Request webapp=/solr path=/select params={df=text&distrib=false&fl=id&fl=score&shards.purpose=16388&start=0&fsv=true&q.op=AND&rows=10&rid=localhost-80&version=2&q=%2Bmusic&omitHeader=false&NOW=1708175711222&isShard=true&wt=javabin&useParams=&_=1708175407465} hits=0 status=0 QTime=1
2024-02-17 13:15:11.242 INFO  (qtp515273883-27) [c: s: r: x: t:localhost-83] o.a.s.s.HttpSolrCall [admin] webapp=null path=/admin/collections params={action=LIST&wt=json&_=1708175407438} status=0 QTime=1
2024-02-17 13:15:11.254 INFO  (qtp515273883-25) [c:techproducts s:shard2 r:core_node5 x:techproducts_shard2_replica_n2 t:localhost-80] o.a.s.c.S.Request webapp=/solr path=/select params={q=%2Bmusic&indent=true&q.op=AND&useParams=&_=1708175407465} rid=localhost-80 hits=1 status=0 QTime=31
2024-02-17 13:15:11.261 INFO  (qtp515273883-81) [c: s: r: x: t:localhost-84] o.a.s.s.HttpSolrCall [admin] webapp=null path=/admin/collections params={action=LISTALIASES&wt=json&_=1708175407438} status=0 QTime=0
2024-02-17 13:15:23.610 INFO  (qtp515273883-21) [c:techproducts s:shard2 r:core_node5 x:techproducts_shard2_replica_n2 t:localhost-86] o.a.s.c.S.Request webapp=/solr path=/config/params params={wt=json&_=1708175407465} status=0 QTime=0
2024-02-17 13:15:23.610 INFO  (qtp515273883-25) [c: s: r: x: t:localhost-87] o.a.s.s.HttpSolrCall [admin] webapp=null path=/admin/cores params={indexInfo=false&wt=json&_=1708175407438} status=0 QTime=0
2024-02-17 13:15:23.613 INFO  (qtp515273883-26) [c: s: r: x: t:localhost-85] o.a.s.s.HttpSolrCall [admin] webapp=null path=/admin/info/system params={wt=json&_=1708175407438} status=0 QTime=3
2024-02-17 13:15:23.624 INFO  (qtp515273883-81) [c: s: r: x: t:localhost-89] o.a.s.s.HttpSolrCall [admin] webapp=null path=/admin/collections params={action=LIST&wt=json&_=1708175407438} status=0 QTime=0
2024-02-17 13:15:23.638 INFO  (qtp515273883-26) [c: s: r: x: t:localhost-90] o.a.s.s.HttpSolrCall [admin] webapp=null path=/admin/collections params={action=LISTALIASES&wt=json&_=1708175407438} status=0 QTime=1
2024-02-17 13:15:23.643 INFO  (qtp515273883-23) [c:techproducts s:shard2 r:core_node5 x:techproducts_shard2_replica_n2 t:localhost-88] o.a.s.c.S.Request webapp=/solr path=/select params={q=%2Bmusic+electronics&indent=true&q.op=AND&useParams=&_=1708175407465} rid=localhost-88 hits=1 status=0 QTime=31
2024-02-17 13:15:29.870 INFO  (qtp515273883-81) [c: s: r: x: t:localhost-91] o.a.s.s.HttpSolrCall [admin] webapp=null path=/admin/cores params={indexInfo=false&wt=json&_=1708175407438} status=0 QTime=0
2024-02-17 13:15:29.870 INFO  (qtp515273883-21) [c:techproducts s:shard1 r:core_node3 x:techproducts_shard1_replica_n1 t:localhost-94] o.a.s.c.S.Request webapp=/solr path=/config/params params={wt=json&_=1708175407465} status=0 QTime=0
2024-02-17 13:15:29.873 INFO  (qtp515273883-27) [c: s: r: x: t:localhost-92] o.a.s.s.HttpSolrCall [admin] webapp=null path=/admin/info/system params={wt=json&_=1708175407438} status=0 QTime=3
2024-02-17 13:15:29.883 INFO  (qtp515273883-25) [c:techproducts s:shard1 r:core_node3 x:techproducts_shard1_replica_n1 t:localhost-93] o.a.s.c.S.Request webapp=/solr path=/select params={q=%2Bmusic+%2Belectronics&indent=true&q.op=AND&useParams=&_=1708175407465} rid=localhost-93 hits=1 status=0 QTime=13
2024-02-17 13:15:29.891 INFO  (qtp515273883-26) [c: s: r: x: t:localhost-95] o.a.s.s.HttpSolrCall [admin] webapp=null path=/admin/collections params={action=LIST&wt=json&_=1708175407438} status=0 QTime=0
2024-02-17 13:15:29.901 INFO  (qtp515273883-25) [c: s: r: x: t:localhost-96] o.a.s.s.HttpSolrCall [admin] webapp=null path=/admin/collections params={action=LISTALIASES&wt=json&_=1708175407438} status=0 QTime=0
2024-02-17 13:16:11.319 INFO  (qtp515273883-25) [c:techproducts s:shard2 r:core_node5 x:techproducts_shard2_replica_n2 t:localhost-15] o.a.s.c.S.Request webapp=/solr path=/select params={df=text&distrib=false&fl=id&fl=score&shards.purpose=16388&start=0&fsv=true&q.op=AND&rows=10&rid=localhost-15&version=2&q=%2Belectronics+-music&omitHeader=false&NOW=1708175771290&isShard=true&wt=javabin&useParams=&_=1708170474729} hits=7 status=0 QTime=2
2024-02-17 13:16:11.322 INFO  (qtp515273883-19) [c:techproducts s:shard2 r:core_node5 x:techproducts_shard2_replica_n2 t:localhost-15] o.a.s.c.S.Request webapp=/solr path=/select params={df=text&distrib=false&shards.purpose=64&q.op=AND&rows=10&rid=localhost-15&version=2&q=%2Belectronics+-music&omitHeader=false&NOW=1708175771290&ids=F8V7067-APL-KIT,6H500F0,100-435805,9885A004,0579B002,SP2514N,VA902B&isShard=true&wt=javabin&useParams=&_=1708170474729} status=0 QTime=0
2024-02-17 13:16:18.771 INFO  (qtp515273883-25) [c:techproducts s:shard2 r:core_node5 x:techproducts_shard2_replica_n2 t:localhost-20] o.a.s.c.S.Request webapp=/solr path=/select params={df=text&distrib=false&fl=id&fl=score&shards.purpose=16388&start=0&fsv=true&q.op=AND&rows=10&rid=localhost-20&version=2&q=%2Belectronics+music&omitHeader=false&NOW=1708175778762&isShard=true&wt=javabin&useParams=&_=1708170474729} hits=0 status=0 QTime=1
2024-02-17 13:16:30.834 INFO  (qtp515273883-19) [c:techproducts s:shard1 r:core_node3 x:techproducts_shard1_replica_n1 t:localhost-39] o.a.s.c.S.Request webapp=/solr path=/select params={df=text&distrib=false&fl=id&fl=score&shards.purpose=16388&start=0&fsv=true&q.op=AND&rows=10&rid=localhost-39&version=2&q=%2Belectronics+%2Bmusic&omitHeader=false&NOW=1708175790826&isShard=true&wt=javabin&useParams=&_=1708170474729} hits=1 status=0 QTime=1
2024-02-17 13:16:30.842 INFO  (qtp515273883-119) [c:techproducts s:shard1 r:core_node3 x:techproducts_shard1_replica_n1 t:localhost-39] o.a.s.c.S.Request webapp=/solr path=/select params={df=text&distrib=false&shards.purpose=64&q.op=AND&rows=10&rid=localhost-39&version=2&q=%2Belectronics+%2Bmusic&omitHeader=false&NOW=1708175790826&ids=MA147LL/A&isShard=true&wt=javabin&useParams=&_=1708170474729} status=0 QTime=1
2024-02-17 13:16:43.158 INFO  (qtp515273883-19) [c:techproducts s:shard2 r:core_node5 x:techproducts_shard2_replica_n2 t:localhost-44] o.a.s.c.S.Request webapp=/solr path=/select params={df=text&distrib=false&fl=id&fl=score&shards.purpose=16388&start=0&fsv=true&q.op=AND&rows=10&rid=localhost-44&version=2&q=%2Belectronics&omitHeader=false&NOW=1708175803152&isShard=true&wt=javabin&useParams=&_=1708170474729} hits=7 status=0 QTime=1
2024-02-17 13:16:43.161 INFO  (qtp515273883-26) [c:techproducts s:shard1 r:core_node3 x:techproducts_shard1_replica_n1 t:localhost-44] o.a.s.c.S.Request webapp=/solr path=/select params={df=text&distrib=false&fl=id&fl=score&shards.purpose=16388&start=0&fsv=true&q.op=AND&rows=10&rid=localhost-44&version=2&q=%2Belectronics&omitHeader=false&NOW=1708175803152&isShard=true&wt=javabin&useParams=&_=1708170474729} hits=7 status=0 QTime=1
2024-02-17 13:16:43.171 INFO  (qtp515273883-119) [c:techproducts s:shard1 r:core_node3 x:techproducts_shard1_replica_n1 t:localhost-44] o.a.s.c.S.Request webapp=/solr path=/select params={df=text&distrib=false&shards.purpose=64&q.op=AND&rows=10&rid=localhost-44&version=2&q=%2Belectronics&omitHeader=false&NOW=1708175803152&ids=VS1GB400C3,3007WFP,IW-02&isShard=true&wt=javabin&useParams=&_=1708170474729} status=0 QTime=1
2024-02-17 13:16:43.172 INFO  (qtp515273883-26) [c:techproducts s:shard2 r:core_node5 x:techproducts_shard2_replica_n2 t:localhost-44] o.a.s.c.S.Request webapp=/solr path=/select params={df=text&distrib=false&shards.purpose=64&q.op=AND&rows=10&rid=localhost-44&version=2&q=%2Belectronics&omitHeader=false&NOW=1708175803152&ids=F8V7067-APL-KIT,6H500F0,100-435805,9885A004,0579B002,SP2514N,VA902B&isShard=true&wt=javabin&useParams=&_=1708170474729} status=0 QTime=1
2024-02-19 22:33:29.661 INFO  (qtp515273883-20) [c: s: r: x: t:localhost-97] o.a.s.s.HttpSolrCall [admin] webapp=null path=/admin/info/system params={wt=javabin&version=2} status=0 QTime=30
2024-02-19 22:33:29.695 INFO  (qtp515273883-22) [c: s: r: x: t:localhost-98] o.a.s.s.HttpSolrCall [admin] webapp=null path=/admin/collections params={action=CLUSTERSTATUS&wt=javabin&version=2} status=0 QTime=14
