2024-02-17 11:38:51.300 INFO  (main) [c: s: r: x: t:] o.e.j.s.Server jetty-10.0.19; built: 2023-12-15T20:38:32.477Z; git: 8492d1c78f122bb30cce20aecfa07e7283facd47; jvm 17.0.7+7
2024-02-17 11:38:51.449 WARN  (main) [c: s: r: x: t:] o.e.j.u.DeprecationWarning Using @Deprecated Class org.eclipse.jetty.servlet.listener.ELContextCleaner
2024-02-17 11:38:51.463 INFO  (main) [c: s: r: x: t:] o.a.s.s.CoreContainerProvider Using logger factory org.apache.logging.slf4j.Log4jLoggerFactory
2024-02-17 11:38:51.466 INFO  (main) [c: s: r: x: t:] o.a.s.s.CoreContainerProvider  ___      _       Welcome to Apache Solr™ version 9.5.0
2024-02-17 11:38:51.466 INFO  (main) [c: s: r: x: t:] o.a.s.s.CoreContainerProvider / __| ___| |_ _   Starting in cloud mode on port 7574
2024-02-17 11:38:51.466 INFO  (main) [c: s: r: x: t:] o.a.s.s.CoreContainerProvider \__ \/ _ \ | '_|  Install dir: /Users/rezafitriaman/IdeaProjects/apache-solr-playground/solr-9.5.0
2024-02-17 11:38:51.466 INFO  (main) [c: s: r: x: t:] o.a.s.s.CoreContainerProvider |___/\___/_|_|    Start time: 2024-02-17T11:38:51.466883Z
2024-02-17 11:38:51.468 INFO  (main) [c: s: r: x: t:] o.a.s.s.CoreContainerProvider Solr started with "-XX:+CrashOnOutOfMemoryError" that will crash on any OutOfMemoryError exception. The cause of the OOME will be logged in the crash file at the following path: /Users/rezafitriaman/IdeaProjects/apache-solr-playground/solr-9.5.0/example/cloud/node2/solr/../logs/jvm_crash_57125.log
2024-02-17 11:38:51.477 INFO  (main) [c: s: r: x: t:] o.a.s.s.CoreContainerProvider Solr Home: /Users/rezafitriaman/IdeaProjects/apache-solr-playground/solr-9.5.0/example/cloud/node2/solr (source: system property: solr.solr.home)
2024-02-17 11:38:51.487 WARN  (main) [c: s: r: x: t:] o.a.s.c.c.SolrZkClient Using default ZkCredentialsInjector. ZkCredentialsInjector is not secure, it creates an empty list of credentials which leads to 'OPEN_ACL_UNSAFE' ACLs to Zookeeper nodes
2024-02-17 11:38:51.502 INFO  (main) [c: s: r: x: t:] o.a.s.c.c.ConnectionManager Waiting up to 30000ms for client to connect to ZooKeeper
2024-02-17 11:38:51.517 INFO  (zkConnectionManagerCallback-2-thread-1) [c: s: r: x: t:] o.a.s.c.c.ConnectionManager zkClient has connected
2024-02-17 11:38:51.517 INFO  (main) [c: s: r: x: t:] o.a.s.c.c.ConnectionManager Client is connected to ZooKeeper
2024-02-17 11:38:51.517 WARN  (main) [c: s: r: x: t:] o.a.s.c.c.SolrZkClient Using default ZkACLProvider. DefaultZkACLProvider is not secure, it creates 'OPEN_ACL_UNSAFE' ACLs to Zookeeper nodes
2024-02-17 11:38:51.628 INFO  (main) [c: s: r: x: t:] o.a.s.c.NodeConfig Loading solr.xml from SolrHome (not found in ZooKeeper)
2024-02-17 11:38:51.628 INFO  (main) [c: s: r: x: t:] o.a.s.c.SolrXmlConfig Loading solr.xml from /Users/rezafitriaman/IdeaProjects/apache-solr-playground/solr-9.5.0/example/cloud/node2/solr/solr.xml
2024-02-17 11:38:51.642 INFO  (main) [c: s: r: x: t:] o.a.s.c.SolrResourceLoader Added 1 libs to classloader, from paths: [/Users/rezafitriaman/IdeaProjects/apache-solr-playground/solr-9.5.0/lib]
2024-02-17 11:38:51.967 INFO  (main) [c: s: r: x: t:] o.a.s.u.t.SimplePropagator Always-on trace id generation enabled.
2024-02-17 11:38:52.076 WARN  (main) [c: s: r: x: t:] o.a.s.u.StartupLoggingUtils Jetty request logging enabled. Will retain logs for last 3 days. See chapter "Configuring Logging" in reference guide for how to configure.
2024-02-17 11:38:52.076 INFO  (main) [c: s: r: x: t:] o.a.s.c.ZkContainer Zookeeper client=127.0.0.1:9983
2024-02-17 11:38:52.081 INFO  (main) [c: s: r: x: t:] o.a.s.c.DistributedClusterStateUpdater Creating DistributedClusterStateUpdater with useDistributedStateUpdate=false. Solr will be using Overseer based cluster state updates.
2024-02-17 11:38:52.083 INFO  (main) [c: s: r: x: t:] o.a.s.c.c.ConnectionManager Waiting up to 15000ms for client to connect to ZooKeeper
2024-02-17 11:38:52.087 INFO  (zkConnectionManagerCallback-12-thread-1) [c: s: r: x: t:] o.a.s.c.c.ConnectionManager zkClient has connected
2024-02-17 11:38:52.087 INFO  (main) [c: s: r: x: t:] o.a.s.c.c.ConnectionManager Client is connected to ZooKeeper
2024-02-17 11:38:52.101 WARN  (main) [c: s: r: x: t:] o.a.s.c.ZkController Contents of zookeeper /security.json are world-readable; consider setting up ACLs as described in https://solr.apache.org/guide/solr/latest/deployment-guide/zookeeper-access-control.html
2024-02-17 11:38:52.104 INFO  (main) [c: s: r: x: t:] o.a.s.c.c.ZkStateReader Updated live nodes from ZooKeeper... (0) -> (1)
2024-02-17 11:38:52.111 INFO  (main) [c: s: r: x: t:] o.a.s.c.DistributedClusterStateUpdater Creating DistributedClusterStateUpdater with useDistributedStateUpdate=false. Solr will be using Overseer based cluster state updates.
2024-02-17 11:38:52.117 INFO  (main) [c: s: r: x: t:] o.a.s.c.ZkController Publish node=localhost:7574_solr as DOWN
2024-02-17 11:38:52.122 INFO  (main) [c: s: r: x: t:] o.a.s.c.ZkController Register node as live in ZooKeeper:/live_nodes/localhost:7574_solr
2024-02-17 11:38:52.128 INFO  (zkCallback-11-thread-1) [c: s: r: x: t:] o.a.s.c.c.ZkStateReader Updated live nodes from ZooKeeper... (1) -> (2)
2024-02-17 11:38:52.142 WARN  (main) [c: s: r: x: t:] o.a.s.c.CoreContainer Not all security plugins configured!  authentication=disabled authorization=disabled.  Solr is only as secure as you make it. Consider configuring authentication/authorization before exposing Solr to users internal or external.  See https://s.apache.org/solrsecurity for more info
2024-02-17 11:38:52.241 INFO  (main) [c: s: r: x: t:] o.a.s.c.CorePropertiesLocator Found 0 core definitions underneath /Users/rezafitriaman/IdeaProjects/apache-solr-playground/solr-9.5.0/example/cloud/node2/solr
2024-02-17 11:38:52.310 WARN  (main) [c: s: r: x: t:] o.g.j.m.i.MessagingBinders A class jakarta.activation.DataSource for a default provider MessageBodyWriter<jakarta.activation.DataSource> was not found. The provider is not available.
2024-02-17 11:38:52.411 INFO  (main) [c: s: r: x: t:] o.a.s.j.SolrRequestAuthorizer Creating a new SolrRequestAuthorizer
2024-02-17 11:38:52.459 INFO  (main) [c: s: r: x: t:] o.e.j.s.h.ContextHandler Started o.e.j.w.WebAppContext@577f9109{solr-jetty-context.xml,/solr,file:///Users/rezafitriaman/IdeaProjects/apache-solr-playground/solr-9.5.0/server/solr-webapp/webapp/,AVAILABLE}{/Users/rezafitriaman/IdeaProjects/apache-solr-playground/solr-9.5.0/server/solr-webapp/webapp}
2024-02-17 11:38:52.462 INFO  (main) [c: s: r: x: t:] o.e.j.s.RequestLogWriter Opened /Users/rezafitriaman/IdeaProjects/apache-solr-playground/solr-9.5.0/example/cloud/node2/logs/2024_02_17.request.log
2024-02-17 11:38:52.464 INFO  (main) [c: s: r: x: t:] o.e.j.s.AbstractConnector Started ServerConnector@436390f4{HTTP/1.1, (http/1.1, h2c)}{127.0.0.1:7574}
2024-02-17 11:38:52.468 INFO  (main) [c: s: r: x: t:] o.e.j.s.Server Started Server@2bffa76d{STARTING}[10.0.19,sto=0] @1781ms
2024-02-17 11:38:53.370 INFO  (qtp515273883-27-localhost-1) [c: s: r: x: t:localhost-1] o.a.s.s.HttpSolrCall [admin] webapp=null path=/admin/info/system params={wt=javabin&version=2} status=0 QTime=15
2024-02-17 11:38:53.383 INFO  (qtp515273883-19-localhost-2) [c: s: r: x: t:localhost-2] o.a.s.s.HttpSolrCall [admin] webapp=null path=/admin/collections params={action=CLUSTERSTATUS&wt=javabin&version=2} status=0 QTime=5
2024-02-17 11:39:24.729 INFO  (qtp515273883-20-localhost-7) [c: s: r: x:techproducts_shard1_replica_n4 t:localhost-7] o.a.s.h.a.CoreAdminOperation core create command qt=/admin/cores&collection.configName=techproducts&newCollection=true&collection=techproducts&version=2&replicaType=NRT&coreNodeName=core_node7&name=techproducts_shard1_replica_n4&action=CREATE&numShards=2&shard=shard1&wt=javabin
2024-02-17 11:39:24.729 INFO  (qtp515273883-27-localhost-7) [c: s: r: x:techproducts_shard2_replica_n1 t:localhost-7] o.a.s.h.a.CoreAdminOperation core create command qt=/admin/cores&collection.configName=techproducts&newCollection=true&collection=techproducts&version=2&replicaType=NRT&coreNodeName=core_node3&name=techproducts_shard2_replica_n1&action=CREATE&numShards=2&shard=shard2&wt=javabin
2024-02-17 11:39:24.777 INFO  (qtp515273883-20-localhost-7) [c:techproducts s:shard1 r:core_node7 x:techproducts_shard1_replica_n4 t:localhost-7] o.a.s.c.SolrConfig Using Lucene MatchVersion: 9.9.0
2024-02-17 11:39:24.777 INFO  (qtp515273883-27-localhost-7) [c:techproducts s:shard2 r:core_node3 x:techproducts_shard2_replica_n1 t:localhost-7] o.a.s.c.SolrConfig Using Lucene MatchVersion: 9.9.0
2024-02-17 11:39:24.826 INFO  (qtp515273883-27-localhost-7) [c:techproducts s:shard2 r:core_node3 x:techproducts_shard2_replica_n1 t:localhost-7] o.a.s.s.IndexSchema Schema name=default-config
2024-02-17 11:39:24.826 INFO  (qtp515273883-20-localhost-7) [c:techproducts s:shard1 r:core_node7 x:techproducts_shard1_replica_n4 t:localhost-7] o.a.s.s.IndexSchema Schema name=default-config
2024-02-17 11:39:24.951 INFO  (qtp515273883-20-localhost-7) [c:techproducts s:shard1 r:core_node7 x:techproducts_shard1_replica_n4 t:localhost-7] o.a.s.s.IndexSchema Loaded schema default-config/1.6 with uniqueid field id
2024-02-17 11:39:24.951 INFO  (qtp515273883-27-localhost-7) [c:techproducts s:shard2 r:core_node3 x:techproducts_shard2_replica_n1 t:localhost-7] o.a.s.s.IndexSchema Loaded schema default-config/1.6 with uniqueid field id
2024-02-17 11:39:24.951 INFO  (qtp515273883-27-localhost-7) [c:techproducts s:shard2 r:core_node3 x:techproducts_shard2_replica_n1 t:localhost-7] o.a.s.c.CoreContainer Creating SolrCore 'techproducts_shard2_replica_n1' using configuration from configset techproducts, trusted=true
2024-02-17 11:39:24.951 INFO  (qtp515273883-20-localhost-7) [c:techproducts s:shard1 r:core_node7 x:techproducts_shard1_replica_n4 t:localhost-7] o.a.s.c.CoreContainer Creating SolrCore 'techproducts_shard1_replica_n4' using configuration from configset techproducts, trusted=true
2024-02-17 11:39:24.962 INFO  (qtp515273883-20-localhost-7) [c:techproducts s:shard1 r:core_node7 x:techproducts_shard1_replica_n4 t:localhost-7] o.a.s.c.SolrCore Opening new SolrCore at [/Users/rezafitriaman/IdeaProjects/apache-solr-playground/solr-9.5.0/example/cloud/node2/solr/techproducts_shard1_replica_n4], dataDir=[/Users/rezafitriaman/IdeaProjects/apache-solr-playground/solr-9.5.0/example/cloud/node2/solr/techproducts_shard1_replica_n4/data/]
2024-02-17 11:39:24.962 INFO  (qtp515273883-27-localhost-7) [c:techproducts s:shard2 r:core_node3 x:techproducts_shard2_replica_n1 t:localhost-7] o.a.s.c.SolrCore Opening new SolrCore at [/Users/rezafitriaman/IdeaProjects/apache-solr-playground/solr-9.5.0/example/cloud/node2/solr/techproducts_shard2_replica_n1], dataDir=[/Users/rezafitriaman/IdeaProjects/apache-solr-playground/solr-9.5.0/example/cloud/node2/solr/techproducts_shard2_replica_n1/data/]
2024-02-17 11:39:25.298 INFO  (qtp515273883-27-localhost-7) [c:techproducts s:shard2 r:core_node3 x:techproducts_shard2_replica_n1 t:localhost-7] o.a.s.j.SolrRequestAuthorizer Creating a new SolrRequestAuthorizer
2024-02-17 11:39:25.306 INFO  (qtp515273883-20-localhost-7) [c:techproducts s:shard1 r:core_node7 x:techproducts_shard1_replica_n4 t:localhost-7] o.a.s.u.UpdateHandler Using UpdateLog implementation: org.apache.solr.update.UpdateLog
2024-02-17 11:39:25.306 INFO  (qtp515273883-27-localhost-7) [c:techproducts s:shard2 r:core_node3 x:techproducts_shard2_replica_n1 t:localhost-7] o.a.s.u.UpdateHandler Using UpdateLog implementation: org.apache.solr.update.UpdateLog
2024-02-17 11:39:25.306 INFO  (qtp515273883-27-localhost-7) [c:techproducts s:shard2 r:core_node3 x:techproducts_shard2_replica_n1 t:localhost-7] o.a.s.u.UpdateLog Initializing UpdateLog: dataDir= defaultSyncLevel=FLUSH numRecordsToKeep=100 maxNumLogsToKeep=10 numVersionBuckets=65536
2024-02-17 11:39:25.306 INFO  (qtp515273883-20-localhost-7) [c:techproducts s:shard1 r:core_node7 x:techproducts_shard1_replica_n4 t:localhost-7] o.a.s.u.UpdateLog Initializing UpdateLog: dataDir= defaultSyncLevel=FLUSH numRecordsToKeep=100 maxNumLogsToKeep=10 numVersionBuckets=65536
2024-02-17 11:39:25.309 INFO  (qtp515273883-27-localhost-7) [c:techproducts s:shard2 r:core_node3 x:techproducts_shard2_replica_n1 t:localhost-7] o.a.s.u.CommitTracker Hard AutoCommit: if uncommitted for 15000ms; 
2024-02-17 11:39:25.309 INFO  (qtp515273883-20-localhost-7) [c:techproducts s:shard1 r:core_node7 x:techproducts_shard1_replica_n4 t:localhost-7] o.a.s.u.CommitTracker Hard AutoCommit: if uncommitted for 15000ms; 
2024-02-17 11:39:25.309 INFO  (qtp515273883-20-localhost-7) [c:techproducts s:shard1 r:core_node7 x:techproducts_shard1_replica_n4 t:localhost-7] o.a.s.u.CommitTracker Soft AutoCommit: if uncommitted for 3000ms; 
2024-02-17 11:39:25.309 INFO  (qtp515273883-27-localhost-7) [c:techproducts s:shard2 r:core_node3 x:techproducts_shard2_replica_n1 t:localhost-7] o.a.s.u.CommitTracker Soft AutoCommit: if uncommitted for 3000ms; 
2024-02-17 11:39:25.331 INFO  (qtp515273883-27-localhost-7) [c:techproducts s:shard2 r:core_node3 x:techproducts_shard2_replica_n1 t:localhost-7] o.a.s.r.ManagedResourceStorage Configured ZooKeeperStorageIO with znodeBase: /configs/techproducts
2024-02-17 11:39:25.332 INFO  (qtp515273883-20-localhost-7) [c:techproducts s:shard1 r:core_node7 x:techproducts_shard1_replica_n4 t:localhost-7] o.a.s.r.ManagedResourceStorage Configured ZooKeeperStorageIO with znodeBase: /configs/techproducts
2024-02-17 11:39:25.335 INFO  (qtp515273883-27-localhost-7) [c:techproducts s:shard2 r:core_node3 x:techproducts_shard2_replica_n1 t:localhost-7] o.a.s.r.ManagedResourceStorage Loaded null at path _rest_managed.json using ZooKeeperStorageIO:path=/configs/techproducts
2024-02-17 11:39:25.335 INFO  (qtp515273883-20-localhost-7) [c:techproducts s:shard1 r:core_node7 x:techproducts_shard1_replica_n4 t:localhost-7] o.a.s.r.ManagedResourceStorage Loaded null at path _rest_managed.json using ZooKeeperStorageIO:path=/configs/techproducts
2024-02-17 11:39:25.336 INFO  (qtp515273883-20-localhost-7) [c:techproducts s:shard1 r:core_node7 x:techproducts_shard1_replica_n4 t:localhost-7] o.a.s.s.ZkIndexSchemaReader Creating ZooKeeper watch for the managed schema at /configs/techproducts/managed-schema.xml
2024-02-17 11:39:25.336 INFO  (qtp515273883-27-localhost-7) [c:techproducts s:shard2 r:core_node3 x:techproducts_shard2_replica_n1 t:localhost-7] o.a.s.s.ZkIndexSchemaReader Creating ZooKeeper watch for the managed schema at /configs/techproducts/managed-schema.xml
2024-02-17 11:39:25.336 INFO  (qtp515273883-20-localhost-7) [c:techproducts s:shard1 r:core_node7 x:techproducts_shard1_replica_n4 t:localhost-7] o.a.s.s.ZkIndexSchemaReader Current schema version 0 is already the latest
2024-02-17 11:39:25.336 INFO  (qtp515273883-27-localhost-7) [c:techproducts s:shard2 r:core_node3 x:techproducts_shard2_replica_n1 t:localhost-7] o.a.s.s.ZkIndexSchemaReader Current schema version 0 is already the latest
2024-02-17 11:39:25.341 INFO  (qtp515273883-27-localhost-7) [c:techproducts s:shard2 r:core_node3 x:techproducts_shard2_replica_n1 t:localhost-7] o.a.s.s.DirectSolrSpellChecker init: {name=default, field=_text_, classname=solr.DirectSolrSpellChecker, distanceMeasure=internal, maxEdits=2, minPrefix=1, maxInspections=5, minQueryLength=4, accuracy=0.5, maxQueryFrequency=0.01}
2024-02-17 11:39:25.341 INFO  (qtp515273883-20-localhost-7) [c:techproducts s:shard1 r:core_node7 x:techproducts_shard1_replica_n4 t:localhost-7] o.a.s.s.DirectSolrSpellChecker init: {name=default, field=_text_, classname=solr.DirectSolrSpellChecker, distanceMeasure=internal, maxEdits=2, minPrefix=1, maxInspections=5, minQueryLength=4, accuracy=0.5, maxQueryFrequency=0.01}
2024-02-17 11:39:25.344 INFO  (qtp515273883-27-localhost-7) [c:techproducts s:shard2 r:core_node3 x:techproducts_shard2_replica_n1 t:localhost-7] o.a.s.h.ReplicationHandler Commits will be reserved for 10000 ms
2024-02-17 11:39:25.344 INFO  (qtp515273883-20-localhost-7) [c:techproducts s:shard1 r:core_node7 x:techproducts_shard1_replica_n4 t:localhost-7] o.a.s.h.ReplicationHandler Commits will be reserved for 10000 ms
2024-02-17 11:39:25.346 INFO  (searcherExecutor-22-thread-1-processing-techproducts_shard1_replica_n4 localhost-7 core_node7 localhost:7574_solr techproducts shard1) [c:techproducts s:shard1 r:core_node7 x:techproducts_shard1_replica_n4 t:localhost-7] o.a.s.c.QuerySenderListener QuerySenderListener done.
2024-02-17 11:39:25.346 INFO  (searcherExecutor-21-thread-1-processing-techproducts_shard2_replica_n1 localhost-7 core_node3 localhost:7574_solr techproducts shard2) [c:techproducts s:shard2 r:core_node3 x:techproducts_shard2_replica_n1 t:localhost-7] o.a.s.c.QuerySenderListener QuerySenderListener done.
2024-02-17 11:39:25.346 INFO  (searcherExecutor-22-thread-1-processing-techproducts_shard1_replica_n4 localhost-7 core_node7 localhost:7574_solr techproducts shard1) [c:techproducts s:shard1 r:core_node7 x:techproducts_shard1_replica_n4 t:localhost-7] o.a.s.h.c.SpellCheckComponent Loading spell index for spellchecker: default
2024-02-17 11:39:25.346 INFO  (searcherExecutor-21-thread-1-processing-techproducts_shard2_replica_n1 localhost-7 core_node3 localhost:7574_solr techproducts shard2) [c:techproducts s:shard2 r:core_node3 x:techproducts_shard2_replica_n1 t:localhost-7] o.a.s.h.c.SpellCheckComponent Loading spell index for spellchecker: default
2024-02-17 11:39:25.349 INFO  (searcherExecutor-22-thread-1-processing-techproducts_shard1_replica_n4 localhost-7 core_node7 localhost:7574_solr techproducts shard1) [c:techproducts s:shard1 r:core_node7 x:techproducts_shard1_replica_n4 t:localhost-7] o.a.s.c.SolrCore Registered new searcher autowarm time: 0 ms
2024-02-17 11:39:25.349 INFO  (searcherExecutor-21-thread-1-processing-techproducts_shard2_replica_n1 localhost-7 core_node3 localhost:7574_solr techproducts shard2) [c:techproducts s:shard2 r:core_node3 x:techproducts_shard2_replica_n1 t:localhost-7] o.a.s.c.SolrCore Registered new searcher autowarm time: 0 ms
2024-02-17 11:39:25.363 INFO  (qtp515273883-20-localhost-7) [c:techproducts s:shard1 r:core_node7 x:techproducts_shard1_replica_n4 t:localhost-7] o.a.s.c.ZkShardTerms Successful update of terms at /collections/techproducts/terms/shard1 to Terms{values={core_node7=0, core_node8=0}, version=1} for registerTerm
2024-02-17 11:39:25.364 INFO  (qtp515273883-20-localhost-7) [c:techproducts s:shard1 r:core_node7 x:techproducts_shard1_replica_n4 t:localhost-7] o.a.s.c.ShardLeaderElectionContextBase make sure parent is created /collections/techproducts/leaders/shard1
2024-02-17 11:39:25.376 INFO  (qtp515273883-27-localhost-7) [c:techproducts s:shard2 r:core_node3 x:techproducts_shard2_replica_n1 t:localhost-7] o.a.s.c.ZkShardTerms Successful update of terms at /collections/techproducts/terms/shard2 to Terms{values={core_node3=0, core_node5=0}, version=1} for registerTerm
2024-02-17 11:39:25.376 INFO  (qtp515273883-27-localhost-7) [c:techproducts s:shard2 r:core_node3 x:techproducts_shard2_replica_n1 t:localhost-7] o.a.s.c.ShardLeaderElectionContextBase make sure parent is created /collections/techproducts/leaders/shard2
2024-02-17 11:39:25.847 INFO  (qtp515273883-57-localhost-7) [c:techproducts s:shard1 r:core_node7 x:techproducts_shard1_replica_n4 t:localhost-7] o.a.s.c.S.Request webapp=/solr path=/get params={distrib=false&qt=/get&fingerprint=false&getVersions=100&wt=javabin&version=2} status=0 QTime=2
2024-02-17 11:39:25.847 INFO  (qtp515273883-19-localhost-7) [c:techproducts s:shard2 r:core_node3 x:techproducts_shard2_replica_n1 t:localhost-7] o.a.s.c.S.Request webapp=/solr path=/get params={distrib=false&qt=/get&fingerprint=false&getVersions=100&wt=javabin&version=2} status=0 QTime=2
2024-02-17 11:39:26.401 INFO  (qtp515273883-20-localhost-7) [c: s: r: x: t:localhost-7] o.a.s.s.HttpSolrCall [admin] webapp=null path=/admin/cores params={qt=/admin/cores&coreNodeName=core_node7&collection.configName=techproducts&newCollection=true&name=techproducts_shard1_replica_n4&action=CREATE&numShards=2&collection=techproducts&shard=shard1&wt=javabin&version=2&replicaType=NRT} status=0 QTime=1672
2024-02-17 11:39:26.403 INFO  (qtp515273883-27-localhost-7) [c: s: r: x: t:localhost-7] o.a.s.s.HttpSolrCall [admin] webapp=null path=/admin/cores params={qt=/admin/cores&coreNodeName=core_node3&collection.configName=techproducts&newCollection=true&name=techproducts_shard2_replica_n1&action=CREATE&numShards=2&collection=techproducts&shard=shard2&wt=javabin&version=2&replicaType=NRT} status=0 QTime=1675
2024-02-17 11:39:26.415 INFO  (qtp515273883-26-localhost-3) [c:techproducts s: r: x: t:localhost-3] o.a.s.h.a.CollectionsHandler Wait for new collection to be active for at most 45 seconds. Check all shard replicas
2024-02-17 11:39:26.509 INFO  (zkCallback-11-thread-1) [c: s: r: x: t:] o.a.s.c.c.ZkStateReader A cluster state change: [WatchedEvent state:SyncConnected type:NodeDataChanged path:/collections/techproducts/state.json zxid: 243] for collection [techproducts] has occurred - updating... (live nodes size: [2])
2024-02-17 11:39:26.515 INFO  (qtp515273883-26-localhost-3) [c:techproducts s: r: x: t:localhost-3] o.a.s.s.HttpSolrCall [admin] webapp=null path=/admin/collections params={collection.configName=techproducts&name=techproducts&nrtReplicas=2&action=CREATE&numShards=2&wt=javabin&version=2} status=0 QTime=2123
